2017-11-28 21:37:22.317877: I tensorflow/core/platform/cpu_feature_guard.cc:137] Your CPU supports instructions that this TensorFlow binary was not compiled to use: SSE4.1 SSE4.2 AVX AVX2 FMA
2017-11-28 21:37:22.494267: I tensorflow/core/common_runtime/gpu/gpu_device.cc:1030] Found device 0 with properties: 
name: Tesla K40d major: 3 minor: 7 memoryClockRate(GHz): 0.915
pciBusID: 0000:81:00.0
totalMemory: 11.17GiB freeMemory: 11.10GiB
2017-11-28 21:37:22.494302: I tensorflow/core/common_runtime/gpu/gpu_device.cc:1120] Creating TensorFlow device (/device:GPU:0) -> (device: 0, name: Tesla K40d, pci bus id: 0000:81:00.0, compute capability: 3.7)

*****************************************************
Dataset: 100-diff10-php-strict-no-parenthesis
Num hidden: 256, Steps: 50000, Display step: 200
*****************************************************


Input size: 100x4486
1	1,0647	0,493
200	0,7566	0,562
400	0,7507	0,576
600	0,7340	0,604
800	0,7780	0,558
1000	0,7338	0,585
1200	0,7477	0,585
1400	0,7843	0,582
1600	0,7717	0,557
1800	0,7802	0,580
2000	0,8144	0,565
2200	0,7512	0,561
2400	0,7888	0,576
2600	0,8392	0,576
2800	0,7749	0,570
3000	0,8898	0,576
3200	0,9871	0,536
3400	0,8484	0,568
3600	0,8158	0,570
3800	1,2846	0,545
4000	1,0871	0,552
4200	0,8085	0,564
4400	0,7780	0,588
4600	0,8208	0,574
4800	0,8462	0,574
5000	0,9051	0,586
5200	0,9646	0,567
5400	1,0803	0,554
5600	1,0970	0,558
5800	1,2511	0,555
6000	0,8614	0,565
6200	0,8798	0,583
6400	0,8730	0,574
6600	0,9058	0,573
6800	0,9101	0,579
7000	0,9060	0,573
7200	0,9216	0,588
7400	0,9462	0,577
7600	1,0218	0,571
7800	1,0092	0,552
8000	1,2986	0,562
8200	1,1192	0,568
8400	0,9915	0,558
8600	1,0104	0,560
8800	1,0104	0,583
9000	1,0057	0,567
9200	0,9989	0,579
9400	1,0472	0,561
9600	1,0500	0,571
9800	1,0513	0,562
10000	1,1273	0,586
10200	1,0909	0,564
10400	1,1241	0,583
10600	1,1246	0,552
10800	1,0823	0,561
11000	1,1227	0,562
11200	1,4641	0,573
11400	1,1986	0,558
11600	1,2601	0,554
11800	1,1833	0,567
12000	1,1443	0,565
12200	1,1956	0,560
12400	1,2540	0,567
12600	1,2837	0,555
12800	1,1782	0,567
13000	1,2049	0,573
13200	1,2223	0,552
13400	1,2889	0,543
13600	1,2063	0,565
13800	1,2982	0,573
14000	1,2667	0,545
14200	1,3467	0,571
14400	1,3270	0,570
14600	1,2665	0,545
14800	1,3840	0,548
15000	1,2755	0,557
15200	1,3813	0,567
15400	1,2781	0,543
15600	1,2914	0,571
15800	1,2912	0,543
16000	1,4345	0,561
16200	1,3316	0,548
16400	1,3599	0,558
16600	1,3825	0,539
16800	1,6137	0,552
17000	1,3292	0,557
17200	1,3645	0,562
17400	1,4194	0,549
17600	1,3279	0,548
17800	1,5816	0,571
18000	1,5740	0,554
18200	1,5357	0,565
18400	1,3506	0,565
18600	1,3845	0,555
18800	1,3936	0,545
19000	1,3550	0,539
19200	1,3388	0,555
19400	1,3685	0,562
19600	1,5457	0,565
19800	1,5459	0,558
20000	1,3866	0,568
20200	1,4494	0,546
20400	1,5287	0,571
20600	1,3766	0,568
20800	1,3420	0,564
21000	1,3473	0,573
21200	1,3706	0,561
21400	1,3518	0,565
21600	1,3920	0,564
21800	1,3715	0,548
22000	1,3748	0,546
22200	1,3729	0,567
22400	1,4270	0,568
22600	1,3850	0,536
22800	1,4530	0,537
23000	1,5541	0,567
23200	1,4211	0,554
23400	1,4058	0,564
23600	1,3730	0,565
23800	1,4693	0,551
24000	1,4386	0,583
24200	1,4660	0,555
24400	1,4964	0,557
24600	1,4429	0,549
24800	1,5350	0,554
25000	1,4958	0,549
25200	1,4766	0,542
25400	1,4366	0,551
25600	1,4159	0,551
25800	1,3840	0,540
26000	1,4625	0,567
26200	1,4529	0,567
26400	1,4728	0,564
26600	1,3994	0,546
26800	1,5104	0,551
27000	1,4518	0,558
27200	1,4506	0,565
27400	1,4516	0,567
27600	1,4632	0,564
27800	1,4732	0,564
28000	1,4108	0,558
28200	1,4390	0,549
28400	1,5739	0,564
28600	1,4943	0,551
28800	1,4787	0,568
29000	1,4864	0,549
29200	1,5986	0,561
29400	1,4275	0,562
29600	1,5149	0,558
29800	1,6024	0,557
30000	1,4590	0,558
30200	1,6835	0,562
30400	1,4822	0,577
30600	1,4916	0,545
30800	1,4641	0,555
31000	1,4570	0,548
31200	1,4529	0,551
31400	1,5058	0,546
31600	1,5103	0,551
31800	1,5307	0,588
32000	1,5188	0,570
32200	1,5627	0,546
32400	1,5317	0,557
32600	1,4644	0,567
32800	1,7079	0,539
33000	1,4838	0,539
33200	1,5947	0,560
33400	1,6340	0,549
33600	1,5267	0,573
33800	1,5541	0,554
34000	1,6155	0,567
34200	1,6222	0,549
34400	1,4335	0,551
34600	1,6192	0,548
34800	1,5694	0,576
35000	1,5636	0,577
35200	1,5577	0,542
35400	1,6317	0,557
35600	1,5255	0,543
35800	1,5981	0,543
36000	1,5365	0,560
36200	1,4976	0,539
36400	1,5877	0,551
36600	1,4802	0,546
36800	1,4995	0,552
37000	1,5905	0,536
37200	1,5942	0,552
37400	1,5530	0,552
37600	1,5224	0,548
37800	1,5794	0,555
38000	1,6491	0,548
38200	1,7840	0,562
38400	1,5869	0,542
38600	1,5116	0,552
38800	1,6453	0,562
39000	1,5048	0,558
39200	1,5023	0,542
39400	1,5919	0,549
39600	1,6250	0,582
39800	1,5053	0,560
40000	1,7866	0,568
40200	1,5401	0,562
40400	1,6368	0,554
40600	1,6295	0,558
40800	1,6218	0,565
41000	1,5552	0,557
41200	1,5880	0,570
41400	1,6229	0,564
41600	1,5611	0,560
41800	1,6230	0,565
42000	1,5242	0,561
42200	1,5638	0,560
42400	1,7340	0,573
42600	1,5741	0,576
42800	1,5733	0,546
43000	1,7010	0,549
43200	1,5968	0,565
43400	1,5715	0,560
43600	1,5477	0,562
43800	1,5703	0,552
44000	1,5328	0,549
44200	1,5862	0,557
44400	1,5829	0,548
44600	1,6733	0,542
44800	1,5824	0,567
45000	1,5712	0,560
45200	1,5222	0,554
45400	1,6429	0,554
45600	1,5231	0,555
45800	1,5016	0,583
46000	1,8854	0,562
46200	1,7772	0,552
46400	1,5433	0,571
46600	1,5827	0,557
46800	1,6330	0,567
47000	1,5919	0,562
47200	1,8247	0,548
47400	1,5439	0,571
47600	1,6037	0,548
47800	1,5707	0,567
48000	1,6574	0,567
48200	1,6146	0,565
48400	1,6958	0,549
48600	1,6434	0,540
48800	1,5004	0,545
49000	1,7096	0,565
49200	1,6736	0,546
49400	1,5840	0,562
49600	1,6230	0,574
49800	1,5423	0,560
50000	1,5212	0,571
/net/people/plgfracz/quality/venv/lib/python3.6/importlib/_bootstrap.py:205: RuntimeWarning: compiletime version 3.5 of module 'tensorflow.python.framework.fast_tensor_util' does not match runtime version 3.6
  return f(*args, **kwds)
Optimization Finished!
