2017-11-28 21:35:14.194683: I tensorflow/core/platform/cpu_feature_guard.cc:137] Your CPU supports instructions that this TensorFlow binary was not compiled to use: SSE4.1 SSE4.2 AVX AVX2 FMA
2017-11-28 21:35:14.382300: I tensorflow/core/common_runtime/gpu/gpu_device.cc:1030] Found device 0 with properties: 
name: Tesla K40d major: 3 minor: 7 memoryClockRate(GHz): 0.915
pciBusID: 0000:81:00.0
totalMemory: 11.17GiB freeMemory: 11.10GiB
2017-11-28 21:35:14.382336: I tensorflow/core/common_runtime/gpu/gpu_device.cc:1120] Creating TensorFlow device (/device:GPU:0) -> (device: 0, name: Tesla K40d, pci bus id: 0000:81:00.0, compute capability: 3.7)

*****************************************************
Dataset: 100-diff10-java-strict-no-parenthesis
Num hidden: 256, Steps: 50000, Display step: 200
*****************************************************


Dataset read success! Size: 100x20778
1	1,0502	0,496
200	0,7080	0,535
400	0,7068	0,545
600	0,7071	0,552
800	0,7080	0,551
1000	0,7293	0,539
1200	0,7091	0,542
1400	0,8018	0,525
1600	0,7145	0,548
1800	0,7269	0,545
2000	0,6971	0,545
2200	0,6889	0,557
2400	0,6967	0,547
2600	0,6903	0,562
2800	0,6952	0,564
3000	0,7017	0,553
3200	0,7010	0,554
3400	0,7027	0,551
3600	0,7010	0,547
3800	0,6980	0,557
4000	0,7028	0,553
4200	0,7427	0,546
4400	0,6989	0,557
4600	0,7568	0,562
4800	0,7078	0,547
5000	0,7217	0,563
5200	0,7066	0,562
5400	0,7100	0,564
5600	0,7087	0,553
5800	0,7131	0,561
6000	0,7345	0,558
6200	0,7110	0,567
6400	0,7326	0,559
6600	0,7275	0,566
6800	0,7331	0,551
7000	0,7315	0,557
7200	0,7391	0,565
7400	0,7371	0,566
7600	0,7295	0,564
7800	0,7450	0,554
8000	0,7372	0,556
8200	0,7375	0,566
8400	0,7377	0,567
8600	0,7540	0,559
8800	0,7563	0,568
9000	0,7899	0,570
9200	0,7569	0,559
9400	0,8014	0,566
9600	0,7695	0,570
9800	0,7848	0,568
10000	0,8112	0,565
10200	0,7833	0,564
10400	0,8723	0,566
10600	0,8048	0,563
10800	0,8206	0,569
11000	0,8794	0,563
11200	0,8368	0,559
11400	0,8139	0,563
11600	0,8322	0,572
11800	0,8953	0,559
12000	0,8423	0,572
12200	0,8511	0,577
12400	0,8639	0,565
12600	0,8427	0,569
12800	0,8520	0,567
13000	0,8588	0,570
13200	0,9226	0,565
13400	0,8783	0,576
13600	0,9252	0,561
13800	0,8916	0,557
14000	0,9203	0,569
14200	0,9135	0,575
14400	0,9161	0,568
14600	0,9424	0,571
14800	0,9411	0,573
15000	1,0146	0,558
15200	0,9470	0,559
15400	1,0212	0,567
15600	1,0060	0,571
15800	0,9630	0,563
16000	1,1041	0,574
16200	0,9828	0,567
16400	1,1882	0,564
16600	0,9966	0,578
16800	1,3315	0,559
17000	1,0305	0,577
17200	1,1704	0,563
17400	1,0440	0,572
17600	0,9977	0,577
17800	1,0489	0,577
18000	1,1773	0,565
18200	1,0497	0,572
18400	1,1571	0,572
18600	1,3221	0,557
18800	1,0858	0,576
19000	1,1118	0,570
19200	1,0932	0,567
19400	1,2117	0,565
19600	1,1054	0,576
19800	1,1548	0,573
20000	1,3439	0,568
20200	1,1427	0,568
20400	1,1269	0,575
20600	1,1111	0,573
20800	1,1456	0,569
21000	1,1501	0,570
21200	1,1065	0,583
21400	1,1605	0,577
21600	1,2202	0,564
21800	1,1739	0,584
22000	1,1970	0,571
22200	1,2174	0,566
22400	1,2633	0,567
22600	1,1795	0,575
22800	1,3238	0,568
23000	1,2716	0,568
23200	1,2719	0,553
23400	1,2038	0,577
23600	1,2465	0,580
23800	1,2800	0,565
24000	1,2525	0,579
24200	1,2452	0,571
24400	1,2553	0,562
24600	1,2978	0,572
24800	1,3061	0,571
25000	1,2683	0,565
25200	1,2876	0,571
25400	1,2745	0,576
25600	1,3982	0,578
25800	1,3433	0,577
26000	1,4918	0,568
26200	1,4347	0,571
26400	1,2496	0,587
26600	1,3203	0,568
26800	1,3233	0,575
27000	1,2715	0,585
27200	1,2767	0,586
27400	1,3833	0,569
27600	1,5522	0,573
27800	1,2991	0,579
28000	1,2573	0,581
28200	1,4097	0,580
28400	1,2686	0,581
28600	1,2783	0,574
28800	1,3188	0,577
29000	1,3753	0,580
29200	1,2880	0,587
29400	1,3373	0,580
29600	1,3360	0,574
29800	1,3480	0,597
30000	1,3416	0,583
30200	1,3750	0,582
30400	1,3462	0,589
30600	1,3313	0,582
30800	1,3142	0,585
31000	1,3433	0,579
31200	1,3691	0,581
31400	1,3383	0,581
31600	1,3278	0,591
31800	1,4630	0,576
32000	1,3667	0,585
32200	1,3454	0,588
32400	1,3688	0,581
32600	1,4200	0,571
32800	1,5035	0,577
33000	1,3533	0,591
33200	1,4676	0,573
33400	1,4089	0,591
33600	1,3999	0,579
33800	1,4542	0,593
34000	1,4442	0,572
34200	1,4463	0,579
34400	1,3734	0,591
34600	1,4555	0,570
34800	1,4335	0,576
35000	1,4055	0,580
35200	1,3582	0,581
35400	1,5038	0,575
35600	1,4316	0,586
35800	1,3917	0,580
36000	1,5150	0,576
36200	1,4889	0,571
36400	1,4499	0,584
36600	1,3884	0,575
36800	1,4953	0,574
37000	1,4530	0,574
37200	1,4150	0,581
37400	1,4643	0,580
37600	1,5617	0,574
37800	1,4659	0,581
38000	1,4539	0,573
38200	1,4924	0,571
38400	1,5047	0,583
38600	1,4564	0,582
38800	1,4888	0,575
39000	1,5403	0,581
39200	1,5044	0,574
39400	1,5183	0,571
39600	1,5502	0,569
39800	1,5263	0,581
40000	1,4867	0,578
40200	1,5185	0,573
40400	1,5583	0,573
40600	1,5676	0,571
40800	1,5015	0,572
41000	1,5395	0,576
41200	1,5679	0,587
41400	1,5476	0,576
41600	1,5563	0,576
41800	1,5795	0,570
42000	1,5804	0,570
42200	1,4670	0,585
42400	1,5581	0,578
42600	1,5954	0,570
42800	1,5511	0,579
43000	1,4785	0,582
43200	1,6233	0,569
43400	1,5895	0,576
43600	1,4685	0,584
43800	1,5346	0,582
44000	1,6031	0,579
44200	1,5522	0,580
44400	1,5319	0,581
44600	1,6054	0,578
44800	1,6380	0,575
45000	1,5021	0,582
45200	1,5386	0,573
45400	1,5911	0,573
45600	1,6788	0,572
45800	1,5604	0,580
46000	1,5794	0,574
46200	1,6464	0,570
46400	1,5646	0,581
46600	1,5840	0,575
46800	1,6196	0,578
47000	1,6499	0,573
47200	1,5859	0,580
47400	1,6455	0,579
47600	1,7204	0,571
47800	1,6101	0,565
48000	1,5701	0,585
48200	1,6443	0,569
48400	1,6516	0,574
48600	1,5867	0,574
48800	1,5864	0,575
49000	1,6339	0,565
49200	1,5979	0,573
49400	1,5958	0,580
49600	1,6114	0,570
49800	1,7023	0,564
50000	1,5826	0,566
/net/people/plgfracz/quality/venv/lib/python3.6/importlib/_bootstrap.py:205: RuntimeWarning: compiletime version 3.5 of module 'tensorflow.python.framework.fast_tensor_util' does not match runtime version 3.6
  return f(*args, **kwds)
Optimization Finished!
Testing Accuracy: 0.565789
