2017-11-28 21:36:46.177012: I tensorflow/core/platform/cpu_feature_guard.cc:137] Your CPU supports instructions that this TensorFlow binary was not compiled to use: SSE4.1 SSE4.2 AVX AVX2 FMA
2017-11-28 21:36:46.365329: I tensorflow/core/common_runtime/gpu/gpu_device.cc:1030] Found device 0 with properties: 
name: Tesla K40d major: 3 minor: 7 memoryClockRate(GHz): 0.915
pciBusID: 0000:85:00.0
totalMemory: 11.17GiB freeMemory: 11.10GiB
2017-11-28 21:36:46.365363: I tensorflow/core/common_runtime/gpu/gpu_device.cc:1120] Creating TensorFlow device (/device:GPU:0) -> (device: 0, name: Tesla K40d, pci bus id: 0000:85:00.0, compute capability: 3.7)

*****************************************************
Dataset: 100-diff10to50-php-strict
Num hidden: 256, Steps: 50000, Display step: 200
*****************************************************


Input size: 100x2669
1	1,0496	0,458
200	0,7307	0,533
400	0,7483	0,530
600	0,7876	0,525
800	0,6972	0,565
1000	0,7128	0,572
1200	0,6895	0,572
1400	0,7421	0,567
1600	0,7022	0,570
1800	0,7131	0,582
2000	0,9327	0,520
2200	0,7037	0,562
2400	0,7827	0,575
2600	0,7308	0,565
2800	0,7117	0,587
3000	0,7026	0,598
3200	0,8267	0,533
3400	0,7286	0,567
3600	0,8538	0,562
3800	0,7552	0,587
4000	0,8414	0,575
4200	0,9122	0,553
4400	2,1503	0,502
4600	0,8603	0,585
4800	0,7514	0,560
5000	0,7661	0,572
5200	0,7953	0,582
5400	0,8056	0,558
5600	0,8058	0,620
5800	0,8704	0,587
6000	0,8624	0,620
6200	1,0824	0,567
6400	1,3018	0,533
6600	1,1942	0,570
6800	0,9120	0,582
7000	0,9252	0,553
7200	0,9565	0,570
7400	0,9835	0,590
7600	1,1734	0,558
7800	1,6527	0,545
8000	1,4910	0,545
8200	1,5601	0,538
8400	2,3036	0,502
8600	1,8291	0,543
8800	2,9927	0,505
9000	1,1334	0,598
9200	1,1206	0,553
9400	1,1152	0,570
9600	1,1408	0,560
9800	1,1416	0,562
10000	1,1640	0,560
10200	1,1977	0,553
10400	1,1769	0,555
10600	1,1809	0,550
10800	1,2204	0,543
11000	1,2464	0,558
11200	1,2292	0,585
11400	1,2474	0,575
11600	1,2612	0,540
11800	1,1923	0,567
12000	1,2930	0,562
12200	1,2381	0,572
12400	1,2869	0,565
12600	1,2852	0,577
12800	1,2929	0,577
13000	1,2947	0,560
13200	1,3145	0,533
13400	1,3815	0,555
13600	1,4479	0,533
13800	1,2898	0,562
14000	1,3172	0,580
14200	1,4974	0,562
14400	1,3924	0,533
14600	1,4069	0,572
14800	1,2519	0,598
15000	1,3616	0,577
15200	1,3856	0,560
15400	1,4308	0,548
15600	1,3587	0,543
15800	1,3290	0,565
16000	1,3634	0,572
16200	1,3841	0,555
16400	1,3992	0,572
16600	1,4273	0,577
16800	1,5540	0,525
17000	1,4943	0,543
17200	1,5129	0,567
17400	1,5052	0,543
17600	1,4608	0,562
17800	1,7725	0,538
18000	1,3799	0,562
18200	1,4715	0,555
18400	1,4073	0,555
18600	1,3904	0,550
18800	1,4350	0,555
19000	1,8371	0,530
19200	1,4850	0,558
19400	1,4371	0,555
19600	1,4436	0,575
19800	1,5889	0,562
20000	1,5135	0,538
20200	1,4792	0,562
20400	1,5751	0,582
20600	1,4892	0,555
20800	1,5491	0,553
21000	1,5502	0,533
21200	1,4874	0,577
21400	1,9887	0,522
21600	1,5497	0,550
21800	1,5102	0,567
22000	1,4848	0,562
22200	1,7493	0,545
22400	1,5432	0,555
22600	1,5119	0,577
22800	1,5414	0,555
23000	1,5470	0,560
23200	1,7355	0,530
23400	1,5470	0,558
23600	1,6064	0,553
23800	1,4719	0,558
24000	1,7222	0,558
24200	1,5381	0,510
24400	1,4948	0,565
24600	1,5087	0,550
24800	1,5010	0,543
25000	1,4777	0,565
25200	1,5123	0,545
25400	2,0194	0,530
25600	1,4967	0,550
25800	1,7912	0,538
26000	1,5713	0,555
26200	1,5210	0,567
26400	1,5933	0,562
26600	1,7206	0,567
26800	1,5060	0,572
27000	1,5435	0,572
27200	1,4910	0,575
27400	1,5275	0,565
27600	1,6557	0,525
27800	1,5990	0,553
28000	1,6467	0,533
28200	1,5609	0,560
28400	1,6395	0,538
28600	1,5950	0,543
28800	1,6923	0,538
29000	1,5823	0,553
29200	1,5714	0,543
29400	1,9028	0,550
29600	1,5780	0,543
29800	1,5506	0,558
30000	1,5360	0,535
30200	1,6123	0,543
30400	1,5847	0,538
30600	1,4998	0,543
30800	2,0793	0,522
31000	1,7481	0,545
31200	1,5119	0,533
31400	1,6015	0,540
31600	1,5028	0,570
31800	1,6046	0,540
32000	1,5931	0,548
32200	1,7538	0,535
32400	1,4946	0,540
32600	1,6698	0,555
32800	1,5637	0,548
33000	1,6766	0,530
33200	1,6282	0,540
33400	1,5731	0,572
33600	1,5768	0,558
33800	1,5527	0,555
34000	1,7185	0,558
34200	1,6199	0,530
34400	1,5616	0,562
34600	1,6951	0,550
34800	1,7110	0,512
35000	1,6372	0,572
35200	1,6410	0,527
35400	1,5387	0,565
35600	1,6817	0,550
35800	1,6960	0,560
36000	1,6157	0,550
36200	1,5451	0,572
36400	1,5248	0,558
36600	1,7881	0,575
36800	1,6664	0,548
37000	1,6605	0,545
37200	1,6803	0,530
37400	1,6022	0,525
37600	1,6046	0,543
37800	1,6819	0,540
38000	1,8307	0,533
38200	1,6525	0,533
38400	2,1172	0,510
38600	1,5444	0,555
38800	1,8147	0,535
39000	1,5938	0,535
39200	1,6719	0,527
39400	1,6212	0,582
39600	1,7172	0,530
39800	1,6672	0,543
40000	1,5961	0,548
40200	1,6280	0,553
40400	1,5975	0,540
40600	1,6086	0,560
40800	1,8806	0,535
41000	1,5319	0,548
41200	2,1449	0,535
41400	1,5989	0,565
41600	1,5343	0,560
41800	1,6565	0,533
42000	2,0740	0,535
42200	1,6534	0,567
42400	1,6428	0,540
42600	1,5710	0,553
42800	1,6228	0,580
43000	1,6904	0,562
43200	1,5814	0,550
43400	2,0560	0,555
43600	1,6463	0,540
43800	1,6372	0,558
44000	1,6243	0,538
44200	1,6201	0,533
44400	1,6459	0,525
44600	1,8203	0,517
44800	1,8044	0,530
45000	1,7106	0,548
45200	2,1815	0,520
45400	1,5568	0,558
45600	1,6416	0,543
45800	1,6544	0,567
46000	1,7878	0,515
46200	1,5991	0,560
46400	1,8240	0,562
46600	1,6400	0,567
46800	1,6006	0,548
47000	1,6294	0,530
47200	1,6858	0,522
47400	1,7340	0,545
47600	1,7767	0,553
47800	1,7093	0,535
48000	1,7476	0,543
48200	1,8990	0,527
48400	1,7317	0,522
48600	1,7011	0,512
48800	1,8038	0,527
49000	1,8414	0,527
49200	1,6881	0,553
49400	1,6247	0,540
49600	1,9826	0,512
49800	1,6725	0,507
50000	1,8489	0,558
/net/people/plgfracz/quality/venv/lib/python3.6/importlib/_bootstrap.py:205: RuntimeWarning: compiletime version 3.5 of module 'tensorflow.python.framework.fast_tensor_util' does not match runtime version 3.6
  return f(*args, **kwds)
Optimization Finished!
