2017-11-28 21:36:46.986378: I tensorflow/core/platform/cpu_feature_guard.cc:137] Your CPU supports instructions that this TensorFlow binary was not compiled to use: SSE4.1 SSE4.2 AVX AVX2 FMA
2017-11-28 21:36:47.161615: I tensorflow/core/common_runtime/gpu/gpu_device.cc:1030] Found device 0 with properties: 
name: Tesla K40d major: 3 minor: 7 memoryClockRate(GHz): 0.915
pciBusID: 0000:81:00.0
totalMemory: 11.17GiB freeMemory: 11.10GiB
2017-11-28 21:36:47.161649: I tensorflow/core/common_runtime/gpu/gpu_device.cc:1120] Creating TensorFlow device (/device:GPU:0) -> (device: 0, name: Tesla K40d, pci bus id: 0000:81:00.0, compute capability: 3.7)

*****************************************************
Dataset: 100-diff10-php-strict
Num hidden: 256, Steps: 50000, Display step: 200
*****************************************************


Input size: 100x2926
1	1,3764	0,498
200	0,7156	0,575
400	0,6806	0,587
600	0,6804	0,555
800	0,7064	0,568
1000	0,7214	0,568
1200	0,7065	0,578
1400	0,7217	0,578
1600	0,6928	0,605
1800	0,7514	0,559
2000	0,6684	0,598
2200	0,6876	0,587
2400	0,7040	0,596
2600	0,6958	0,591
2800	0,7722	0,571
3000	0,7088	0,584
3200	0,7111	0,566
3400	0,7644	0,582
3600	0,7812	0,546
3800	0,8295	0,591
4000	0,7669	0,573
4200	0,8541	0,575
4400	0,8346	0,571
4600	0,8626	0,562
4800	0,8756	0,564
5000	1,1138	0,548
5200	1,6127	0,553
5400	0,8052	0,584
5600	0,8540	0,580
5800	0,8872	0,566
6000	0,8765	0,548
6200	0,8855	0,578
6400	0,9131	0,548
6600	0,9913	0,537
6800	0,9063	0,614
7000	0,9835	0,566
7200	1,2397	0,564
7400	1,3815	0,571
7600	1,0540	0,546
7800	1,1020	0,564
8000	1,2321	0,539
8200	1,0985	0,562
8400	1,5274	0,539
8600	1,2554	0,546
8800	1,4744	0,548
9000	1,5663	0,548
9200	1,2070	0,559
9400	1,2426	0,541
9600	1,3485	0,534
9800	1,1765	0,548
10000	1,1915	0,582
10200	1,1699	0,557
10400	1,2014	0,559
10600	1,2226	0,548
10800	1,1973	0,562
11000	1,2905	0,553
11200	1,2374	0,559
11400	1,2674	0,562
11600	1,2191	0,566
11800	1,3108	0,539
12000	1,2822	0,521
12200	1,2757	0,548
12400	1,3197	0,566
12600	1,3025	0,573
12800	1,3879	0,571
13000	1,3615	0,562
13200	1,2574	0,571
13400	1,3156	0,539
13600	1,3716	0,553
13800	1,4459	0,564
14000	1,4467	0,571
14200	1,3234	0,537
14400	1,3405	0,543
14600	1,2925	0,568
14800	1,2874	0,580
15000	1,3267	0,553
15200	1,4686	0,541
15400	1,4285	0,546
15600	1,4434	0,543
15800	1,4144	0,564
16000	1,3566	0,539
16200	1,3600	0,541
16400	1,4685	0,555
16600	1,5008	0,546
16800	1,4591	0,518
17000	1,6746	0,537
17200	1,3995	0,539
17400	1,4261	0,548
17600	1,4389	0,537
17800	1,6268	0,568
18000	1,5360	0,514
18200	1,4599	0,548
18400	1,5214	0,523
18600	1,4335	0,543
18800	1,4678	0,514
19000	1,4819	0,502
19200	1,5388	0,543
19400	1,5204	0,555
19600	1,5332	0,523
19800	1,5649	0,564
20000	1,4436	0,559
20200	1,5400	0,530
20400	1,4510	0,548
20600	1,4137	0,555
20800	1,4993	0,557
21000	1,5045	0,553
21200	1,6434	0,546
21400	1,5823	0,548
21600	1,5838	0,537
21800	1,5406	0,559
22000	1,5297	0,562
22200	1,5204	0,527
22400	1,4341	0,527
22600	1,6379	0,582
22800	1,4888	0,543
23000	1,5491	0,553
23200	1,6096	0,516
23400	1,5666	0,553
23600	1,5430	0,553
23800	1,6004	0,539
24000	1,5096	0,543
24200	1,6676	0,516
24400	1,5925	0,564
24600	1,6290	0,514
24800	1,6762	0,543
25000	1,6839	0,550
25200	1,6508	0,541
25400	1,6066	0,537
25600	1,6525	0,521
25800	1,6066	0,557
26000	1,6090	0,527
26200	1,5854	0,537
26400	1,6048	0,548
26600	1,6004	0,527
26800	1,6863	0,534
27000	1,7246	0,527
27200	1,6371	0,523
27400	1,6438	0,530
27600	1,6526	0,521
27800	1,7036	0,532
28000	1,7153	0,521
28200	1,6787	0,523
28400	1,6307	0,543
28600	1,5835	0,537
28800	2,0349	0,550
29000	1,7226	0,566
29200	1,6674	0,532
29400	1,6140	0,550
29600	1,7675	0,534
29800	1,6845	0,530
30000	1,5976	0,541
30200	1,6466	0,534
30400	2,0957	0,521
30600	1,5751	0,541
30800	1,7142	0,518
31000	1,6958	0,541
31200	1,5730	0,530
31400	1,6456	0,532
31600	1,6510	0,539
31800	1,6993	0,548
32000	1,9191	0,541
32200	1,7148	0,530
32400	1,6748	0,550
32600	1,7153	0,521
32800	1,6619	0,521
33000	1,6954	0,546
33200	1,6738	0,516
33400	1,6920	0,507
33600	1,7564	0,541
33800	1,8727	0,532
34000	1,6876	0,523
34200	1,7547	0,509
34400	1,7365	0,532
34600	1,6777	0,539
34800	1,7136	0,527
35000	1,6715	0,541
35200	1,7021	0,518
35400	1,8268	0,527
35600	1,7180	0,514
35800	1,6489	0,525
36000	1,7053	0,518
36200	1,6919	0,530
36400	1,7057	0,514
36600	2,0070	0,546
36800	1,7484	0,482
37000	1,8761	0,575
37200	1,7397	0,534
37400	1,7305	0,534
37600	1,6948	0,534
37800	1,7904	0,521
38000	1,7117	0,534
38200	1,6705	0,525
38400	1,8046	0,539
38600	1,9299	0,525
38800	1,7675	0,530
39000	1,7250	0,530
39200	1,6521	0,530
39400	1,6971	0,525
39600	1,7584	0,539
39800	1,7268	0,546
40000	1,7835	0,502
40200	1,7180	0,525
40400	1,8159	0,523
40600	1,6656	0,534
40800	1,6642	0,518
41000	1,7583	0,507
41200	1,8750	0,521
41400	1,6604	0,537
41600	1,7868	0,555
41800	1,6800	0,555
42000	1,7156	0,530
42200	1,6880	0,532
42400	1,7833	0,525
42600	1,7387	0,539
42800	1,7154	0,534
43000	2,1471	0,521
43200	1,7284	0,530
43400	1,7250	0,516
43600	1,6841	0,534
43800	1,6659	0,537
44000	1,7955	0,505
44200	1,6330	0,543
44400	1,6801	0,543
44600	1,9324	0,523
44800	1,7384	0,518
45000	1,7496	0,516
45200	1,7844	0,514
45400	1,7605	0,525
45600	1,7206	0,511
45800	1,6818	0,550
46000	1,7136	0,518
46200	1,7398	0,550
46400	1,8420	0,523
46600	1,6871	0,532
46800	1,6595	0,530
47000	1,7693	0,518
47200	1,7791	0,511
47400	1,7278	0,539
47600	1,6559	0,539
47800	2,1183	0,568
48000	1,8234	0,518
48200	1,7543	0,553
48400	1,6775	0,539
48600	1,7462	0,527
48800	1,6735	0,534
49000	1,7746	0,509
49200	1,7217	0,514
49400	2,0551	0,546
49600	1,7514	0,523
49800	1,8332	0,550
50000	1,8040	0,523
/net/people/plgfracz/quality/venv/lib/python3.6/importlib/_bootstrap.py:205: RuntimeWarning: compiletime version 3.5 of module 'tensorflow.python.framework.fast_tensor_util' does not match runtime version 3.6
  return f(*args, **kwds)
Optimization Finished!
