2017-11-16 22:15:26.743437: I tensorflow/core/platform/cpu_feature_guard.cc:137] Your CPU supports instructions that this TensorFlow binary was not compiled to use: SSE4.1 SSE4.2 AVX AVX2 FMA
2017-11-16 22:15:26.932212: I tensorflow/core/common_runtime/gpu/gpu_device.cc:1030] Found device 0 with properties: 
name: Tesla K40d major: 3 minor: 7 memoryClockRate(GHz): 0.915
pciBusID: 0000:85:00.0
totalMemory: 11.17GiB freeMemory: 11.10GiB
2017-11-16 22:15:26.932248: I tensorflow/core/common_runtime/gpu/gpu_device.cc:1120] Creating TensorFlow device (/device:GPU:0) -> (device: 0, name: Tesla K40d, pci bus id: 0000:85:00.0, compute capability: 3.7)

*****************************************************
Dataset: 200-diff10
Num hidden: 512, Steps: 50000, Display step: 200
*****************************************************


Dataset read success! Size: 200x25608
1	2,9192	0,495
200	0,7262	0,530
400	0,6936	0,536
600	0,6916	0,539
800	0,7236	0,544
1000	0,7063	0,529
1200	0,7633	0,522
1400	0,7007	0,540
1600	0,7252	0,536
1800	0,7455	0,531
2000	0,6997	0,530
2200	0,6997	0,532
2400	0,7153	0,535
2600	0,7893	0,530
2800	0,7163	0,536
3000	0,7260	0,532
3200	0,7081	0,528
3400	0,7202	0,523
3600	0,7211	0,522
3800	0,7119	0,525
4000	0,7182	0,532
4200	0,7147	0,526
4400	0,7272	0,528
4600	0,7257	0,523
4800	0,7286	0,531
5000	0,7865	0,533
5200	0,7796	0,541
5400	0,7317	0,524
5600	0,7382	0,521
5800	0,8391	0,533
6000	0,7546	0,513
6200	0,7744	0,534
6400	0,7948	0,528
6600	0,8724	0,520
6800	0,7561	0,519
7000	0,8650	0,529
7200	0,7992	0,536
7400	0,7962	0,526
7600	0,7911	0,525
7800	0,7910	0,529
8000	0,8433	0,521
8200	0,8049	0,528
8400	0,8925	0,537
8600	0,9427	0,527
8800	0,9489	0,534
9000	0,8987	0,527
9200	0,8559	0,524
9400	0,9358	0,538
9600	0,8768	0,528
9800	0,9278	0,532
10000	0,8196	0,522
10200	0,9078	0,531
10400	0,8362	0,515
10600	0,8522	0,531
10800	0,8756	0,533
11000	1,0204	0,534
11200	0,8835	0,513
11400	0,8776	0,508
11600	0,9368	0,520
11800	1,0120	0,531
12000	0,9109	0,520
12200	0,9058	0,521
12400	0,9250	0,514
12600	0,9565	0,524
12800	0,9284	0,517
13000	1,0284	0,534
13200	0,9453	0,530
13400	1,0131	0,524
13600	1,1039	0,527
13800	1,0249	0,528
14000	1,2674	0,531
14200	1,1817	0,529
14400	1,1847	0,533
14600	1,0136	0,524
14800	1,2635	0,529
15000	1,4579	0,531
15200	1,2984	0,534
15400	1,0754	0,527
15600	1,1359	0,523
15800	1,3058	0,532
16000	1,0639	0,526
16200	1,1703	0,523
16400	1,1630	0,528
16600	1,1302	0,530
16800	1,2475	0,533
17000	1,4627	0,540
17200	1,1402	0,513
17400	1,1697	0,518
17600	1,1990	0,527
17800	1,2250	0,525
18000	1,2088	0,532
18200	1,1912	0,522
18400	1,2289	0,532
18600	1,1705	0,517
18800	1,2124	0,535
19000	1,1718	0,536
19200	1,4238	0,535
19400	1,5412	0,537
19600	1,2233	0,531
19800	1,4652	0,534
20000	1,2543	0,529
20200	1,3335	0,516
20400	1,3729	0,531
20600	1,2571	0,525
20800	1,2646	0,521
21000	1,6458	0,533
21200	1,2952	0,534
21400	1,6766	0,535
21600	1,4067	0,524
21800	1,3623	0,537
22000	1,3578	0,528
22200	1,3417	0,527
22400	1,3180	0,531
22600	2,0642	0,530
22800	1,6131	0,545
23000	1,4748	0,515
23200	1,3634	0,534
23400	1,4625	0,526
23600	1,3648	0,530
23800	1,4427	0,542
24000	1,8183	0,541
24200	1,4038	0,532
24400	1,6676	0,533
24600	1,5392	0,537
24800	1,4355	0,536
25000	1,4574	0,523
25200	2,0690	0,542
25400	1,4187	0,521
25600	1,4080	0,526
25800	1,9160	0,518
26000	1,7472	0,541
26200	1,9061	0,533
26400	1,5876	0,530
26600	1,5885	0,531
26800	1,4698	0,523
27000	1,4605	0,537
27200	1,5337	0,525
27400	1,8043	0,519
27600	1,6376	0,537
27800	2,1074	0,527
28000	1,6474	0,533
28200	1,5620	0,524
28400	1,5425	0,534
28600	1,5623	0,526
28800	1,8049	0,529
29000	1,6410	0,532
29200	1,7214	0,526
29400	1,7432	0,539
29600	1,5896	0,535
29800	1,6000	0,527
30000	1,5756	0,522
30200	1,5673	0,530
30400	1,7011	0,534
30600	1,7015	0,526
30800	1,9902	0,529
31000	2,2066	0,538
31200	1,6587	0,527
31400	1,5943	0,527
31600	1,5695	0,528
31800	1,5637	0,533
32000	1,6652	0,521
32200	1,6376	0,539
32400	1,6410	0,532
32600	1,7690	0,527
32800	1,6625	0,540
33000	1,6601	0,520
33200	1,6387	0,527
33400	1,6138	0,527
33600	1,6737	0,526
33800	1,6386	0,532
34000	1,6782	0,538
34200	1,6516	0,535
34400	1,6483	0,535
34600	1,7709	0,537
34800	1,6937	0,527
35000	1,7045	0,538
35200	1,6723	0,545
35400	1,6837	0,523
35600	1,7940	0,527
35800	1,9945	0,533
36000	1,7044	0,528
36200	1,8346	0,532
36400	1,6986	0,528
36600	1,6914	0,532
36800	1,7050	0,530
37000	1,6636	0,530
37200	1,6833	0,534
37400	1,8490	0,525
37600	1,6792	0,535
37800	1,6987	0,521
38000	1,8338	0,533
38200	1,7088	0,527
38400	1,7261	0,524
38600	1,7508	0,536
38800	1,7298	0,531
39000	1,7971	0,531
39200	1,7176	0,530
39400	1,7880	0,519
39600	1,7593	0,538
39800	1,7872	0,518
40000	1,7290	0,534
40200	1,7348	0,526
40400	1,8913	0,527
40600	1,7352	0,530
40800	1,7784	0,533
41000	1,7300	0,532
41200	2,1068	0,538
41400	1,9696	0,534
41600	1,9293	0,521
41800	1,8381	0,529
42000	1,9331	0,531
42200	1,8192	0,534
42400	1,7054	0,536
42600	1,7526	0,528
42800	1,8320	0,525
43000	1,8086	0,527
43200	1,7495	0,526
43400	1,7508	0,525
43600	1,9007	0,526
43800	1,7991	0,527
44000	1,7860	0,530
44200	1,8029	0,523
44400	1,8165	0,530
44600	1,8399	0,525
44800	1,8092	0,522
45000	1,7770	0,531
45200	1,9900	0,529
45400	1,8528	0,530
45600	1,7821	0,529
45800	1,8968	0,526
46000	1,8106	0,528
46200	2,2089	0,537
46400	1,7998	0,526
46600	1,8409	0,534
46800	1,8057	0,531
47000	1,8236	0,528
47200	1,8896	0,522
47400	1,8430	0,523
47600	1,9086	0,532
47800	1,8924	0,531
48000	1,8222	0,525
48200	1,8656	0,526
48400	1,8473	0,530
48600	1,9622	0,527
48800	1,7623	0,534
49000	1,8251	0,531
49200	1,7522	0,531
49400	1,8364	0,530
49600	1,8522	0,527
49800	1,8214	0,533
50000	1,8367	0,522
/net/people/plgfracz/quality/venv/lib/python3.6/importlib/_bootstrap.py:205: RuntimeWarning: compiletime version 3.5 of module 'tensorflow.python.framework.fast_tensor_util' does not match runtime version 3.6
  return f(*args, **kwds)
Optimization Finished!
Testing Accuracy: 0.52226
