2017-11-21 00:28:28.829191: I tensorflow/core/platform/cpu_feature_guard.cc:137] Your CPU supports instructions that this TensorFlow binary was not compiled to use: SSE4.1 SSE4.2 AVX AVX2 FMA
2017-11-21 00:28:29.014898: I tensorflow/core/common_runtime/gpu/gpu_device.cc:1030] Found device 0 with properties: 
name: Tesla K40d major: 3 minor: 7 memoryClockRate(GHz): 0.915
pciBusID: 0000:81:00.0
totalMemory: 11.17GiB freeMemory: 11.10GiB
2017-11-21 00:28:29.014933: I tensorflow/core/common_runtime/gpu/gpu_device.cc:1120] Creating TensorFlow device (/device:GPU:0) -> (device: 0, name: Tesla K40d, pci bus id: 0000:81:00.0, compute capability: 3.7)

*****************************************************
Dataset: 200-diff10to50-php
Num hidden: 256, Steps: 50000, Display step: 200
*****************************************************


Dataset read success! Size: 200x19890
1	1,2849	0,495
200	0,7180	0,541
400	0,7054	0,530
600	0,7104	0,522
800	0,6997	0,525
1000	0,7200	0,528
1200	0,6979	0,540
1400	0,7470	0,519
1600	0,7132	0,529
1800	0,7007	0,538
2000	0,7254	0,518
2200	0,7602	0,540
2400	0,7130	0,527
2600	0,6955	0,518
2800	0,7045	0,526
3000	0,8074	0,522
3200	0,6981	0,514
3400	0,7084	0,526
3600	0,7072	0,529
3800	0,7024	0,541
4000	0,7045	0,516
4200	0,7025	0,535
4400	0,7168	0,524
4600	0,7055	0,528
4800	0,7084	0,524
5000	0,7159	0,537
5200	0,7308	0,543
5400	0,7093	0,531
5600	0,7235	0,514
5800	0,7512	0,537
6000	0,7293	0,516
6200	0,7256	0,516
6400	0,7239	0,517
6600	0,7267	0,526
6800	0,7344	0,536
7000	0,7229	0,521
7200	0,7318	0,511
7400	0,7316	0,514
7600	0,7318	0,519
7800	0,7454	0,534
8000	0,7365	0,511
8200	0,7515	0,518
8400	0,7518	0,518
8600	0,7977	0,520
8800	0,7551	0,528
9000	0,7572	0,513
9200	0,7818	0,529
9400	0,7549	0,534
9600	0,7673	0,525
9800	0,7849	0,507
10000	0,7651	0,509
10200	0,7668	0,537
10400	0,7845	0,521
10600	0,8048	0,509
10800	0,7855	0,530
11000	0,8234	0,513
11200	0,8468	0,536
11400	0,8433	0,521
11600	0,7972	0,528
11800	0,9160	0,542
12000	0,9776	0,520
12200	0,8407	0,504
12400	0,8411	0,524
12600	0,8331	0,521
12800	0,8712	0,533
13000	0,8586	0,504
13200	0,8494	0,520
13400	0,9670	0,524
13600	0,8707	0,509
13800	0,8877	0,509
14000	0,8783	0,531
14200	0,9661	0,529
14400	0,9684	0,516
14600	0,9096	0,503
14800	0,9026	0,523
15000	0,8900	0,523
15200	0,9339	0,529
15400	0,9543	0,505
15600	0,9224	0,536
15800	0,9948	0,536
16000	0,9951	0,528
16200	0,9630	0,521
16400	1,0824	0,533
16600	0,9719	0,525
16800	1,0973	0,534
17000	0,9721	0,527
17200	1,0545	0,537
17400	1,0374	0,536
17600	1,0082	0,521
17800	0,9909	0,523
18000	1,0243	0,523
18200	1,0905	0,535
18400	1,1419	0,538
18600	1,0032	0,535
18800	1,0504	0,519
19000	1,0696	0,506
19200	1,0655	0,536
19400	1,0652	0,530
19600	1,0509	0,511
19800	1,2640	0,522
20000	1,1915	0,525
20200	1,0520	0,536
20400	1,1015	0,529
20600	1,1134	0,522
20800	1,1042	0,523
21000	1,0765	0,531
21200	1,1700	0,532
21400	1,1714	0,534
21600	1,1870	0,548
21800	1,0883	0,540
22000	1,1732	0,529
22200	1,2401	0,529
22400	1,2887	0,543
22600	1,1473	0,536
22800	1,1894	0,537
23000	1,1953	0,526
23200	1,1671	0,541
23400	1,1396	0,529
23600	1,2691	0,527
23800	1,1498	0,532
24000	1,1625	0,541
24200	1,1736	0,524
24400	1,2889	0,535
24600	1,2019	0,535
24800	1,2846	0,545
25000	1,2756	0,535
25200	1,2533	0,530
25400	1,2385	0,544
25600	1,1969	0,550
25800	1,3466	0,534
26000	1,2751	0,528
26200	1,2064	0,541
26400	1,3098	0,530
26600	1,2867	0,541
26800	1,3303	0,517
27000	1,2827	0,540
27200	1,2388	0,547
27400	1,2511	0,543
27600	1,4037	0,511
27800	1,3457	0,544
28000	1,2675	0,537
28200	1,2786	0,541
28400	1,3521	0,524
28600	1,2833	0,537
28800	1,3635	0,535
29000	1,2962	0,536
29200	1,3609	0,523
29400	1,3165	0,530
29600	1,3062	0,536
29800	1,3785	0,543
30000	1,3409	0,536
30200	1,3670	0,533
30400	1,2935	0,547
30600	1,4815	0,555
30800	1,3693	0,543
31000	1,3369	0,537
31200	1,3250	0,539
31400	1,5354	0,547
31600	1,3632	0,541
31800	1,5183	0,539
32000	1,3240	0,547
32200	1,4460	0,556
32400	1,4077	0,558
32600	1,4929	0,537
32800	1,3534	0,544
33000	1,4969	0,552
33200	1,4397	0,547
33400	1,4611	0,541
33600	1,3889	0,539
33800	1,4046	0,549
34000	1,4387	0,550
34200	1,4088	0,534
34400	1,3957	0,547
34600	1,4236	0,547
34800	1,4452	0,546
35000	1,5088	0,534
35200	1,4120	0,539
35400	1,4865	0,540
35600	1,4316	0,535
35800	1,5338	0,537
36000	1,3865	0,543
36200	1,4695	0,543
36400	1,5082	0,532
36600	1,4770	0,537
36800	1,4668	0,542
37000	1,4213	0,539
37200	1,4843	0,535
37400	1,4976	0,523
37600	1,4862	0,535
37800	1,4384	0,538
38000	1,4531	0,544
38200	1,4846	0,527
38400	1,4794	0,524
38600	1,4859	0,539
38800	1,4700	0,549
39000	1,4919	0,539
39200	1,4704	0,535
39400	1,5477	0,537
39600	1,4972	0,546
39800	1,5248	0,528
40000	1,5309	0,534
40200	1,5249	0,538
40400	1,5111	0,543
40600	1,5397	0,529
40800	1,7312	0,532
41000	1,5478	0,549
41200	1,4861	0,549
41400	1,6079	0,533
41600	1,6578	0,541
41800	1,5021	0,539
42000	1,5296	0,547
42200	1,5890	0,526
42400	1,5509	0,532
42600	1,5058	0,545
42800	1,5280	0,550
43000	1,5817	0,533
43200	1,5216	0,538
43400	1,5365	0,545
43600	1,5724	0,549
43800	1,6150	0,531
44000	1,5469	0,539
44200	1,5409	0,536
44400	1,6118	0,546
44600	1,6136	0,528
44800	1,5577	0,539
45000	1,5671	0,528
45200	1,6539	0,543
45400	1,6233	0,524
45600	1,5714	0,531
45800	1,6100	0,532
46000	1,6480	0,538
46200	1,5972	0,526
46400	1,5908	0,524
46600	1,6115	0,532
46800	1,6122	0,546
47000	1,5789	0,531
47200	1,6085	0,534
47400	1,5926	0,532
47600	1,5874	0,541
47800	1,6038	0,530
48000	1,6427	0,533
48200	1,5946	0,539
48400	1,5508	0,545
48600	1,6412	0,529
48800	1,5922	0,544
49000	1,6449	0,537
49200	1,5934	0,547
49400	1,6845	0,533
49600	1,6549	0,545
49800	1,6516	0,546
50000	1,5978	0,547
/net/people/plgfracz/quality/venv/lib/python3.6/importlib/_bootstrap.py:205: RuntimeWarning: compiletime version 3.5 of module 'tensorflow.python.framework.fast_tensor_util' does not match runtime version 3.6
  return f(*args, **kwds)
Optimization Finished!
Testing Accuracy: 0.5471
