2017-11-21 00:28:35.862945: I tensorflow/core/platform/cpu_feature_guard.cc:137] Your CPU supports instructions that this TensorFlow binary was not compiled to use: SSE4.1 SSE4.2 AVX AVX2 FMA
2017-11-21 00:28:36.062210: I tensorflow/core/common_runtime/gpu/gpu_device.cc:1030] Found device 0 with properties: 
name: Tesla K40d major: 3 minor: 7 memoryClockRate(GHz): 0.915
pciBusID: 0000:81:00.0
totalMemory: 11.17GiB freeMemory: 11.10GiB
2017-11-21 00:28:36.062244: I tensorflow/core/common_runtime/gpu/gpu_device.cc:1120] Creating TensorFlow device (/device:GPU:0) -> (device: 0, name: Tesla K40d, pci bus id: 0000:81:00.0, compute capability: 3.7)

*****************************************************
Dataset: 200-diff10to50-java
Num hidden: 256, Steps: 50000, Display step: 200
*****************************************************


Dataset read success! Size: 200x50850
1	0,8481	0,498
200	0,7498	0,516
400	0,7056	0,528
600	0,7218	0,515
800	0,7061	0,520
1000	0,7201	0,519
1200	0,6968	0,532
1400	0,6948	0,531
1600	0,7019	0,533
1800	0,7025	0,525
2000	0,7016	0,527
2200	0,7320	0,530
2400	0,7130	0,522
2600	0,6954	0,536
2800	0,6891	0,536
3000	0,7066	0,524
3200	0,6918	0,535
3400	0,7127	0,528
3600	0,6922	0,527
3800	0,6960	0,534
4000	0,7380	0,523
4200	0,7214	0,522
4400	0,6896	0,538
4600	0,7515	0,519
4800	0,6930	0,534
5000	0,7026	0,537
5200	0,6951	0,540
5400	0,7069	0,524
5600	0,6930	0,534
5800	0,6962	0,534
6000	0,7052	0,529
6200	0,7009	0,533
6400	0,6932	0,544
6600	0,7354	0,534
6800	0,7352	0,532
7000	0,6916	0,533
7200	0,6972	0,530
7400	0,6999	0,542
7600	0,7395	0,525
7800	0,7286	0,523
8000	0,6998	0,537
8200	0,7086	0,531
8400	0,7085	0,532
8600	0,6976	0,538
8800	0,7026	0,530
9000	0,6976	0,533
9200	0,6974	0,532
9400	0,6960	0,534
9600	0,7153	0,528
9800	0,6953	0,532
10000	0,6975	0,532
10200	0,7180	0,536
10400	0,6997	0,537
10600	0,7021	0,529
10800	0,7566	0,528
11000	0,8216	0,527
11200	0,7040	0,533
11400	0,7022	0,535
11600	0,7024	0,528
11800	0,7009	0,537
12000	0,7240	0,534
12200	0,7051	0,522
12400	0,7024	0,536
12600	0,7182	0,533
12800	0,7215	0,530
13000	0,7172	0,532
13200	0,7229	0,531
13400	0,7296	0,532
13600	0,7064	0,532
13800	0,7060	0,535
14000	0,7069	0,538
14200	0,7411	0,527
14400	0,7208	0,532
14600	0,7235	0,520
14800	0,7080	0,535
15000	0,7211	0,532
15200	0,7315	0,540
15400	0,7077	0,535
15600	0,7176	0,530
15800	0,7214	0,532
16000	0,7174	0,531
16200	0,7175	0,534
16400	0,7450	0,537
16600	0,7169	0,533
16800	0,7254	0,538
17000	0,7227	0,532
17200	0,7187	0,535
17400	0,7255	0,531
17600	0,7199	0,535
17800	0,7140	0,534
18000	0,7264	0,534
18200	0,7239	0,532
18400	0,7835	0,533
18600	0,7214	0,536
18800	0,7260	0,535
19000	0,7256	0,534
19200	0,7414	0,535
19400	0,7271	0,534
19600	0,7391	0,537
19800	0,7281	0,538
20000	0,7376	0,531
20200	0,7340	0,532
20400	0,7367	0,535
20600	0,7346	0,540
20800	0,7422	0,535
21000	0,7537	0,528
21200	0,7326	0,538
21400	0,7468	0,535
21600	0,7427	0,527
21800	0,7899	0,533
22000	0,7398	0,537
22200	0,7545	0,535
22400	0,7431	0,531
22600	0,7386	0,536
22800	0,7507	0,538
23000	0,7525	0,529
23200	0,7462	0,530
23400	0,7545	0,530
23600	0,8108	0,534
23800	0,7628	0,532
24000	0,7483	0,532
24200	0,8069	0,540
24400	0,7742	0,534
24600	0,7635	0,540
24800	0,7654	0,540
25000	0,7943	0,532
25200	0,7655	0,531
25400	0,7837	0,529
25600	0,7715	0,531
25800	0,7905	0,535
26000	0,7723	0,541
26200	0,8506	0,532
26400	0,7847	0,532
26600	0,7685	0,533
26800	0,7889	0,535
27000	0,7875	0,530
27200	0,7917	0,532
27400	0,8094	0,532
27600	0,8019	0,533
27800	0,7845	0,531
28000	0,7972	0,536
28200	0,8112	0,544
28400	0,8071	0,531
28600	0,8294	0,529
28800	0,8075	0,528
29000	0,7992	0,532
29200	0,8166	0,535
29400	0,7953	0,534
29600	0,8697	0,534
29800	0,8165	0,537
30000	0,8036	0,536
30200	0,8223	0,536
30400	0,9224	0,536
30600	0,8470	0,536
30800	0,8396	0,538
31000	0,9069	0,539
31200	0,8231	0,535
31400	0,8175	0,532
31600	0,8802	0,540
31800	0,9232	0,530
32000	0,8218	0,539
32200	0,8501	0,527
32400	0,8406	0,540
32600	0,8734	0,536
32800	0,8570	0,539
33000	0,8435	0,534
33200	0,8741	0,535
33400	0,8456	0,540
33600	0,8581	0,541
33800	0,9694	0,533
34000	0,8524	0,533
34200	0,8757	0,533
34400	0,8802	0,534
34600	0,8541	0,540
34800	0,9180	0,535
35000	0,8756	0,533
35200	0,9438	0,531
35400	0,8746	0,539
35600	0,9173	0,536
35800	0,8870	0,533
36000	0,8739	0,539
36200	0,8750	0,539
36400	0,9049	0,538
36600	0,8894	0,532
36800	0,9005	0,536
37000	0,9182	0,541
37200	1,0046	0,529
37400	0,9430	0,542
37600	0,9348	0,533
37800	1,0285	0,538
38000	0,8844	0,539
38200	0,8960	0,541
38400	1,0662	0,532
38600	0,9780	0,538
38800	0,9236	0,541
39000	0,9384	0,531
39200	0,9464	0,538
39400	0,9367	0,536
39600	0,9608	0,537
39800	0,9302	0,536
40000	0,9315	0,537
40200	0,9546	0,545
40400	0,9665	0,534
40600	0,9847	0,525
40800	0,9303	0,539
41000	0,9478	0,540
41200	0,9512	0,543
41400	0,9444	0,544
41600	1,0125	0,541
41800	1,0428	0,537
42000	0,9644	0,535
42200	0,9868	0,545
42400	0,9825	0,538
42600	0,9716	0,541
42800	0,9958	0,539
43000	0,9795	0,541
43200	1,0092	0,533
43400	0,9981	0,532
43600	1,1433	0,541
43800	1,0531	0,545
44000	1,0195	0,536
44200	1,0013	0,543
44400	1,0309	0,540
44600	1,0357	0,545
44800	0,9865	0,542
45000	1,0223	0,543
45200	1,2404	0,537
45400	1,0060	0,534
45600	1,1019	0,534
45800	1,0201	0,540
46000	1,0304	0,538
46200	1,1275	0,533
46400	1,0071	0,539
46600	1,0935	0,541
46800	1,0408	0,535
47000	1,0657	0,543
47200	1,0353	0,542
47400	1,0405	0,535
47600	1,0798	0,536
47800	1,0850	0,540
48000	1,0625	0,546
48200	1,0542	0,536
48400	1,0356	0,546
48600	1,0569	0,537
48800	1,0720	0,541
49000	1,0647	0,549
49200	1,0730	0,539
49400	1,1196	0,546
49600	1,1173	0,543
49800	1,0428	0,546
50000	1,1079	0,546
/net/people/plgfracz/quality/venv/lib/python3.6/importlib/_bootstrap.py:205: RuntimeWarning: compiletime version 3.5 of module 'tensorflow.python.framework.fast_tensor_util' does not match runtime version 3.6
  return f(*args, **kwds)
Optimization Finished!
Testing Accuracy: 0.545562
