2018-08-17 13:31:31.072397: I tensorflow/core/platform/cpu_feature_guard.cc:137] Your CPU supports instructions that this TensorFlow binary was not compiled to use: SSE4.1 SSE4.2 AVX AVX2 FMA
2018-08-17 13:31:31.230035: I tensorflow/core/common_runtime/gpu/gpu_device.cc:1030] Found device 0 with properties: 
name: Tesla K40d major: 3 minor: 7 memoryClockRate(GHz): 0.915
pciBusID: 0000:85:00.0
totalMemory: 11.17GiB freeMemory: 11.09GiB
2018-08-17 13:31:31.230076: I tensorflow/core/common_runtime/gpu/gpu_device.cc:1120] Creating TensorFlow device (/device:GPU:0) -> (device: 0, name: Tesla K40d, pci bus id: 0000:85:00.0, compute capability: 3.7)

*****************************************************
Dataset: code-fracz-645
Num hidden: 256, Steps: 50000, Display step: 200
*****************************************************


Input size: 200x9280 Test set: 1392
Input size: 200x645 Test set: 96
1	2,0308	0,489	1,8052	0,490
200	0,8977	0,499	0,8033	0,562
400	0,7208	0,552	0,5969	0,750
600	0,8110	0,512	0,6612	0,552
800	0,8376	0,519	0,6150	0,656
1000	0,7474	0,539	0,5808	0,708
1200	0,7250	0,539	0,5195	0,771
1400	0,7287	0,547	0,5324	0,771
1600	0,8928	0,518	0,6838	0,552
1800	0,7208	0,557	0,5544	0,750
2000	0,7359	0,534	0,5147	0,802
2200	0,7594	0,538	0,5208	0,781
2400	0,7317	0,560	0,5274	0,771
2600	0,8558	0,514	0,5731	0,719
2800	0,7714	0,550	0,5482	0,677
3000	0,7715	0,555	0,5159	0,729
3200	0,7286	0,550	0,4664	0,792
3400	0,7855	0,541	0,5760	0,667
3600	0,8194	0,525	0,5051	0,740
3800	0,7634	0,550	0,4707	0,781
4000	0,7609	0,540	0,4793	0,781
4200	0,9105	0,531	0,5479	0,719
4400	0,8224	0,525	0,4922	0,781
4600	0,8362	0,529	0,5084	0,698
4800	0,7720	0,549	0,4911	0,740
5000	0,7672	0,547	0,4793	0,760
5200	0,7737	0,539	0,4752	0,812
5400	0,8066	0,541	0,4854	0,760
5600	0,7890	0,539	0,4926	0,771
5800	0,7916	0,554	0,4412	0,802
6000	1,0691	0,533	0,6665	0,667
6200	0,8105	0,535	0,4484	0,833
6400	0,7995	0,540	0,4648	0,781
6600	0,8371	0,546	0,4840	0,812
6800	0,7906	0,550	0,4798	0,802
7000	0,8751	0,532	0,5850	0,719
7200	1,0582	0,532	0,5236	0,750
7400	0,8550	0,534	0,4904	0,760
7600	0,8703	0,522	0,5385	0,740
7800	0,9121	0,529	0,5400	0,698
8000	0,8620	0,543	0,5141	0,729
8200	0,8220	0,532	0,4646	0,823
8400	0,8092	0,550	0,4598	0,781
8600	0,8790	0,537	0,5056	0,781
8800	0,8373	0,555	0,4650	0,802
9000	0,8199	0,549	0,4767	0,802
9200	0,9212	0,554	0,4679	0,823
9400	0,8479	0,528	0,4615	0,781
9600	0,8378	0,552	0,4975	0,760
9800	0,9583	0,518	0,5441	0,750
10000	0,8324	0,555	0,4518	0,781
10200	0,8532	0,559	0,4651	0,844
10400	0,8714	0,538	0,4955	0,771
10600	0,9511	0,547	0,5340	0,771
10800	1,1222	0,534	0,6126	0,760
11000	0,8704	0,550	0,5138	0,771
11200	0,9179	0,539	0,4391	0,833
11400	1,3657	0,508	0,7901	0,646
11600	0,9736	0,534	0,5304	0,781
11800	1,5060	0,496	0,8906	0,615
12000	1,1375	0,519	0,6163	0,708
12200	1,4225	0,508	0,8449	0,656
12400	0,8921	0,546	0,4600	0,792
12600	0,9769	0,538	0,5387	0,750
12800	0,9249	0,551	0,4625	0,792
13000	0,9477	0,538	0,5012	0,792
13200	0,9682	0,548	0,4895	0,823
13400	1,0231	0,528	0,5624	0,802
13600	1,1724	0,525	0,6071	0,719
13800	1,2981	0,537	0,8127	0,698
14000	1,1642	0,513	0,6463	0,750
14200	1,3974	0,547	0,8461	0,667
14400	1,0136	0,552	0,5760	0,781
14600	1,0785	0,527	0,5161	0,781
14800	1,0364	0,537	0,5338	0,802
15000	1,0043	0,539	0,4707	0,802
15200	0,9919	0,555	0,4908	0,812
15400	1,1947	0,554	0,5791	0,771
15600	1,2336	0,542	0,6375	0,771
15800	1,4357	0,517	0,6694	0,708
16000	1,4890	0,503	0,9359	0,646
16200	1,3648	0,542	0,6786	0,771
16400	1,2277	0,537	0,7546	0,729
16600	1,0628	0,547	0,4748	0,833
16800	1,0775	0,541	0,5134	0,802
17000	1,0225	0,545	0,5078	0,771
17200	1,0834	0,556	0,5265	0,792
17400	1,1228	0,544	0,6016	0,771
17600	1,1504	0,519	0,5701	0,781
17800	1,1710	0,550	0,7038	0,750
18000	1,0980	0,532	0,6147	0,792
18200	1,1870	0,522	0,6267	0,792
18400	1,1804	0,539	0,5704	0,812
18600	1,5721	0,545	0,8297	0,698
18800	1,1498	0,543	0,6393	0,760
19000	1,4385	0,517	0,7950	0,719
19200	1,1978	0,539	0,6370	0,708
19400	1,3192	0,523	0,8914	0,719
19600	1,3717	0,514	0,6651	0,729
19800	1,4232	0,517	0,7243	0,698
20000	1,2209	0,542	0,5314	0,792
20200	1,7521	0,539	0,8076	0,729
20400	1,6022	0,547	0,7207	0,729
20600	1,1700	0,553	0,5207	0,812
20800	1,1471	0,538	0,5159	0,792
21000	1,1390	0,533	0,5607	0,802
21200	1,1538	0,540	0,5664	0,802
21400	1,1487	0,541	0,5747	0,802
21600	1,1716	0,534	0,5071	0,823
21800	1,2078	0,547	0,6160	0,792
22000	1,1818	0,536	0,5867	0,802
22200	1,2150	0,548	0,5820	0,781
22400	1,1936	0,536	0,5292	0,812
22600	1,2223	0,552	0,4853	0,823
22800	1,2262	0,550	0,5326	0,781
23000	1,2736	0,531	0,5015	0,802
23200	1,1691	0,552	0,4310	0,854
23400	1,2864	0,532	0,5586	0,823
23600	1,3639	0,554	0,6271	0,823
23800	1,4209	0,529	0,5534	0,792
24000	1,2790	0,534	0,4804	0,823
24200	1,6540	0,548	0,7708	0,740
24400	1,3620	0,559	0,5582	0,812
24600	1,4766	0,527	0,6319	0,771
24800	1,5084	0,536	0,9134	0,729
25000	1,4105	0,536	0,6728	0,760
25200	1,2534	0,553	0,5230	0,823
25400	1,5286	0,555	0,7231	0,760
25600	1,3345	0,542	0,6606	0,760
25800	1,9741	0,538	0,9202	0,729
26000	1,4156	0,529	0,6273	0,802
26200	1,5709	0,546	0,9559	0,708
26400	1,3897	0,534	0,5426	0,802
26600	1,4343	0,543	0,6749	0,792
26800	1,3486	0,549	0,7574	0,771
27000	1,4016	0,529	0,6243	0,792
27200	1,4734	0,548	0,7365	0,781
27400	1,3785	0,548	0,6584	0,802
27600	1,3923	0,540	0,6938	0,781
27800	1,7819	0,511	0,8691	0,688
28000	1,3758	0,539	0,7578	0,750
28200	1,7150	0,522	0,9024	0,729
28400	1,3563	0,540	0,7149	0,771
28600	1,3805	0,537	0,7160	0,792
28800	1,3814	0,545	0,7249	0,771
29000	1,3708	0,564	0,7107	0,812
29200	1,4258	0,534	0,6431	0,802
29400	1,4749	0,544	0,7017	0,792
29600	1,4798	0,526	0,7136	0,750
29800	1,4164	0,549	0,7323	0,740
30000	1,3902	0,542	0,6999	0,740
30200	1,4054	0,542	0,5859	0,823
30400	1,4507	0,552	0,7122	0,771
30600	1,4873	0,534	0,7228	0,781
30800	1,4881	0,531	0,6708	0,729
31000	1,4406	0,544	0,6692	0,792
31200	1,4396	0,549	0,5986	0,760
31400	1,4341	0,538	0,5482	0,823
31600	1,4380	0,542	0,5805	0,823
31800	1,3993	0,544	0,6110	0,823
32000	1,3970	0,542	0,5970	0,844
32200	1,5568	0,528	0,6666	0,792
32400	1,5422	0,540	0,6707	0,781
32600	1,4365	0,529	0,6682	0,781
32800	1,7369	0,528	0,8741	0,729
33000	1,5347	0,551	0,6751	0,792
33200	1,5478	0,529	0,7472	0,750
33400	1,5007	0,542	0,7523	0,771
33600	1,7698	0,519	0,7381	0,781
33800	1,7071	0,520	0,7905	0,750
34000	1,7537	0,555	0,8060	0,771
34200	1,4851	0,535	0,6569	0,802
34400	2,1604	0,547	0,9939	0,729
34600	1,5378	0,534	0,6430	0,792
34800	1,4693	0,542	0,7505	0,792
35000	1,4716	0,545	0,7395	0,781
35200	1,4582	0,550	0,7196	0,792
35400	1,4788	0,547	0,6214	0,812
35600	1,5159	0,535	0,7112	0,792
35800	1,4827	0,553	0,6626	0,781
36000	1,5451	0,540	0,6813	0,823
36200	1,4374	0,547	0,6750	0,812
36400	1,5600	0,535	0,7220	0,792
36600	1,5352	0,542	0,6399	0,844
36800	1,4944	0,545	0,7293	0,802
37000	1,5046	0,553	0,7404	0,771
37200	1,5559	0,554	0,8148	0,760
37400	1,5067	0,540	0,8260	0,771
37600	1,4865	0,545	0,7433	0,792
37800	1,5606	0,541	0,6966	0,812
38000	1,4754	0,550	0,6556	0,812
38200	1,4977	0,547	0,6464	0,802
38400	1,5061	0,546	0,7162	0,823
38600	1,6292	0,549	0,8680	0,750
38800	1,4900	0,544	0,7186	0,792
39000	1,6313	0,514	0,7528	0,771
39200	1,6064	0,520	0,9070	0,750
39400	1,5561	0,533	0,8291	0,760
39600	1,6852	0,515	0,7045	0,771
39800	1,5616	0,533	0,7826	0,760
Now teaching with clever!
40000	1,5500	0,537	0,7387	0,729
40200	1,4820	0,568	0,6058	0,812
40400	1,5201	0,566	0,6199	0,802
40600	1,5013	0,570	0,6190	0,844
40800	1,5052	0,565	0,6047	0,844
41000	1,5687	0,573	0,6200	0,823
41200	1,5434	0,585	0,6303	0,802
41400	1,5272	0,568	0,6223	0,833
41600	1,5539	0,579	0,6810	0,823
41800	1,5498	0,575	0,6235	0,823
42000	1,5512	0,578	0,6469	0,833
42200	1,5775	0,571	0,6716	0,802
42400	1,5682	0,575	0,6319	0,823
42600	1,5866	0,575	0,6534	0,812
42800	1,5672	0,575	0,6633	0,823
43000	1,6147	0,575	0,6549	0,823
43200	1,5831	0,579	0,6405	0,844
43400	1,8357	0,578	0,8129	0,833
43600	1,6848	0,580	0,6951	0,854
43800	1,8142	0,565	0,7803	0,781
44000	1,7008	0,573	0,7390	0,781
44200	1,7516	0,582	0,7256	0,823
44400	1,6282	0,577	0,6617	0,844
44600	1,6530	0,579	0,6612	0,802
44800	1,8344	0,572	0,8232	0,812
45000	1,8560	0,576	0,8778	0,812
45200	1,6660	0,574	0,6358	0,865
45400	1,7535	0,575	0,7183	0,771
45600	1,8329	0,576	0,8110	0,833
45800	1,7684	0,578	0,7719	0,844
46000	1,6357	0,580	0,6705	0,823
46200	1,6542	0,583	0,7271	0,802
46400	1,6289	0,588	0,6346	0,823
46600	1,6471	0,571	0,6736	0,812
46800	1,6948	0,587	0,6969	0,823
47000	1,6690	0,578	0,6181	0,854
47200	1,6566	0,578	0,6515	0,833
47400	1,9544	0,556	0,8872	0,771
47600	1,9456	0,568	0,9466	0,729
47800	1,7711	0,579	0,7345	0,812
48000	1,7185	0,574	0,6632	0,760
48200	1,7011	0,593	0,6431	0,823
48400	1,8348	0,563	0,7429	0,781
48600	1,7005	0,585	0,6475	0,854
48800	1,7774	0,578	0,7093	0,781
49000	1,7420	0,579	0,6480	0,854
49200	1,7003	0,585	0,6281	0,844
49400	1,7340	0,581	0,6747	0,865
49600	1,7178	0,581	0,6028	0,823
49800	1,7646	0,585	0,6844	0,781
50000	1,7926	0,578	0,6476	0,885
