2017-11-28 21:33:46.593806: I tensorflow/core/platform/cpu_feature_guard.cc:137] Your CPU supports instructions that this TensorFlow binary was not compiled to use: SSE4.1 SSE4.2 AVX AVX2 FMA
2017-11-28 21:33:46.781011: I tensorflow/core/common_runtime/gpu/gpu_device.cc:1030] Found device 0 with properties: 
name: Tesla K40d major: 3 minor: 7 memoryClockRate(GHz): 0.915
pciBusID: 0000:81:00.0
totalMemory: 11.17GiB freeMemory: 11.10GiB
2017-11-28 21:33:46.781047: I tensorflow/core/common_runtime/gpu/gpu_device.cc:1120] Creating TensorFlow device (/device:GPU:0) -> (device: 0, name: Tesla K40d, pci bus id: 0000:81:00.0, compute capability: 3.7)

*****************************************************
Dataset: 100-diff10to50-php-strict-no-parenthesis
Num hidden: 256, Steps: 50000, Display step: 200
*****************************************************


Dataset read success! Size: 100x8232
1	2,6010	0,502
200	0,7438	0,525
400	0,7969	0,524
600	0,7503	0,502
800	0,7580	0,501
1000	0,7671	0,496
1200	0,7738	0,506
1400	0,8098	0,513
1600	0,8031	0,486
1800	0,8212	0,478
2000	0,8366	0,495
2200	0,8325	0,494
2400	0,8468	0,499
2600	0,9064	0,521
2800	0,8773	0,478
3000	0,8996	0,488
3200	0,9021	0,486
3400	0,9167	0,504
3600	0,9832	0,493
3800	0,9637	0,477
4000	1,0345	0,501
4200	1,0155	0,508
4400	1,0186	0,502
4600	1,1233	0,522
4800	1,0736	0,505
5000	1,2005	0,507
5200	1,1037	0,509
5400	1,1328	0,496
5600	1,1569	0,504
5800	1,2334	0,514
6000	1,1836	0,507
6200	1,2169	0,507
6400	1,2647	0,498
6600	1,2642	0,486
6800	1,2935	0,494
7000	1,3097	0,511
7200	1,4083	0,511
7400	1,4044	0,506
7600	1,3578	0,500
7800	1,3936	0,496
8000	1,4419	0,505
8200	1,4132	0,509
8400	1,5456	0,489
8600	1,4605	0,490
8800	1,4294	0,511
9000	1,6042	0,501
9200	1,5575	0,501
9400	1,5443	0,505
9600	1,5084	0,505
9800	1,5951	0,491
10000	1,6161	0,498
10200	1,6337	0,510
10400	1,5726	0,495
10600	1,6438	0,506
10800	1,6651	0,496
11000	1,6764	0,494
11200	1,5788	0,504
11400	1,5827	0,521
11600	1,6564	0,517
11800	1,6653	0,498
12000	1,6284	0,496
12200	1,6702	0,514
12400	1,8229	0,519
12600	1,6705	0,503
12800	1,8039	0,500
13000	1,6792	0,490
13200	1,7951	0,515
13400	1,7666	0,501
13600	1,7015	0,506
13800	1,8712	0,505
14000	1,7770	0,496
14200	1,6826	0,500
14400	1,7418	0,510
14600	1,7666	0,512
14800	1,7244	0,511
15000	1,7343	0,505
15200	1,7257	0,502
15400	1,7487	0,508
15600	1,7893	0,511
15800	1,7365	0,508
16000	1,8198	0,501
16200	1,7493	0,494
16400	1,7496	0,494
16600	1,7850	0,515
16800	1,8585	0,507
17000	1,7971	0,498
17200	1,7807	0,502
17400	1,7658	0,498
17600	1,7889	0,505
17800	1,8173	0,506
18000	1,8129	0,498
18200	1,8154	0,506
18400	1,7833	0,496
18600	1,7791	0,505
18800	1,8002	0,515
19000	1,9301	0,501
19200	1,8221	0,498
19400	1,8258	0,506
19600	1,7822	0,489
19800	1,8125	0,507
20000	1,8391	0,502
20200	1,8205	0,495
20400	1,8685	0,505
20600	1,8061	0,495
20800	1,7999	0,499
21000	1,8285	0,515
21200	1,9241	0,498
21400	1,8458	0,501
21600	1,8160	0,511
21800	1,8048	0,499
22000	1,8256	0,509
22200	1,8916	0,498
22400	1,8270	0,502
22600	1,9134	0,494
22800	1,8042	0,497
23000	1,8222	0,502
23200	1,8432	0,515
23400	1,9036	0,494
23600	1,8428	0,514
23800	1,8246	0,506
24000	1,8125	0,506
24200	1,8046	0,513
24400	1,9192	0,509
24600	1,8432	0,506
24800	1,8964	0,505
25000	1,8294	0,497
25200	1,8317	0,506
25400	1,8513	0,511
25600	1,9144	0,498
25800	1,8628	0,495
26000	1,8438	0,508
26200	1,8373	0,505
26400	1,8659	0,506
26600	1,8824	0,506
26800	1,8501	0,511
27000	1,9140	0,508
27200	1,8618	0,494
27400	1,8538	0,506
27600	1,8762	0,515
27800	1,9336	0,500
28000	1,8796	0,512
28200	1,8486	0,512
28400	1,8366	0,506
28600	1,8652	0,508
28800	1,9484	0,499
29000	1,8635	0,508
29200	1,9139	0,502
29400	1,8655	0,499
29600	1,8636	0,511
29800	1,8770	0,515
30000	1,9359	0,499
30200	1,9025	0,509
30400	1,8554	0,502
30600	1,8496	0,501
30800	1,8580	0,506
31000	1,9127	0,500
31200	1,8702	0,511
31400	1,9253	0,502
31600	1,8785	0,500
31800	1,8624	0,513
32000	1,8947	0,523
32200	1,9339	0,499
32400	1,9188	0,510
32600	1,8534	0,507
32800	1,8152	0,502
33000	1,8346	0,514
33200	1,8803	0,512
33400	1,8724	0,506
33600	1,9175	0,506
33800	1,8736	0,502
34000	1,8927	0,501
34200	1,8951	0,512
34400	1,8992	0,497
34600	1,8791	0,512
34800	1,8396	0,502
35000	1,8251	0,510
35200	1,8634	0,504
35400	1,9522	0,494
35600	1,9280	0,505
35800	1,9356	0,498
36000	1,8727	0,500
36200	1,8729	0,509
36400	1,8904	0,505
36600	1,9164	0,499
36800	1,9184	0,506
37000	1,8739	0,498
37200	1,8897	0,508
37400	1,9000	0,511
37600	1,9802	0,496
37800	1,9027	0,503
38000	1,9290	0,503
38200	1,8645	0,502
38400	1,8842	0,502
38600	1,9098	0,506
38800	1,9429	0,495
39000	1,9356	0,500
39200	1,8929	0,498
39400	1,9034	0,504
39600	1,9130	0,505
39800	1,9798	0,501
40000	1,9353	0,510
40200	1,9437	0,500
40400	1,9023	0,498
40600	1,8958	0,500
40800	1,9270	0,506
41000	1,9509	0,499
41200	1,9351	0,502
41400	1,8860	0,502
41600	1,8886	0,498
41800	1,9067	0,505
42000	1,9606	0,504
42200	1,9268	0,502
42400	1,9349	0,499
42600	1,8903	0,507
42800	1,8976	0,502
43000	1,9274	0,514
43200	1,9390	0,498
43400	1,9523	0,505
43600	1,8879	0,507
43800	1,8749	0,506
44000	1,9084	0,511
44200	1,9728	0,490
44400	1,9087	0,508
44600	1,9165	0,507
44800	1,8807	0,499
45000	1,9036	0,502
45200	1,9395	0,506
45400	1,9469	0,498
45600	1,9772	0,508
45800	1,9194	0,504
46000	1,9027	0,508
46200	1,9365	0,503
46400	2,0118	0,494
46600	1,9570	0,504
46800	1,9585	0,503
47000	1,9274	0,502
47200	1,9291	0,502
47400	1,9758	0,504
47600	1,9683	0,495
47800	1,9761	0,510
48000	1,9127	0,504
48200	1,9069	0,503
48400	1,9465	0,501
48600	2,0206	0,496
48800	1,9923	0,507
49000	1,9563	0,511
49200	1,9409	0,498
49400	1,9444	0,499
49600	1,9777	0,502
49800	1,9926	0,490
50000	1,9971	0,508
/net/people/plgfracz/quality/venv/lib/python3.6/importlib/_bootstrap.py:205: RuntimeWarning: compiletime version 3.5 of module 'tensorflow.python.framework.fast_tensor_util' does not match runtime version 3.6
  return f(*args, **kwds)
Optimization Finished!
Testing Accuracy: 0.508104
