2017-11-21 00:29:46.309251: I tensorflow/core/platform/cpu_feature_guard.cc:137] Your CPU supports instructions that this TensorFlow binary was not compiled to use: SSE4.1 SSE4.2 AVX AVX2 FMA
2017-11-21 00:29:46.494449: I tensorflow/core/common_runtime/gpu/gpu_device.cc:1030] Found device 0 with properties: 
name: Tesla K40d major: 3 minor: 7 memoryClockRate(GHz): 0.915
pciBusID: 0000:85:00.0
totalMemory: 11.17GiB freeMemory: 11.10GiB
2017-11-21 00:29:46.494485: I tensorflow/core/common_runtime/gpu/gpu_device.cc:1120] Creating TensorFlow device (/device:GPU:0) -> (device: 0, name: Tesla K40d, pci bus id: 0000:85:00.0, compute capability: 3.7)

*****************************************************
Dataset: 100-diff10to50-ba-java
Num hidden: 256, Steps: 50000, Display step: 200
*****************************************************


Input size: 100x12872
1	1,5625	0,488
200	0,7888	0,533
400	0,8040	0,515
600	0,8290	0,510
800	0,7249	0,564
1000	0,8400	0,517
1200	0,8254	0,506
1400	0,7258	0,558
1600	0,7208	0,552
1800	0,7700	0,541
2000	0,7168	0,568
2200	0,7305	0,544
2400	0,7691	0,527
2600	0,7314	0,561
2800	0,7420	0,553
3000	0,7255	0,560
3200	0,7389	0,561
3400	0,7380	0,555
3600	0,7510	0,546
3800	0,7251	0,573
4000	0,7254	0,548
4200	0,7351	0,558
4400	0,7863	0,533
4600	0,7573	0,527
4800	0,7779	0,541
5000	0,7358	0,581
5200	0,7604	0,559
5400	0,7633	0,551
5600	0,7421	0,540
5800	0,7830	0,541
6000	0,7561	0,556
6200	0,7634	0,555
6400	0,7640	0,561
6600	0,7497	0,545
6800	0,7629	0,544
7000	0,9002	0,514
7200	0,7916	0,528
7400	0,7850	0,552
7600	0,7867	0,550
7800	0,8081	0,550
8000	0,7768	0,531
8200	0,9120	0,540
8400	0,7974	0,545
8600	0,7858	0,544
8800	0,8561	0,537
9000	0,7827	0,548
9200	0,8458	0,526
9400	0,8229	0,544
9600	0,8003	0,545
9800	0,7979	0,550
10000	0,7954	0,561
10200	0,8237	0,541
10400	0,8665	0,542
10600	0,8839	0,535
10800	0,8676	0,537
11000	0,8539	0,541
11200	0,8478	0,536
11400	0,8206	0,540
11600	1,1733	0,517
11800	0,8500	0,548
12000	0,8623	0,535
12200	0,8414	0,551
12400	0,8522	0,549
12600	0,8612	0,525
12800	0,9834	0,533
13000	0,8799	0,544
13200	0,8624	0,549
13400	0,8520	0,560
13600	0,8817	0,531
13800	1,0233	0,531
14000	0,8852	0,548
14200	0,9090	0,536
14400	0,8751	0,546
14600	0,8912	0,548
14800	0,8648	0,542
15000	0,8877	0,548
15200	0,9197	0,539
15400	0,8918	0,547
15600	0,8704	0,563
15800	0,9258	0,542
16000	0,9181	0,527
16200	0,9085	0,534
16400	0,9342	0,540
16600	0,9738	0,539
16800	0,9408	0,547
17000	0,9153	0,542
17200	0,9469	0,545
17400	0,9793	0,518
17600	0,9818	0,530
17800	0,9452	0,536
18000	0,9353	0,554
18200	0,9621	0,552
18400	0,9550	0,545
18600	1,0175	0,522
18800	1,0148	0,544
19000	1,0057	0,537
19200	0,9874	0,543
19400	0,9746	0,539
19600	0,9687	0,538
19800	0,9786	0,543
20000	1,0060	0,553
20200	0,9952	0,540
20400	0,9863	0,545
20600	0,9945	0,545
20800	1,0064	0,535
21000	1,0169	0,528
21200	1,0821	0,537
21400	1,0344	0,548
21600	1,0364	0,548
21800	1,0292	0,542
22000	1,0417	0,547
22200	1,2910	0,526
22400	1,0907	0,538
22600	1,1086	0,532
22800	1,0369	0,550
23000	1,0224	0,538
23200	1,1351	0,539
23400	1,6274	0,515
23600	1,1495	0,523
23800	1,0792	0,540
24000	1,2019	0,540
24200	1,1532	0,528
24400	1,1612	0,532
24600	1,3243	0,520
24800	1,1126	0,538
25000	1,1533	0,539
25200	1,1077	0,544
25400	1,1615	0,534
25600	1,1413	0,533
25800	1,2070	0,541
26000	1,1551	0,547
26200	1,1296	0,544
26400	1,1814	0,529
26600	1,1390	0,541
26800	1,1313	0,527
27000	1,4464	0,512
27200	1,1915	0,544
27400	1,1808	0,523
27600	1,1868	0,538
27800	1,1780	0,540
28000	1,2829	0,527
28200	1,2790	0,534
28400	1,1758	0,544
28600	1,2292	0,544
28800	1,2946	0,531
29000	1,1839	0,544
29200	1,2346	0,535
29400	1,1926	0,547
29600	1,2335	0,549
29800	1,1874	0,556
30000	1,4004	0,529
30200	1,2638	0,534
30400	1,3366	0,539
30600	1,2758	0,541
30800	1,2256	0,543
31000	1,2093	0,545
31200	1,2246	0,541
31400	1,2711	0,542
31600	1,2712	0,541
31800	1,3394	0,530
32000	1,3351	0,528
32200	1,2493	0,545
32400	1,2442	0,549
32600	1,2843	0,535
32800	1,2698	0,551
33000	1,2881	0,537
33200	1,4211	0,526
33400	1,3696	0,539
33600	1,2800	0,520
33800	1,2778	0,531
34000	1,4956	0,534
34200	1,3869	0,516
34400	1,4439	0,522
34600	1,3430	0,532
34800	1,4940	0,521
35000	1,3251	0,530
35200	1,7362	0,523
35400	1,3729	0,539
35600	1,3518	0,545
35800	1,3428	0,538
36000	1,5120	0,522
36200	1,4510	0,535
36400	1,3254	0,538
36600	1,3683	0,539
36800	1,3903	0,528
37000	1,3536	0,535
37200	1,4449	0,522
37400	1,3503	0,530
37600	1,3761	0,533
37800	1,3500	0,536
38000	1,4110	0,530
38200	1,4962	0,532
38400	1,3652	0,536
38600	1,4018	0,534
38800	1,3785	0,542
39000	1,4029	0,546
39200	1,4215	0,540
39400	1,3994	0,535
39600	1,5229	0,514
39800	1,3951	0,534
40000	1,4971	0,535
40200	1,3698	0,546
40400	1,4673	0,546
40600	1,4701	0,530
40800	1,4194	0,530
41000	1,4743	0,533
41200	1,4907	0,526
41400	1,4331	0,549
41600	1,4357	0,535
41800	1,3923	0,534
42000	1,4359	0,526
42200	1,4082	0,536
42400	1,5267	0,528
42600	1,5102	0,521
42800	1,5139	0,537
43000	1,4697	0,537
43200	1,4439	0,544
43400	1,4709	0,538
43600	1,5943	0,522
43800	1,5275	0,535
44000	1,4780	0,527
44200	1,4793	0,522
44400	1,5051	0,544
44600	1,5729	0,530
44800	1,6363	0,535
45000	1,4931	0,534
45200	1,4919	0,547
45400	1,5350	0,552
45600	1,4701	0,537
45800	2,2145	0,502
46000	1,5361	0,519
46200	1,4933	0,537
46400	1,4794	0,539
46600	1,5060	0,544
46800	1,5003	0,534
47000	1,8517	0,522
47200	1,5745	0,538
47400	1,4267	0,547
47600	1,5818	0,546
47800	1,4975	0,545
48000	1,4695	0,540
48200	1,7521	0,541
48400	1,4610	0,530
48600	1,5043	0,533
48800	1,4919	0,529
49000	1,5144	0,538
49200	1,5781	0,538
49400	1,6870	0,514
49600	1,5766	0,544
49800	1,5154	0,535
50000	1,6331	0,527
/net/people/plgfracz/quality/venv/lib/python3.6/importlib/_bootstrap.py:205: RuntimeWarning: compiletime version 3.5 of module 'tensorflow.python.framework.fast_tensor_util' does not match runtime version 3.6
  return f(*args, **kwds)
Optimization Finished!
