2018-08-17 13:46:18.164866: I tensorflow/core/platform/cpu_feature_guard.cc:137] Your CPU supports instructions that this TensorFlow binary was not compiled to use: SSE4.1 SSE4.2 AVX AVX2 FMA
2018-08-17 13:46:18.307420: I tensorflow/core/common_runtime/gpu/gpu_device.cc:1030] Found device 0 with properties: 
name: Tesla K40d major: 3 minor: 7 memoryClockRate(GHz): 0.915
pciBusID: 0000:81:00.0
totalMemory: 11.17GiB freeMemory: 11.09GiB
2018-08-17 13:46:18.307460: I tensorflow/core/common_runtime/gpu/gpu_device.cc:1120] Creating TensorFlow device (/device:GPU:0) -> (device: 0, name: Tesla K40d, pci bus id: 0000:81:00.0, compute capability: 3.7)

*****************************************************
Dataset: code-fracz-645
Num hidden: 256, Steps: 50000, Display step: 200
*****************************************************


Input size: 200x645
1	2,5307	0,510
200	0,4984	0,760
400	0,5107	0,760
600	0,4854	0,771
800	0,4999	0,792
1000	0,6101	0,771
1200	0,5162	0,771
1400	0,5600	0,750
1600	0,6105	0,750
1800	0,6001	0,760
2000	0,6149	0,771
2200	0,6180	0,802
2400	0,6553	0,792
2600	0,6527	0,750
2800	0,7670	0,750
3000	0,7140	0,781
3200	0,7705	0,750
3400	0,8359	0,760
3600	0,7831	0,750
3800	1,0098	0,729
4000	0,8061	0,750
4200	0,8604	0,750
4400	0,7936	0,771
4600	0,8966	0,750
4800	0,8615	0,740
5000	0,8561	0,792
5200	0,8985	0,760
5400	1,0285	0,740
5600	1,0959	0,750
5800	0,9275	0,750
6000	0,9746	0,719
6200	1,0095	0,719
6400	0,9376	0,750
6600	0,9833	0,740
6800	0,9892	0,740
7000	1,0168	0,740
7200	1,0031	0,760
7400	1,0212	0,771
7600	0,9256	0,771
7800	0,9761	0,781
8000	1,1047	0,740
8200	0,9289	0,771
8400	1,3747	0,740
8600	0,9980	0,781
8800	1,0376	0,812
9000	1,1169	0,750
9200	0,9696	0,760
9400	1,2547	0,740
9600	1,0443	0,771
9800	1,1168	0,802
10000	1,0460	0,781
10200	1,0692	0,750
10400	1,1040	0,760
10600	0,9067	0,792
10800	1,0696	0,781
11000	1,1550	0,729
11200	1,0431	0,760
11400	1,0114	0,760
11600	1,0525	0,750
11800	1,0481	0,802
12000	0,9989	0,792
12200	1,2474	0,750
12400	1,2077	0,740
12600	1,0065	0,792
12800	0,9921	0,781
13000	1,0743	0,771
13200	1,3566	0,750
13400	1,1339	0,792
13600	1,0150	0,740
13800	0,9441	0,740
14000	0,9949	0,760
14200	1,2983	0,750
14400	1,0500	0,760
14600	1,1718	0,792
14800	1,3865	0,750
15000	0,9624	0,760
15200	1,2889	0,750
15400	1,1433	0,740
15600	1,0265	0,760
15800	1,0322	0,740
16000	1,0321	0,802
16200	1,0480	0,781
16400	1,2411	0,729
16600	1,0852	0,802
16800	1,2403	0,812
17000	1,1058	0,792
17200	1,1658	0,750
17400	1,1047	0,771
17600	1,0942	0,750
17800	1,1234	0,812
18000	1,0354	0,750
18200	1,0432	0,760
18400	1,1009	0,750
18600	1,3088	0,760
18800	1,1405	0,740
19000	1,1919	0,729
19200	1,0247	0,802
19400	1,0460	0,781
19600	1,0810	0,781
19800	0,9750	0,760
20000	1,0800	0,792
20200	1,0827	0,771
20400	1,1211	0,802
20600	1,0209	0,760
20800	1,0273	0,740
21000	1,2785	0,729
21200	1,1268	0,792
21400	1,1829	0,802
21600	1,3967	0,750
21800	1,0703	0,740
22000	1,1843	0,750
22200	1,4115	0,760
22400	1,2821	0,740
22600	1,0909	0,760
22800	1,1019	0,781
23000	1,1405	0,812
23200	1,0136	0,792
23400	1,0889	0,781
23600	1,1191	0,740
23800	1,1773	0,740
24000	1,1386	0,750
24200	1,0362	0,740
24400	0,9933	0,792
24600	1,0480	0,781
24800	1,0202	0,771
25000	1,1805	0,771
25200	1,2305	0,750
25400	1,1960	0,740
25600	1,3897	0,750
25800	1,1041	0,760
26000	1,0268	0,833
26200	1,0510	0,781
26400	1,0525	0,781
26600	1,1488	0,802
26800	1,4292	0,729
27000	1,2955	0,719
27200	1,0428	0,771
27400	1,8971	0,729
27600	1,1175	0,802
27800	1,1721	0,740
28000	1,1233	0,750
28200	1,1615	0,771
28400	1,3506	0,719
28600	1,0994	0,750
28800	1,3536	0,729
29000	1,1544	0,812
29200	1,2500	0,750
29400	1,1936	0,760
29600	1,2482	0,781
29800	1,2984	0,740
30000	1,1721	0,760
30200	1,3104	0,750
30400	1,0715	0,760
30600	1,0840	0,792
30800	1,3453	0,719
31000	1,2102	0,750
31200	1,2013	0,750
31400	1,1122	0,781
31600	1,1472	0,760
31800	1,1432	0,760
32000	1,1501	0,760
32200	1,2338	0,771
32400	1,0866	0,771
32600	1,1273	0,812
32800	1,3788	0,771
33000	1,2866	0,760
33200	1,2820	0,771
33400	1,3400	0,760
33600	1,2091	0,812
33800	1,1919	0,760
34000	1,1572	0,750
34200	1,1979	0,771
34400	1,2434	0,771
34600	1,1616	0,760
34800	1,4149	0,771
35000	1,4327	0,750
35200	1,4881	0,760
35400	1,3094	0,771
35600	1,4380	0,771
35800	1,2697	0,740
36000	1,4919	0,750
36200	1,4681	0,760
36400	1,4185	0,792
36600	1,3469	0,750
36800	1,2981	0,781
37000	1,3162	0,781
37200	1,4170	0,802
37400	1,4355	0,760
37600	1,5422	0,750
37800	1,4581	0,771
38000	1,7609	0,771
38200	1,4830	0,750
38400	1,4197	0,740
38600	1,4464	0,750
38800	1,5142	0,740
39000	1,4232	0,760
39200	1,4915	0,729
39400	1,6021	0,771
39600	1,5095	0,740
39800	1,5628	0,750
40000	1,1239	0,792
40200	1,2830	0,750
40400	1,1643	0,781
40600	1,2331	0,771
40800	1,2502	0,760
41000	1,1761	0,781
41200	1,2410	0,771
41400	1,2778	0,760
41600	1,2185	0,760
41800	1,3705	0,812
42000	1,2662	0,740
42200	1,3133	0,750
42400	1,2726	0,740
42600	1,3579	0,781
42800	1,3302	0,802
43000	1,2956	0,760
43200	1,3384	0,802
43400	1,4474	0,750
43600	1,4860	0,750
43800	1,5239	0,802
44000	1,1412	0,792
44200	1,1382	0,812
44400	1,1901	0,781
44600	1,2093	0,781
44800	1,2458	0,771
45000	1,2462	0,771
45200	1,3025	0,771
45400	1,2300	0,781
45600	1,2469	0,792
45800	1,2538	0,781
46000	1,2726	0,771
46200	1,2619	0,771
46400	1,2951	0,760
46600	1,3138	0,771
46800	1,3321	0,750
47000	1,3776	0,771
47200	1,3194	0,771
47400	1,5980	0,760
47600	1,3782	0,750
47800	1,3351	0,760
48000	1,3600	0,760
48200	1,3209	0,760
48400	1,4663	0,760
48600	1,4175	0,750
48800	1,4381	0,771
49000	1,5003	0,760
49200	1,4325	0,771
49400	1,5598	0,760
49600	1,6097	0,750
49800	1,5157	0,771
50000	1,5578	0,760
