2017-11-28 21:35:14.311945: I tensorflow/core/platform/cpu_feature_guard.cc:137] Your CPU supports instructions that this TensorFlow binary was not compiled to use: SSE4.1 SSE4.2 AVX AVX2 FMA
2017-11-28 21:35:14.493616: I tensorflow/core/common_runtime/gpu/gpu_device.cc:1030] Found device 0 with properties: 
name: Tesla K40d major: 3 minor: 7 memoryClockRate(GHz): 0.915
pciBusID: 0000:81:00.0
totalMemory: 11.17GiB freeMemory: 11.10GiB
2017-11-28 21:35:14.493652: I tensorflow/core/common_runtime/gpu/gpu_device.cc:1120] Creating TensorFlow device (/device:GPU:0) -> (device: 0, name: Tesla K40d, pci bus id: 0000:81:00.0, compute capability: 3.7)

*****************************************************
Dataset: 100-diff10to50-java-strict-no-parenthesis
Num hidden: 256, Steps: 50000, Display step: 200
*****************************************************


Dataset read success! Size: 100x19462
1	1,1556	0,503
200	0,7075	0,526
400	0,6986	0,539
600	0,7019	0,531
800	0,7100	0,544
1000	0,7338	0,538
1200	0,6855	0,554
1400	0,7092	0,541
1600	0,6948	0,561
1800	0,6933	0,554
2000	0,6944	0,533
2200	0,6971	0,540
2400	0,7087	0,546
2600	0,6992	0,554
2800	0,6963	0,551
3000	0,6894	0,565
3200	0,6959	0,549
3400	0,7017	0,557
3600	0,7034	0,558
3800	0,7106	0,544
4000	0,7057	0,554
4200	0,7042	0,567
4400	0,7085	0,558
4600	0,7051	0,554
4800	0,7088	0,556
5000	0,7482	0,548
5200	0,7178	0,562
5400	0,7231	0,557
5600	0,7065	0,567
5800	0,7505	0,554
6000	0,7234	0,567
6200	0,7460	0,563
6400	0,7680	0,548
6600	0,7413	0,561
6800	0,7447	0,563
7000	0,7416	0,566
7200	0,7389	0,571
7400	0,7447	0,565
7600	0,7584	0,561
7800	0,7518	0,568
8000	0,7623	0,568
8200	0,7831	0,566
8400	0,7929	0,561
8600	0,7975	0,564
8800	0,7943	0,578
9000	0,8221	0,562
9200	0,8038	0,568
9400	0,8104	0,554
9600	0,7982	0,575
9800	0,8067	0,564
10000	0,8127	0,569
10200	0,9472	0,554
10400	0,8397	0,564
10600	0,8465	0,578
10800	0,8891	0,560
11000	0,9580	0,558
11200	0,9597	0,559
11400	0,8787	0,567
11600	0,9490	0,560
11800	0,9656	0,559
12000	0,8986	0,561
12200	0,8795	0,568
12400	0,8861	0,558
12600	0,9147	0,565
12800	0,9515	0,566
13000	0,9255	0,568
13200	0,9263	0,575
13400	0,9638	0,569
13600	1,0272	0,557
13800	0,9932	0,565
14000	0,9993	0,563
14200	0,9852	0,569
14400	0,9954	0,567
14600	1,0320	0,561
14800	1,0012	0,575
15000	1,0304	0,565
15200	1,0170	0,574
15400	1,0452	0,561
15600	1,0615	0,568
15800	1,0465	0,565
16000	1,0605	0,571
16200	1,0795	0,564
16400	1,1060	0,548
16600	1,1309	0,569
16800	1,0703	0,576
17000	1,1107	0,583
17200	1,0914	0,564
17400	1,2891	0,567
17600	1,1149	0,565
17800	1,1580	0,569
18000	1,0919	0,563
18200	1,1099	0,568
18400	1,1146	0,570
18600	1,1628	0,569
18800	1,1051	0,578
19000	1,1788	0,570
19200	1,1354	0,569
19400	1,2094	0,573
19600	1,1443	0,585
19800	1,1317	0,577
20000	1,1554	0,572
20200	1,2305	0,565
20400	1,1732	0,577
20600	1,1525	0,579
20800	1,1891	0,571
21000	1,2390	0,567
21200	1,2249	0,579
21400	1,1713	0,575
21600	1,1928	0,583
21800	1,2441	0,567
22000	1,2744	0,576
22200	1,2417	0,581
22400	1,2429	0,578
22600	1,2924	0,575
22800	1,2654	0,568
23000	1,2881	0,581
23200	1,2712	0,571
23400	1,2164	0,575
23600	1,2411	0,571
23800	1,3803	0,575
24000	1,2930	0,568
24200	1,2641	0,568
24400	1,2785	0,568
24600	1,4095	0,570
24800	1,2724	0,576
25000	1,2857	0,578
25200	1,2904	0,575
25400	1,3231	0,586
25600	1,3614	0,579
25800	1,2906	0,575
26000	1,3292	0,577
26200	1,3255	0,571
26400	1,2890	0,579
26600	1,3908	0,573
26800	1,3107	0,577
27000	1,3403	0,572
27200	1,3305	0,582
27400	1,3022	0,572
27600	1,3246	0,581
27800	1,3466	0,569
28000	1,3311	0,579
28200	1,3201	0,580
28400	1,3980	0,561
28600	1,3509	0,577
28800	1,3563	0,578
29000	1,3329	0,582
29200	1,4298	0,565
29400	1,4167	0,575
29600	1,4846	0,570
29800	1,3440	0,582
30000	1,3811	0,572
30200	1,4436	0,574
30400	1,4050	0,573
30600	1,3958	0,576
30800	1,3959	0,577
31000	1,3937	0,579
31200	1,3888	0,573
31400	1,4291	0,572
31600	1,4337	0,575
31800	1,4375	0,573
32000	1,3818	0,577
32200	1,4464	0,587
32400	1,4064	0,579
32600	1,5003	0,564
32800	1,4184	0,580
33000	1,4415	0,577
33200	1,5522	0,578
33400	1,4742	0,567
33600	1,4300	0,575
33800	1,4306	0,582
34000	1,5927	0,566
34200	1,4436	0,573
34400	1,4591	0,587
34600	1,4833	0,579
34800	1,5086	0,578
35000	1,4333	0,580
35200	1,4560	0,565
35400	1,4679	0,581
35600	1,4597	0,576
35800	1,4758	0,576
36000	1,4995	0,577
36200	1,5249	0,573
36400	1,4984	0,576
36600	1,5007	0,572
36800	1,4468	0,573
37000	1,5929	0,575
37200	1,4991	0,572
37400	1,4908	0,583
37600	1,4955	0,579
37800	1,4873	0,570
38000	1,5638	0,579
38200	1,5097	0,580
38400	1,5390	0,580
38600	1,5175	0,570
38800	1,5389	0,574
39000	1,4825	0,580
39200	1,5322	0,572
39400	1,4962	0,580
39600	1,5164	0,570
39800	1,4972	0,578
40000	1,5027	0,580
40200	1,5082	0,573
40400	1,5169	0,572
40600	1,5267	0,574
40800	1,4966	0,586
41000	1,5286	0,581
41200	1,5313	0,568
41400	1,6008	0,572
41600	1,5175	0,584
41800	1,5218	0,576
42000	1,5108	0,578
42200	1,5209	0,570
42400	1,5766	0,574
42600	1,5319	0,570
42800	1,5060	0,578
43000	1,5424	0,567
43200	1,6127	0,575
43400	1,5658	0,573
43600	1,5477	0,570
43800	1,5469	0,565
44000	1,5683	0,575
44200	1,5789	0,568
44400	1,5685	0,580
44600	1,5568	0,576
44800	1,5625	0,574
45000	1,6340	0,565
45200	1,6202	0,571
45400	1,5846	0,573
45600	1,5764	0,568
45800	1,6267	0,569
46000	1,5846	0,578
46200	1,5588	0,580
46400	1,6085	0,566
46600	1,6266	0,569
46800	1,6065	0,576
47000	1,6147	0,569
47200	1,5885	0,567
47400	1,7042	0,563
47600	1,6492	0,578
47800	1,5810	0,574
48000	1,6081	0,573
48200	1,6403	0,575
48400	1,6198	0,577
48600	1,6193	0,573
48800	1,6220	0,565
49000	1,6561	0,565
49200	1,6311	0,569
49400	1,6351	0,564
49600	1,6485	0,566
49800	1,6462	0,578
50000	1,6482	0,572
/net/people/plgfracz/quality/venv/lib/python3.6/importlib/_bootstrap.py:205: RuntimeWarning: compiletime version 3.5 of module 'tensorflow.python.framework.fast_tensor_util' does not match runtime version 3.6
  return f(*args, **kwds)
Optimization Finished!
Testing Accuracy: 0.571771
