2018-01-08 12:39:25.754933: I tensorflow/core/platform/cpu_feature_guard.cc:137] Your CPU supports instructions that this TensorFlow binary was not compiled to use: SSE4.1 SSE4.2 AVX AVX2 FMA
2018-01-08 12:39:25.961634: I tensorflow/core/common_runtime/gpu/gpu_device.cc:1030] Found device 0 with properties: 
name: Tesla K40d major: 3 minor: 7 memoryClockRate(GHz): 0.915
pciBusID: 0000:85:00.0
totalMemory: 11.17GiB freeMemory: 11.09GiB
2018-01-08 12:39:25.961668: I tensorflow/core/common_runtime/gpu/gpu_device.cc:1120] Creating TensorFlow device (/device:GPU:0) -> (device: 0, name: Tesla K40d, pci bus id: 0000:85:00.0, compute capability: 3.7)

*****************************************************
Dataset: 200-diff5to100-java-strict-noonlyadddel
Num hidden: 256, Steps: 50000, Display step: 200
*****************************************************


Dataset read success! Size: 200x19850
1	0,8725	0,510
200	0,6997	0,546
400	0,6890	0,549
600	0,8124	0,521
800	0,6827	0,563
1000	0,6828	0,561
1200	0,6821	0,557
1400	0,7367	0,531
1600	0,6920	0,552
1800	0,6985	0,560
2000	0,6976	0,555
2200	0,7084	0,555
2400	0,7058	0,562
2600	0,6939	0,566
2800	0,7356	0,547
3000	0,6923	0,557
3200	0,7149	0,556
3400	0,6750	0,568
3600	0,6950	0,563
3800	0,7626	0,544
4000	0,6956	0,578
4200	0,7087	0,563
4400	0,6847	0,572
4600	0,6922	0,560
4800	0,6856	0,570
5000	0,6839	0,565
5200	0,7061	0,568
5400	0,6989	0,566
5600	0,7273	0,553
5800	0,7062	0,566
6000	0,7115	0,557
6200	0,7363	0,579
6400	0,7109	0,559
6600	0,7259	0,569
6800	0,7129	0,570
7000	0,7024	0,576
7200	0,7235	0,558
7400	0,7362	0,564
7600	0,7142	0,567
7800	0,7276	0,567
8000	0,7426	0,555
8200	0,7153	0,567
8400	0,7363	0,562
8600	0,7205	0,571
8800	0,7338	0,562
9000	0,7703	0,557
9200	0,7762	0,581
9400	0,7491	0,575
9600	0,7549	0,554
9800	0,8659	0,573
10000	0,7681	0,564
10200	0,7731	0,570
10400	0,7601	0,555
10600	0,7583	0,562
10800	0,7644	0,569
11000	0,7719	0,568
11200	0,7776	0,570
11400	0,7806	0,578
11600	0,8473	0,567
11800	0,7838	0,571
12000	0,7968	0,576
12200	0,9138	0,554
12400	0,8033	0,571
12600	0,8068	0,573
12800	0,8098	0,575
13000	0,8083	0,566
13200	0,8374	0,573
13400	0,8602	0,578
13600	0,8384	0,575
13800	0,8324	0,565
14000	0,8471	0,573
14200	0,8719	0,579
14400	0,8609	0,579
14600	0,9389	0,567
14800	0,8721	0,572
15000	0,9270	0,576
15200	0,8818	0,576
15400	0,9342	0,574
15600	0,8907	0,583
15800	0,9008	0,584
16000	0,9035	0,578
16200	0,9622	0,568
16400	0,9576	0,579
16600	0,9571	0,583
16800	0,9303	0,584
17000	0,9440	0,580
17200	0,9662	0,579
17400	0,9788	0,585
17600	1,0100	0,581
17800	0,9501	0,579
18000	1,1241	0,570
18200	1,0290	0,588
18400	1,0213	0,591
18600	1,0095	0,572
18800	1,0334	0,573
19000	1,3945	0,566
19200	0,9859	0,590
19400	1,0800	0,586
19600	1,1498	0,575
19800	1,1019	0,585
20000	1,0007	0,589
20200	1,0173	0,579
20400	1,0622	0,570
20600	1,0429	0,588
20800	1,1313	0,574
21000	1,0395	0,582
21200	1,0881	0,567
21400	1,1131	0,581
21600	1,1811	0,589
21800	1,0886	0,587
22000	1,1173	0,571
22200	1,1071	0,585
22400	1,0988	0,588
22600	1,0860	0,589
22800	1,0971	0,583
23000	1,1487	0,582
23200	1,1481	0,570
23400	1,2554	0,564
23600	1,4672	0,565
23800	1,2497	0,575
24000	1,2666	0,588
24200	1,2323	0,583
24400	1,2445	0,571
24600	1,4009	0,574
24800	1,3661	0,577
25000	1,1394	0,580
25200	1,1630	0,583
25400	1,2210	0,573
25600	1,1924	0,578
25800	1,2521	0,585
26000	1,1803	0,596
26200	1,3565	0,573
26400	1,3768	0,576
26600	1,2005	0,583
26800	1,2781	0,574
27000	1,4862	0,567
27200	1,2013	0,583
27400	1,2309	0,583
27600	1,5454	0,569
27800	1,2612	0,562
28000	1,3099	0,573
28200	1,2546	0,587
28400	1,2580	0,581
28600	1,3094	0,565
28800	1,2446	0,585
29000	1,2921	0,587
29200	1,4911	0,578
29400	1,3562	0,576
29600	1,2718	0,579
29800	1,3025	0,575
30000	1,2835	0,577
30200	1,2901	0,580
30400	1,3392	0,575
30600	1,3262	0,585
30800	1,3051	0,581
31000	1,3005	0,581
31200	1,4134	0,573
31400	1,3375	0,575
31600	1,3203	0,585
31800	1,4162	0,586
32000	1,3572	0,577
32200	1,3259	0,579
32400	1,3117	0,590
32600	1,4306	0,591
32800	1,3552	0,573
33000	1,3306	0,586
33200	1,3348	0,581
33400	1,4086	0,585
33600	1,4892	0,577
33800	1,3460	0,584
34000	1,3531	0,582
34200	1,2903	0,592
34400	1,4598	0,579
34600	1,3697	0,578
34800	1,3470	0,591
35000	1,3227	0,588
35200	1,3994	0,582
35400	1,4157	0,577
35600	1,4022	0,588
35800	1,3334	0,595
36000	1,3616	0,585
36200	1,3843	0,586
36400	1,3951	0,594
36600	1,4831	0,594
36800	1,4257	0,588
37000	1,4059	0,582
37200	1,4038	0,587
37400	1,3981	0,595
37600	1,5190	0,587
37800	1,4258	0,576
38000	1,5237	0,584
38200	1,3533	0,600
38400	1,4212	0,594
38600	1,4317	0,580
38800	1,3794	0,591
39000	1,3885	0,596
39200	1,3955	0,587
39400	1,4372	0,581
39600	1,4039	0,581
39800	1,4265	0,593
40000	1,4082	0,589
40200	1,4911	0,570
40400	1,4480	0,593
40600	1,4237	0,590
40800	1,4131	0,580
41000	1,5615	0,574
41200	1,4382	0,585
41400	1,4552	0,586
41600	1,4038	0,589
41800	1,5584	0,577
42000	1,4368	0,578
42200	1,4618	0,592
42400	1,5094	0,593
42600	1,5093	0,578
42800	1,4837	0,581
43000	1,5328	0,591
43200	1,5051	0,595
43400	1,5022	0,588
43600	1,4877	0,586
43800	1,5987	0,597
44000	1,4355	0,584
44200	1,4979	0,586
44400	1,4622	0,581
44600	1,5112	0,587
44800	1,4360	0,589
45000	1,4814	0,587
45200	1,4703	0,581
45400	1,4895	0,587
45600	1,4143	0,590
45800	1,4719	0,578
46000	1,5426	0,582
46200	1,4786	0,588
46400	1,4110	0,589
46600	1,4701	0,584
46800	1,6120	0,578
47000	1,4853	0,585
47200	1,4819	0,582
47400	1,5103	0,585
47600	1,5021	0,584
47800	1,4724	0,582
48000	1,4878	0,586
48200	1,5216	0,591
48400	1,5261	0,582
48600	1,4790	0,592
48800	1,4974	0,588
49000	1,5220	0,589
49200	1,6670	0,577
49400	1,5453	0,583
49600	1,5304	0,581
49800	1,5365	0,586
50000	1,5397	0,592
/net/people/plgfracz/quality/venv/lib/python3.6/importlib/_bootstrap.py:205: RuntimeWarning: compiletime version 3.5 of module 'tensorflow.python.framework.fast_tensor_util' does not match runtime version 3.6
  return f(*args, **kwds)
Optimization Finished!
Testing Accuracy: 0.591871
