2017-11-17 01:35:09.985709: I tensorflow/core/platform/cpu_feature_guard.cc:137] Your CPU supports instructions that this TensorFlow binary was not compiled to use: SSE4.1 SSE4.2 AVX AVX2 FMA
2017-11-17 01:35:10.165527: I tensorflow/core/common_runtime/gpu/gpu_device.cc:1030] Found device 0 with properties: 
name: Tesla K40d major: 3 minor: 7 memoryClockRate(GHz): 0.915
pciBusID: 0000:85:00.0
totalMemory: 11.17GiB freeMemory: 11.10GiB
2017-11-17 01:35:10.165564: I tensorflow/core/common_runtime/gpu/gpu_device.cc:1120] Creating TensorFlow device (/device:GPU:0) -> (device: 0, name: Tesla K40d, pci bus id: 0000:85:00.0, compute capability: 3.7)

*****************************************************
Dataset: 100-diff10-ba
Num hidden: 256, Steps: 50000, Display step: 200
*****************************************************


Input size: 100x6063
1	1,8928	0,492
200	0,7794	0,504
400	0,8585	0,537
600	0,7860	0,567
800	0,7686	0,524
1000	0,7440	0,535
1200	0,7303	0,528
1400	0,7591	0,551
1600	0,7567	0,547
1800	0,7832	0,528
2000	0,8491	0,547
2200	0,7719	0,538
2400	0,7340	0,528
2600	0,8278	0,539
2800	0,7640	0,556
3000	0,7722	0,516
3200	0,7679	0,526
3400	0,7319	0,565
3600	0,7606	0,586
3800	0,7199	0,586
4000	0,7570	0,546
4200	0,7345	0,545
4400	0,7200	0,595
4600	0,7454	0,562
4800	0,7361	0,573
5000	0,7595	0,574
5200	0,7583	0,586
5400	0,7942	0,557
5600	1,1926	0,515
5800	0,7057	0,613
6000	0,7456	0,601
6200	0,7262	0,593
6400	0,7130	0,615
6600	0,7689	0,604
6800	0,9366	0,561
7000	0,7278	0,607
7200	0,7639	0,594
7400	1,0760	0,557
7600	0,8103	0,573
7800	0,7836	0,591
8000	0,9740	0,562
8200	0,7697	0,626
8400	0,9782	0,578
8600	0,9293	0,536
8800	0,7860	0,618
9000	0,8845	0,592
9200	0,9415	0,608
9400	0,8557	0,553
9600	0,7901	0,613
9800	0,8272	0,595
10000	0,7785	0,598
10200	0,8173	0,594
10400	0,8170	0,624
10600	0,8511	0,604
10800	0,8217	0,622
11000	0,9551	0,587
11200	0,8564	0,608
11400	0,8449	0,593
11600	0,8799	0,603
11800	0,8952	0,575
12000	0,8815	0,600
12200	0,9094	0,597
12400	0,9492	0,601
12600	0,9770	0,547
12800	0,9570	0,587
13000	0,9713	0,581
13200	0,9925	0,569
13400	1,0974	0,572
13600	1,3496	0,554
13800	0,9927	0,593
14000	1,0556	0,595
14200	0,9646	0,591
14400	0,9417	0,596
14600	0,9678	0,591
14800	0,9745	0,573
15000	1,0011	0,581
15200	0,9791	0,604
15400	1,0362	0,540
15600	0,9983	0,600
15800	1,0011	0,558
16000	1,1059	0,570
16200	1,1466	0,602
16400	1,0284	0,562
16600	1,0431	0,551
16800	1,0603	0,535
17000	1,0967	0,611
17200	1,1271	0,586
17400	1,0752	0,595
17600	1,1108	0,554
17800	1,0715	0,600
18000	1,0962	0,559
18200	1,0722	0,583
18400	1,2034	0,551
18600	1,1304	0,595
18800	1,2670	0,585
19000	1,0872	0,600
19200	1,2187	0,589
19400	1,3468	0,579
19600	1,4174	0,548
19800	1,1832	0,611
20000	1,1661	0,589
20200	1,1509	0,557
20400	1,1707	0,590
20600	1,1526	0,600
20800	1,2284	0,563
21000	1,1530	0,547
21200	1,1944	0,578
21400	1,1774	0,576
21600	1,1917	0,594
21800	1,3536	0,590
22000	1,2550	0,563
22200	1,1949	0,556
22400	1,1870	0,604
22600	1,3135	0,520
22800	1,1720	0,600
23000	1,3437	0,545
23200	1,2222	0,562
23400	1,2356	0,564
23600	1,2809	0,587
23800	1,6602	0,573
24000	1,2041	0,573
24200	1,2338	0,551
24400	1,1743	0,587
24600	1,3107	0,582
24800	1,3875	0,573
25000	1,2688	0,569
25200	1,3644	0,559
25400	1,3229	0,529
25600	1,4595	0,510
25800	1,2612	0,528
26000	1,5616	0,560
26200	1,2572	0,603
26400	1,6048	0,510
26600	1,2217	0,568
26800	2,2395	0,515
27000	1,3140	0,585
27200	1,3771	0,558
27400	1,3903	0,540
27600	1,2322	0,558
27800	1,5719	0,578
28000	1,3235	0,578
28200	1,6894	0,510
28400	1,2819	0,586
28600	1,4805	0,565
28800	1,2947	0,559
29000	1,7201	0,501
29200	1,3343	0,535
29400	1,6512	0,552
29600	1,3053	0,569
29800	2,1894	0,531
30000	1,4420	0,488
30200	1,8690	0,541
30400	1,3920	0,517
30600	1,4083	0,576
30800	1,8391	0,510
31000	1,3194	0,542
31200	1,8983	0,550
31400	1,2532	0,576
31600	1,6653	0,529
31800	1,4457	0,535
32000	1,7872	0,563
32200	1,5111	0,521
32400	1,7116	0,496
32600	1,4417	0,541
32800	1,7399	0,524
33000	1,4818	0,611
33200	2,3843	0,521
33400	1,5751	0,493
33600	2,0327	0,526
33800	1,8063	0,521
34000	1,3788	0,560
34200	1,5365	0,526
34400	1,4460	0,485
34600	1,5958	0,545
34800	1,3683	0,580
35000	2,1362	0,497
35200	1,4636	0,529
35400	1,6894	0,602
35600	1,4566	0,582
35800	1,7578	0,513
36000	1,4719	0,538
36200	2,3356	0,512
36400	1,5889	0,538
36600	2,8232	0,526
36800	1,7608	0,502
37000	1,4563	0,573
37200	1,6913	0,543
37400	1,3488	0,596
37600	1,7829	0,487
37800	1,4039	0,572
38000	1,7261	0,546
38200	1,4694	0,562
38400	2,2624	0,541
38600	1,5608	0,543
38800	1,6322	0,542
39000	1,5980	0,575
39200	2,1106	0,510
39400	1,6068	0,534
39600	2,3271	0,517
39800	1,6007	0,560
40000	2,3429	0,532
40200	1,8563	0,495
40400	1,4991	0,538
40600	1,6377	0,534
40800	1,4475	0,595
41000	1,8757	0,531
41200	1,5427	0,556
41400	2,0601	0,562
41600	1,4917	0,586
41800	1,8279	0,512
42000	1,6609	0,521
42200	1,7829	0,537
42400	1,5167	0,579
42600	2,3769	0,513
42800	1,8571	0,502
43000	2,5655	0,512
43200	1,7414	0,536
43400	1,6877	0,594
43600	1,6303	0,547
43800	1,5866	0,548
44000	1,7318	0,596
44200	1,5192	0,587
44400	1,7572	0,570
44600	1,5607	0,531
44800	1,7590	0,587
45000	1,6213	0,598
45200	2,1646	0,505
45400	1,6247	0,510
45600	2,7813	0,504
45800	1,6555	0,536
46000	3,1494	0,530
46200	1,7668	0,535
46400	2,1764	0,538
46600	1,5745	0,549
46800	1,4868	0,573
47000	1,6755	0,530
47200	1,4661	0,537
47400	1,7955	0,592
47600	1,5726	0,562
47800	1,8632	0,553
48000	1,5654	0,553
48200	1,5393	0,607
48400	1,5731	0,576
48600	2,1984	0,509
48800	1,8841	0,505
49000	2,0849	0,535
49200	1,6123	0,571
49400	3,1859	0,529
49600	1,9284	0,505
49800	2,0132	0,569
50000	1,6461	0,584
/net/people/plgfracz/quality/venv/lib/python3.6/importlib/_bootstrap.py:205: RuntimeWarning: compiletime version 3.5 of module 'tensorflow.python.framework.fast_tensor_util' does not match runtime version 3.6
  return f(*args, **kwds)
Optimization Finished!
