2017-11-21 00:29:48.588189: I tensorflow/core/platform/cpu_feature_guard.cc:137] Your CPU supports instructions that this TensorFlow binary was not compiled to use: SSE4.1 SSE4.2 AVX AVX2 FMA
2017-11-21 00:29:48.774067: I tensorflow/core/common_runtime/gpu/gpu_device.cc:1030] Found device 0 with properties: 
name: Tesla K40d major: 3 minor: 7 memoryClockRate(GHz): 0.915
pciBusID: 0000:81:00.0
totalMemory: 11.17GiB freeMemory: 11.10GiB
2017-11-21 00:29:48.774102: I tensorflow/core/common_runtime/gpu/gpu_device.cc:1120] Creating TensorFlow device (/device:GPU:0) -> (device: 0, name: Tesla K40d, pci bus id: 0000:81:00.0, compute capability: 3.7)

*****************************************************
Dataset: 100-diff10-ba-java
Num hidden: 256, Steps: 50000, Display step: 200
*****************************************************


Input size: 100x13754
1	5,5182	0,485
200	0,7012	0,549
400	0,7228	0,544
600	0,7108	0,559
800	0,9344	0,530
1000	0,7451	0,553
1200	0,7128	0,566
1400	0,7087	0,545
1600	0,7720	0,547
1800	0,7214	0,544
2000	0,7178	0,552
2200	0,7332	0,547
2400	0,7922	0,548
2600	0,7557	0,542
2800	0,7571	0,555
3000	0,7451	0,555
3200	0,7565	0,538
3400	0,7750	0,559
3600	0,7278	0,543
3800	0,7297	0,542
4000	0,8333	0,557
4200	0,7985	0,532
4400	0,7405	0,529
4600	0,7546	0,538
4800	0,7510	0,549
5000	0,7915	0,559
5200	0,7582	0,560
5400	0,7477	0,555
5600	0,7525	0,565
5800	0,7306	0,550
6000	0,7420	0,561
6200	0,7619	0,534
6400	0,7756	0,534
6600	0,8185	0,538
6800	0,7543	0,538
7000	0,8042	0,540
7200	0,7660	0,535
7400	0,7665	0,543
7600	0,8029	0,536
7800	0,7678	0,554
8000	0,7641	0,550
8200	0,8438	0,523
8400	0,9214	0,528
8600	0,8207	0,535
8800	0,8080	0,553
9000	0,7952	0,541
9200	0,8005	0,549
9400	0,7796	0,548
9600	0,7980	0,531
9800	0,8933	0,541
10000	0,8215	0,541
10200	0,8102	0,546
10400	1,0202	0,514
10600	0,8807	0,528
10800	0,9287	0,529
11000	0,9106	0,540
11200	0,8217	0,555
11400	0,8192	0,541
11600	0,8246	0,544
11800	0,8190	0,546
12000	0,8297	0,531
12200	0,8205	0,542
12400	0,8089	0,541
12600	0,9963	0,515
12800	0,8790	0,534
13000	0,8557	0,547
13200	0,8839	0,537
13400	0,9159	0,532
13600	0,8363	0,560
13800	0,8604	0,549
14000	1,0093	0,539
14200	0,8865	0,544
14400	0,8339	0,560
14600	0,9515	0,523
14800	0,9573	0,514
15000	0,9492	0,534
15200	0,8972	0,531
15400	0,9162	0,555
15600	1,0291	0,518
15800	0,8729	0,557
16000	0,8838	0,543
16200	0,9020	0,539
16400	0,8982	0,536
16600	0,9228	0,531
16800	0,9878	0,515
17000	0,9680	0,531
17200	0,9386	0,531
17400	0,9352	0,533
17600	1,0763	0,507
17800	0,9270	0,540
18000	0,9195	0,554
18200	0,9951	0,536
18400	0,9275	0,537
18600	0,9101	0,543
18800	0,9267	0,534
19000	1,0097	0,518
19200	1,0027	0,524
19400	0,9701	0,529
19600	0,9278	0,548
19800	0,9400	0,560
20000	0,9483	0,559
20200	0,9658	0,551
20400	1,0219	0,529
20600	1,0021	0,553
20800	1,0173	0,526
21000	0,9494	0,535
21200	1,0220	0,525
21400	1,0056	0,537
21600	1,0020	0,529
21800	1,0047	0,540
22000	1,0294	0,537
22200	1,0350	0,546
22400	1,0103	0,548
22600	1,1091	0,523
22800	1,0618	0,554
23000	1,0124	0,542
23200	1,0828	0,523
23400	1,0778	0,539
23600	1,0332	0,532
23800	1,0268	0,533
24000	1,0084	0,541
24200	1,0534	0,536
24400	1,0408	0,541
24600	1,0630	0,537
24800	1,0395	0,539
25000	1,0628	0,538
25200	1,0712	0,531
25400	1,1628	0,543
25600	1,1995	0,536
25800	1,1386	0,531
26000	1,0770	0,533
26200	1,1173	0,531
26400	1,0875	0,538
26600	1,0797	0,543
26800	1,1254	0,531
27000	1,1416	0,530
27200	1,1238	0,524
27400	1,1017	0,539
27600	1,1653	0,535
27800	1,1888	0,516
28000	1,1703	0,524
28200	1,1936	0,543
28400	1,1326	0,546
28600	1,1244	0,550
28800	1,1905	0,544
29000	1,2567	0,537
29200	1,1994	0,531
29400	1,1812	0,534
29600	1,1513	0,544
29800	1,3928	0,534
30000	1,4174	0,531
30200	1,1883	0,537
30400	1,2386	0,536
30600	1,1767	0,532
30800	1,2206	0,538
31000	1,2391	0,542
31200	1,1963	0,535
31400	1,2241	0,527
31600	1,1645	0,529
31800	1,1980	0,542
32000	1,2710	0,525
32200	1,3559	0,534
32400	1,2686	0,520
32600	1,3977	0,525
32800	1,2357	0,536
33000	1,2271	0,545
33200	1,3830	0,534
33400	1,5544	0,547
33600	1,3461	0,534
33800	1,2868	0,521
34000	1,3209	0,533
34200	1,4662	0,520
34400	1,7431	0,520
34600	1,2579	0,540
34800	1,3232	0,525
35000	1,2773	0,542
35200	1,2858	0,543
35400	1,2678	0,544
35600	1,3169	0,550
35800	1,2929	0,545
36000	1,3799	0,521
36200	1,4805	0,520
36400	1,3239	0,526
36600	1,4072	0,531
36800	1,2981	0,547
37000	1,3079	0,528
37200	1,2525	0,545
37400	1,3514	0,533
37600	1,3068	0,539
37800	1,3021	0,549
38000	1,3431	0,531
38200	1,3622	0,533
38400	2,1035	0,513
38600	1,4735	0,527
38800	1,3921	0,528
39000	1,5288	0,537
39200	1,3395	0,528
39400	1,3008	0,540
39600	1,3411	0,546
39800	1,4254	0,542
40000	1,4790	0,526
40200	1,3536	0,528
40400	1,3381	0,543
40600	1,4566	0,533
40800	1,3845	0,536
41000	1,4163	0,531
41200	1,3704	0,539
41400	1,4230	0,530
41600	1,3977	0,540
41800	1,3783	0,547
42000	1,3898	0,535
42200	1,4288	0,538
42400	1,3586	0,540
42600	1,3872	0,535
42800	1,4362	0,535
43000	1,4335	0,531
43200	1,3589	0,530
43400	1,3974	0,532
43600	1,3838	0,544
43800	1,5532	0,531
44000	1,3901	0,558
44200	1,3739	0,547
44400	1,4969	0,539
44600	1,3486	0,554
44800	1,4127	0,540
45000	1,5368	0,522
45200	1,6697	0,521
45400	1,4318	0,537
45600	1,4690	0,533
45800	1,4531	0,542
46000	1,5216	0,535
46200	1,4470	0,540
46400	1,4419	0,535
46600	1,4560	0,527
46800	1,3906	0,537
47000	1,4487	0,542
47200	1,4081	0,535
47400	1,5121	0,527
47600	1,5963	0,526
47800	1,5020	0,529
48000	1,4436	0,550
48200	1,5881	0,531
48400	1,5819	0,534
48600	1,5346	0,542
48800	1,4765	0,541
49000	1,5304	0,534
49200	1,9840	0,522
49400	1,5846	0,537
49600	1,4946	0,535
49800	1,5309	0,537
50000	1,5333	0,525
/net/people/plgfracz/quality/venv/lib/python3.6/importlib/_bootstrap.py:205: RuntimeWarning: compiletime version 3.5 of module 'tensorflow.python.framework.fast_tensor_util' does not match runtime version 3.6
  return f(*args, **kwds)
Optimization Finished!
