2017-11-21 00:30:41.843646: I tensorflow/core/platform/cpu_feature_guard.cc:137] Your CPU supports instructions that this TensorFlow binary was not compiled to use: SSE4.1 SSE4.2 AVX AVX2 FMA
2017-11-21 00:30:42.030233: I tensorflow/core/common_runtime/gpu/gpu_device.cc:1030] Found device 0 with properties: 
name: Tesla K40d major: 3 minor: 7 memoryClockRate(GHz): 0.915
pciBusID: 0000:81:00.0
totalMemory: 11.17GiB freeMemory: 11.10GiB
2017-11-21 00:30:42.030270: I tensorflow/core/common_runtime/gpu/gpu_device.cc:1120] Creating TensorFlow device (/device:GPU:0) -> (device: 0, name: Tesla K40d, pci bus id: 0000:81:00.0, compute capability: 3.7)

*****************************************************
Dataset: 200-diff10to50-ba-php
Num hidden: 256, Steps: 50000, Display step: 200
*****************************************************


Input size: 200x9945
1	1,0556	0,500
200	0,9084	0,477
400	0,7437	0,531
600	0,7597	0,522
800	0,7468	0,538
1000	0,7368	0,532
1200	0,7197	0,540
1400	0,7495	0,511
1600	0,8786	0,541
1800	0,7940	0,502
2000	0,7182	0,543
2200	0,7091	0,587
2400	0,7543	0,507
2600	0,7275	0,521
2800	0,8934	0,545
3000	0,7257	0,524
3200	0,7309	0,533
3400	0,7396	0,547
3600	0,7333	0,588
3800	0,7545	0,524
4000	0,7656	0,515
4200	0,7996	0,507
4400	0,7289	0,588
4600	0,7314	0,515
4800	0,7547	0,523
5000	0,7613	0,542
5200	0,7546	0,514
5400	0,7392	0,573
5600	0,7400	0,565
5800	0,8237	0,566
6000	0,7931	0,586
6200	0,7478	0,576
6400	0,7923	0,531
6600	0,7521	0,544
6800	1,1146	0,486
7000	0,7745	0,573
7200	0,8127	0,577
7400	0,8177	0,496
7600	0,8424	0,578
7800	0,7958	0,593
8000	0,7181	0,595
8200	0,7446	0,549
8400	0,7802	0,525
8600	0,7585	0,537
8800	0,8388	0,579
9000	0,7774	0,584
9200	0,8079	0,583
9400	0,8125	0,571
9600	0,7591	0,583
9800	0,7134	0,574
10000	0,7671	0,592
10200	0,7579	0,537
10400	0,7613	0,543
10600	0,7772	0,586
10800	0,8150	0,578
11000	0,7427	0,589
11200	0,7683	0,572
11400	0,7723	0,532
11600	0,7825	0,588
11800	0,7670	0,563
12000	0,8942	0,582
12200	0,7826	0,576
12400	0,8187	0,556
12600	0,8097	0,571
12800	0,7995	0,567
13000	0,7843	0,561
13200	0,8889	0,571
13400	0,7893	0,576
13600	1,0172	0,497
13800	0,7941	0,589
14000	0,8760	0,536
14200	0,8259	0,576
14400	0,8277	0,553
14600	0,8139	0,581
14800	1,0356	0,524
15000	0,7967	0,581
15200	0,9343	0,516
15400	0,8423	0,578
15600	0,8677	0,540
15800	0,8727	0,592
16000	0,8735	0,571
16200	1,6935	0,481
16400	0,9261	0,535
16600	0,9269	0,577
16800	0,9106	0,579
17000	0,8332	0,571
17200	1,1570	0,580
17400	0,9357	0,572
17600	0,9508	0,551
17800	0,8995	0,568
18000	0,9336	0,574
18200	0,8737	0,569
18400	1,0031	0,584
18600	0,9167	0,529
18800	1,1723	0,577
19000	0,9268	0,566
19200	0,8947	0,574
19400	1,0197	0,582
19600	0,9575	0,571
19800	1,2854	0,570
20000	0,8982	0,573
20200	1,5617	0,494
20400	0,8796	0,591
20600	1,7050	0,488
20800	0,9143	0,569
21000	1,5197	0,558
21200	0,9957	0,524
21400	0,9518	0,598
21600	1,3291	0,512
21800	1,0025	0,579
22000	1,0995	0,590
22200	1,2247	0,573
22400	1,0127	0,521
22600	1,2347	0,526
22800	0,9780	0,581
23000	1,0756	0,580
23200	0,9654	0,606
23400	0,9135	0,598
23600	1,1038	0,585
23800	0,9580	0,592
24000	1,3532	0,573
24200	1,0603	0,576
24400	1,2530	0,572
24600	1,1304	0,584
24800	1,1268	0,587
25000	1,0706	0,586
25200	1,1208	0,522
25400	1,1252	0,545
25600	1,0525	0,578
25800	1,3812	0,569
26000	1,0590	0,597
26200	1,3799	0,584
26400	1,1012	0,592
26600	1,3071	0,558
26800	1,0586	0,593
27000	1,0757	0,580
27200	1,1648	0,575
27400	1,1430	0,569
27600	1,2109	0,582
27800	1,2186	0,584
28000	1,1696	0,586
28200	1,1065	0,580
28400	1,0625	0,590
28600	1,3244	0,492
28800	1,1362	0,590
29000	1,4997	0,578
29200	1,1138	0,591
29400	1,3380	0,588
29600	1,1447	0,586
29800	1,3543	0,577
30000	1,1742	0,562
30200	1,1863	0,581
30400	1,2557	0,595
30600	1,2065	0,530
30800	1,2029	0,601
31000	1,2539	0,531
31200	1,1761	0,604
31400	1,1560	0,567
31600	1,1379	0,580
31800	1,2734	0,527
32000	1,1974	0,595
32200	1,3052	0,521
32400	1,2212	0,575
32600	1,3953	0,535
32800	1,2491	0,560
33000	1,3506	0,526
33200	1,2455	0,568
33400	1,3640	0,577
33600	1,2575	0,584
33800	1,2070	0,587
34000	1,3319	0,568
34200	1,7123	0,519
34400	1,2878	0,584
34600	1,7093	0,531
34800	1,2167	0,590
35000	1,6018	0,519
35200	1,3617	0,544
35400	1,3655	0,529
35600	1,3222	0,571
35800	1,4149	0,513
36000	1,5409	0,531
36200	1,5478	0,580
36400	1,5200	0,566
36600	1,3739	0,535
36800	1,3865	0,586
37000	1,3140	0,565
37200	1,4545	0,578
37400	1,3658	0,525
37600	1,5143	0,586
37800	1,4668	0,527
38000	1,3982	0,599
38200	1,3561	0,575
38400	1,4352	0,589
38600	1,3348	0,569
38800	1,3700	0,586
39000	1,4264	0,575
39200	1,3414	0,606
39400	1,3220	0,587
39600	1,3420	0,578
39800	1,4057	0,567
40000	1,5971	0,508
40200	1,3838	0,574
40400	1,3673	0,528
40600	1,4419	0,511
40800	1,4285	0,522
41000	1,5177	0,524
41200	1,3420	0,563
41400	1,4870	0,525
41600	1,4893	0,519
41800	1,5255	0,506
42000	1,4229	0,529
42200	1,4523	0,537
42400	1,4037	0,586
42600	1,4765	0,524
42800	1,4227	0,589
43000	1,5710	0,513
43200	1,3556	0,569
43400	1,4560	0,574
43600	1,4387	0,566
43800	1,4997	0,575
44000	1,3132	0,584
44200	1,4663	0,579
44400	1,4140	0,569
44600	1,4231	0,584
44800	1,8405	0,505
45000	1,4487	0,579
45200	1,7102	0,511
45400	1,4766	0,516
45600	1,5375	0,519
45800	1,5511	0,517
46000	1,5442	0,508
46200	1,5168	0,589
46400	1,4269	0,571
46600	1,4632	0,562
46800	1,6139	0,520
47000	1,4843	0,513
47200	1,5170	0,563
47400	1,5099	0,573
47600	1,6113	0,518
47800	1,5382	0,520
48000	1,4710	0,563
48200	1,4961	0,573
48400	1,8073	0,534
48600	1,5880	0,516
48800	1,6405	0,523
49000	1,6058	0,512
49200	1,5396	0,520
49400	1,5032	0,549
49600	1,5201	0,535
49800	1,6308	0,516
50000	1,8780	0,510
