2018-08-15 08:37:45.498825: I tensorflow/core/platform/cpu_feature_guard.cc:137] Your CPU supports instructions that this TensorFlow binary was not compiled to use: SSE4.1 SSE4.2 AVX AVX2 FMA
2018-08-15 08:37:45.644830: I tensorflow/core/common_runtime/gpu/gpu_device.cc:1030] Found device 0 with properties: 
name: Tesla K40d major: 3 minor: 7 memoryClockRate(GHz): 0.915
pciBusID: 0000:85:00.0
totalMemory: 11.17GiB freeMemory: 11.09GiB
2018-08-15 08:37:45.644868: I tensorflow/core/common_runtime/gpu/gpu_device.cc:1120] Creating TensorFlow device (/device:GPU:0) -> (device: 0, name: Tesla K40d, pci bus id: 0000:85:00.0, compute capability: 3.7)

*****************************************************
Dataset: 200-java-strict
Num hidden: 128, Steps: 50000, Display step: 200
*****************************************************


Dataset read success! Size: 200x65442
1	0,9216	0,490
200	0,7159	0,514
400	0,7104	0,514
600	0,6983	0,524
800	0,6991	0,525
1000	0,7031	0,529
1200	0,6958	0,525
1400	0,6907	0,536
1600	0,7439	0,519
1800	0,6886	0,536
2000	0,6975	0,533
2200	0,6895	0,536
2400	0,6885	0,545
2600	0,6968	0,540
2800	0,7245	0,523
3000	0,7127	0,529
3200	0,6952	0,529
3400	0,6912	0,542
3600	0,6907	0,534
3800	0,6933	0,536
4000	0,6909	0,536
4200	0,7157	0,517
4400	0,6904	0,536
4600	0,6942	0,541
4800	0,7279	0,526
5000	0,7048	0,526
5200	0,6929	0,541
5400	0,7182	0,526
5600	0,6928	0,527
5800	0,6928	0,537
6000	0,6894	0,537
6200	0,6951	0,534
6400	0,6920	0,533
6600	0,7013	0,535
6800	0,6867	0,543
7000	0,6920	0,540
7200	0,6893	0,541
7400	0,6883	0,538
7600	0,6906	0,535
7800	0,6858	0,541
8000	0,6873	0,541
8200	0,7022	0,529
8400	0,6907	0,536
8600	0,7372	0,520
8800	0,6908	0,531
9000	0,6938	0,531
9200	0,6888	0,534
9400	0,7028	0,529
9600	0,6961	0,536
9800	0,6941	0,532
10000	0,6938	0,528
10200	0,6887	0,539
10400	0,6899	0,533
10600	0,7147	0,535
10800	0,6903	0,536
11000	0,6875	0,534
11200	0,7045	0,533
11400	0,6894	0,533
11600	0,7212	0,528
11800	0,6907	0,535
12000	0,6898	0,537
12200	0,6912	0,539
12400	0,6917	0,536
12600	0,6931	0,533
12800	0,7149	0,525
13000	0,6913	0,536
13200	0,6866	0,543
13400	0,7336	0,534
13600	0,6938	0,530
13800	0,6895	0,536
14000	0,7027	0,528
14200	0,6900	0,541
14400	0,6947	0,524
14600	0,6894	0,543
14800	0,6882	0,543
15000	0,6903	0,535
15200	0,7032	0,534
15400	0,6913	0,534
15600	0,6875	0,537
15800	0,7090	0,524
16000	0,6959	0,530
16200	0,6924	0,524
16400	0,7638	0,519
16600	0,6962	0,539
16800	0,6897	0,538
17000	0,6928	0,532
17200	0,6929	0,538
17400	0,6915	0,536
17600	0,6955	0,529
17800	0,7006	0,526
18000	0,6927	0,531
18200	0,7194	0,527
18400	0,6945	0,537
18600	0,6999	0,528
18800	0,6982	0,537
19000	0,7442	0,531
19200	0,6911	0,538
19400	0,7063	0,532
19600	0,7119	0,525
19800	0,6993	0,538
20000	0,6936	0,541
20200	0,6928	0,535
20400	0,6952	0,535
20600	0,6940	0,533
20800	0,6922	0,543
21000	0,6948	0,536
21200	0,6954	0,532
21400	0,7038	0,528
21600	0,6933	0,538
21800	0,6916	0,537
22000	0,6940	0,542
22200	0,7107	0,538
22400	0,7070	0,530
22600	0,6996	0,537
22800	0,6922	0,540
23000	0,6982	0,533
23200	0,6944	0,537
23400	0,7103	0,535
23600	0,7001	0,537
23800	0,6971	0,534
24000	0,6993	0,535
24200	0,6924	0,538
24400	0,6935	0,534
24600	0,6968	0,539
24800	0,6933	0,538
25000	0,6946	0,535
25200	0,6920	0,539
25400	0,7005	0,532
25600	0,6977	0,532
25800	0,6918	0,539
26000	0,7311	0,533
26200	0,6995	0,528
26400	0,6998	0,536
26600	0,6947	0,537
26800	0,7017	0,540
27000	0,7015	0,528
27200	0,7025	0,532
27400	0,6961	0,533
27600	0,6979	0,535
27800	0,6959	0,537
28000	0,7041	0,541
28200	0,7023	0,532
28400	0,6938	0,537
28600	0,6951	0,539
28800	0,6978	0,538
29000	0,7234	0,528
29200	0,7042	0,537
29400	0,6965	0,538
29600	0,6960	0,539
29800	0,7039	0,530
30000	0,7017	0,536
30200	0,7301	0,527
30400	0,6967	0,541
30600	0,7005	0,543
30800	0,7248	0,544
31000	0,7009	0,530
31200	0,7148	0,538
31400	0,7116	0,524
31600	0,7001	0,538
31800	0,7014	0,539
32000	0,7118	0,544
32200	0,7017	0,541
32400	0,7019	0,537
32600	0,7120	0,541
32800	0,7036	0,530
33000	0,7001	0,540
33200	0,7209	0,527
33400	0,7100	0,530
33600	0,7049	0,529
33800	0,7729	0,531
34000	0,7032	0,541
34200	0,7032	0,540
34400	0,7099	0,539
34600	0,7151	0,533
34800	0,7043	0,532
35000	0,7086	0,529
35200	0,7117	0,525
35400	0,7073	0,527
35600	0,7204	0,526
35800	0,7084	0,536
36000	0,7138	0,524
36200	0,7144	0,534
36400	0,7433	0,540
36600	0,7026	0,538
36800	0,7194	0,532
37000	0,7307	0,525
37200	0,7098	0,539
37400	0,7059	0,533
37600	0,7126	0,530
37800	0,7116	0,537
38000	0,7111	0,528
38200	0,7138	0,536
38400	0,7109	0,536
38600	0,7121	0,537
38800	0,7191	0,529
39000	0,7110	0,532
39200	0,7068	0,535
39400	0,7103	0,544
39600	0,7205	0,542
39800	0,7174	0,524
40000	0,7184	0,538
40200	0,7090	0,541
40400	0,7187	0,533
40600	0,7149	0,534
40800	0,7226	0,536
41000	0,7176	0,535
41200	0,7153	0,534
41400	0,7130	0,541
41600	0,7131	0,535
41800	0,7121	0,531
42000	0,7146	0,538
42200	0,7109	0,536
42400	0,7142	0,532
42600	0,7112	0,536
42800	0,7151	0,537
43000	0,7185	0,538
43200	0,7173	0,536
43400	0,7365	0,531
43600	0,7180	0,527
43800	0,7190	0,538
44000	0,7159	0,536
44200	0,7264	0,538
44400	0,7190	0,533
44600	0,7219	0,529
44800	0,7154	0,535
45000	0,7200	0,532
45200	0,7161	0,534
45400	0,7165	0,542
45600	0,7222	0,535
45800	0,7175	0,538
46000	0,7225	0,535
46200	0,7161	0,538
46400	0,7492	0,533
46600	0,7391	0,538
46800	0,7223	0,536
47000	0,7159	0,534
47200	0,7283	0,530
47400	0,7229	0,539
47600	0,7529	0,532
47800	0,7200	0,537
48000	0,7239	0,537
48200	0,7410	0,543
48400	0,7243	0,529
48600	0,7425	0,537
48800	0,7265	0,528
49000	0,7235	0,540
49200	0,7279	0,535
49400	0,7456	0,539
49600	0,7278	0,542
49800	0,7275	0,532
50000	0,7382	0,537
/net/people/plgfracz/quality/venv/lib/python3.6/importlib/_bootstrap.py:205: RuntimeWarning: compiletime version 3.5 of module 'tensorflow.python.framework.fast_tensor_util' does not match runtime version 3.6
  return f(*args, **kwds)
Optimization Finished!
Testing Accuracy: 0.536675
