2017-11-21 00:28:01.442953: I tensorflow/core/platform/cpu_feature_guard.cc:137] Your CPU supports instructions that this TensorFlow binary was not compiled to use: SSE4.1 SSE4.2 AVX AVX2 FMA
2017-11-21 00:28:01.629373: I tensorflow/core/common_runtime/gpu/gpu_device.cc:1030] Found device 0 with properties: 
name: Tesla K40d major: 3 minor: 7 memoryClockRate(GHz): 0.915
pciBusID: 0000:85:00.0
totalMemory: 11.17GiB freeMemory: 11.10GiB
2017-11-21 00:28:01.629409: I tensorflow/core/common_runtime/gpu/gpu_device.cc:1120] Creating TensorFlow device (/device:GPU:0) -> (device: 0, name: Tesla K40d, pci bus id: 0000:85:00.0, compute capability: 3.7)

*****************************************************
Dataset: 100-diff10to50-java
Num hidden: 256, Steps: 50000, Display step: 200
*****************************************************


Dataset read success! Size: 100x25744
1	0,9143	0,494
200	0,7186	0,529
400	0,6951	0,540
600	0,6822	0,549
800	0,6753	0,558
1000	0,6817	0,563
1200	0,6735	0,566
1400	0,6831	0,562
1600	0,6984	0,553
1800	0,6777	0,569
2000	0,6741	0,563
2200	0,7065	0,555
2400	0,6966	0,549
2600	0,7101	0,570
2800	0,6764	0,566
3000	0,6738	0,570
3200	0,6688	0,577
3400	0,6881	0,568
3600	0,6728	0,565
3800	0,7169	0,567
4000	0,6761	0,571
4200	0,6704	0,577
4400	0,6699	0,578
4600	0,6722	0,568
4800	0,6947	0,577
5000	0,6977	0,559
5200	0,6910	0,562
5400	0,6781	0,571
5600	0,7053	0,571
5800	0,7011	0,578
6000	0,7006	0,576
6200	0,6855	0,563
6400	0,7021	0,572
6600	0,7065	0,567
6800	0,6830	0,570
7000	0,6839	0,578
7200	0,6828	0,582
7400	0,6804	0,581
7600	0,7166	0,581
7800	0,6973	0,569
8000	0,6830	0,585
8200	0,7062	0,575
8400	0,7148	0,576
8600	0,6854	0,584
8800	0,6928	0,587
9000	0,6911	0,589
9200	0,6978	0,588
9400	0,6936	0,582
9600	0,6971	0,585
9800	0,6978	0,582
10000	0,7489	0,578
10200	0,7019	0,583
10400	0,7158	0,588
10600	0,7097	0,571
10800	0,7478	0,582
11000	0,7125	0,592
11200	0,7100	0,582
11400	0,7068	0,593
11600	0,7103	0,598
11800	0,7394	0,587
12000	0,7129	0,596
12200	0,7281	0,580
12400	0,7446	0,595
12600	0,7195	0,588
12800	0,7249	0,586
13000	0,7303	0,583
13200	0,7625	0,583
13400	0,7223	0,600
13600	0,7553	0,581
13800	0,8029	0,584
14000	0,7436	0,592
14200	0,7259	0,596
14400	0,7432	0,600
14600	0,7761	0,585
14800	0,7783	0,591
15000	0,7698	0,582
15200	0,7800	0,588
15400	0,7835	0,581
15600	0,7688	0,599
15800	0,8021	0,593
16000	0,8510	0,592
16200	0,8350	0,595
16400	0,7951	0,591
16600	0,7681	0,610
16800	0,7861	0,594
17000	0,8018	0,601
17200	0,7864	0,601
17400	0,7953	0,594
17600	0,8111	0,597
17800	0,8689	0,593
18000	0,8049	0,600
18200	0,8444	0,591
18400	0,8286	0,594
18600	0,7930	0,606
18800	0,8409	0,600
19000	0,8072	0,607
19200	0,8186	0,612
19400	0,9242	0,569
19600	0,8269	0,606
19800	1,1097	0,560
20000	0,8398	0,603
20200	0,8318	0,602
20400	0,8661	0,602
20600	0,8871	0,589
20800	1,3765	0,549
21000	0,9472	0,585
21200	0,8802	0,601
21400	0,8767	0,604
21600	0,8681	0,599
21800	0,8962	0,583
22000	0,8640	0,619
22200	0,9250	0,596
22400	0,9772	0,595
22600	0,8770	0,602
22800	0,8853	0,610
23000	0,9059	0,596
23200	0,9629	0,587
23400	0,8899	0,601
23600	0,9545	0,587
23800	0,9139	0,599
24000	0,9123	0,599
24200	0,9761	0,602
24400	0,9044	0,609
24600	0,9264	0,599
24800	1,0042	0,594
25000	0,9584	0,600
25200	0,9664	0,605
25400	0,9361	0,601
25600	0,9451	0,602
25800	0,9197	0,613
26000	0,9933	0,594
26200	0,9519	0,600
26400	0,9647	0,604
26600	0,9646	0,603
26800	1,0652	0,585
27000	1,0021	0,591
27200	0,9708	0,605
27400	0,9965	0,604
27600	1,0188	0,599
27800	0,9881	0,595
28000	0,9989	0,604
28200	1,3681	0,564
28400	1,0514	0,584
28600	1,0430	0,600
28800	1,0118	0,598
29000	1,0399	0,600
29200	1,0202	0,598
29400	1,0323	0,594
29600	1,0182	0,596
29800	1,0389	0,599
30000	1,0909	0,599
30200	1,0299	0,593
30400	1,0997	0,588
30600	1,2255	0,593
30800	1,0738	0,601
31000	1,0244	0,607
31200	1,0355	0,613
31400	1,0565	0,605
31600	1,0806	0,593
31800	1,2304	0,590
32000	1,0568	0,605
32200	1,1632	0,589
32400	1,1156	0,591
32600	1,0891	0,599
32800	1,0723	0,595
33000	1,0540	0,608
33200	1,1423	0,590
33400	1,0489	0,602
33600	1,1557	0,601
33800	1,0634	0,610
34000	1,0752	0,603
34200	1,1122	0,598
34400	1,1374	0,596
34600	1,1185	0,601
34800	1,0810	0,606
35000	1,1211	0,600
35200	1,0870	0,605
35400	1,0979	0,600
35600	1,1850	0,590
35800	1,0892	0,613
36000	1,1257	0,601
36200	1,0990	0,615
36400	1,1359	0,595
36600	1,1301	0,604
36800	1,1502	0,592
37000	1,1331	0,607
37200	1,1182	0,605
37400	1,1497	0,592
37600	1,1043	0,613
37800	1,1461	0,603
38000	1,2222	0,587
38200	1,1199	0,601
38400	1,1606	0,602
38600	1,1550	0,616
38800	1,1328	0,608
39000	1,1561	0,595
39200	1,1143	0,613
39400	1,3262	0,603
39600	1,1396	0,608
39800	1,1932	0,598
40000	1,2843	0,599
40200	1,1606	0,614
40400	1,1739	0,601
40600	1,1348	0,609
40800	1,2637	0,596
41000	1,1514	0,616
41200	1,2317	0,607
41400	1,1925	0,609
41600	1,1248	0,615
41800	1,2089	0,607
42000	1,1445	0,611
42200	1,1764	0,609
42400	1,2092	0,604
42600	1,2346	0,611
42800	1,2309	0,604
43000	1,1564	0,601
43200	1,1628	0,607
43400	1,1947	0,606
43600	1,1724	0,615
43800	1,1752	0,614
44000	1,1834	0,625
44200	1,2723	0,603
44400	1,1811	0,615
44600	1,2105	0,604
44800	1,2351	0,606
45000	1,2615	0,600
45200	1,2323	0,606
45400	1,2256	0,599
45600	1,1795	0,617
45800	1,2132	0,618
46000	1,3146	0,606
46200	1,2286	0,610
46400	1,2823	0,616
46600	1,2457	0,596
46800	1,1844	0,610
47000	1,2588	0,617
47200	1,2417	0,609
47400	1,2375	0,610
47600	1,2166	0,612
47800	1,2214	0,616
48000	1,2287	0,602
48200	1,2412	0,610
48400	1,3195	0,601
48600	1,2260	0,603
48800	1,2383	0,617
49000	1,2337	0,608
49200	1,1943	0,620
49400	1,2357	0,605
49600	1,2289	0,618
49800	1,2471	0,607
50000	1,2287	0,610
/net/people/plgfracz/quality/venv/lib/python3.6/importlib/_bootstrap.py:205: RuntimeWarning: compiletime version 3.5 of module 'tensorflow.python.framework.fast_tensor_util' does not match runtime version 3.6
  return f(*args, **kwds)
Optimization Finished!
Testing Accuracy: 0.609687
