2018-09-01 22:22:54.013183: I tensorflow/core/platform/cpu_feature_guard.cc:137] Your CPU supports instructions that this TensorFlow binary was not compiled to use: SSE4.1 SSE4.2 AVX AVX2 FMA
2018-09-01 22:22:54.263676: I tensorflow/core/common_runtime/gpu/gpu_device.cc:1030] Found device 0 with properties: 
name: Tesla K40d major: 3 minor: 7 memoryClockRate(GHz): 0.915
pciBusID: 0000:81:00.0
totalMemory: 11.17GiB freeMemory: 11.09GiB
2018-09-01 22:22:54.263718: I tensorflow/core/common_runtime/gpu/gpu_device.cc:1120] Creating TensorFlow device (/device:GPU:0) -> (device: 0, name: Tesla K40d, pci bus id: 0000:81:00.0, compute capability: 3.7)

*****************************************************
Dataset: code-fracz-645
Num hidden: 256, Steps: 50000, Display step: 200
*****************************************************


Dataset code-fracz-645-rest-of-data read success! Size: 200x17264 Test set: 2589
Dataset code-fracz-645 read success! Size: 200x1290 Test set: 193
1	1,2168	0,497	0,1806	0,995
200	0,7063	0,526	0,5587	0,793
400	0,7848	0,513	0,3461	0,943
600	0,7320	0,532	0,4272	0,922
800	0,7243	0,534	0,4529	0,886
1000	0,6874	0,548	0,6222	0,653
1200	0,6894	0,542	0,7185	0,503
1400	0,6946	0,553	0,6786	0,560
1600	0,6930	0,550	0,5628	0,736
1800	0,6890	0,556	0,6761	0,622
2000	0,7894	0,536	0,2987	0,959
2200	0,6907	0,548	0,7451	0,477
2400	0,6889	0,544	0,6977	0,539
2600	0,6932	0,552	0,5639	0,715
2800	0,6915	0,545	0,6192	0,684
3000	0,6921	0,548	0,6082	0,674
3200	0,6943	0,554	0,7247	0,513
3400	0,6912	0,552	0,5816	0,720
3600	0,6934	0,544	0,5724	0,710
3800	0,7184	0,533	0,8517	0,389
4000	0,7227	0,538	0,8778	0,373
4200	0,7011	0,538	0,6344	0,622
4400	0,7088	0,539	0,4650	0,834
4600	0,7057	0,550	0,5659	0,731
4800	0,7127	0,555	0,7862	0,513
5000	0,7142	0,556	0,5137	0,782
5200	0,7223	0,548	0,7998	0,487
5400	0,7389	0,560	0,4668	0,782
5600	0,7144	0,549	0,6631	0,622
5800	0,7132	0,547	0,6791	0,596
6000	0,7426	0,555	0,7694	0,508
6200	0,7287	0,549	0,5591	0,699
6400	0,7326	0,551	0,7792	0,539
6600	0,7874	0,553	0,3391	0,896
6800	0,7516	0,553	0,8448	0,435
7000	0,7324	0,553	0,6751	0,627
7200	0,7398	0,559	0,5325	0,751
7400	0,7379	0,563	0,5674	0,731
7600	0,7414	0,555	0,6464	0,658
7800	0,7476	0,556	0,7079	0,591
8000	0,7473	0,562	0,6277	0,622
8200	0,7641	0,554	0,6996	0,617
8400	0,8199	0,548	0,9505	0,404
8600	0,8056	0,558	0,9981	0,399
8800	0,7688	0,563	0,5466	0,731
9000	0,8014	0,552	0,3980	0,845
9200	0,7813	0,552	0,5575	0,710
9400	0,7927	0,555	0,7793	0,554
9600	0,7897	0,555	0,5321	0,720
9800	0,8213	0,552	0,8071	0,534
10000	0,8309	0,567	0,5079	0,741
10200	0,8069	0,561	0,7475	0,565
10400	0,8033	0,567	0,6145	0,668
10600	0,8273	0,565	0,7988	0,513
10800	0,8900	0,552	0,3688	0,845
11000	0,9437	0,552	1,1726	0,358
11200	1,1011	0,548	0,1869	0,948
11400	0,8527	0,568	0,6122	0,705
11600	0,8924	0,559	0,4260	0,793
11800	0,8870	0,564	0,4114	0,803
12000	1,1204	0,542	1,6283	0,218
12200	0,8739	0,558	0,6889	0,611
12400	0,8622	0,558	0,6541	0,663
12600	0,8836	0,564	0,4662	0,793
12800	0,9063	0,564	0,7626	0,606
13000	0,9464	0,552	0,9057	0,554
13200	0,9089	0,572	0,6106	0,689
13400	0,9145	0,568	0,6538	0,679
13600	0,9490	0,557	0,3684	0,824
13800	0,9029	0,571	0,5935	0,689
14000	0,9234	0,566	0,4904	0,782
14200	1,0734	0,559	1,1884	0,446
14400	0,9842	0,562	1,0227	0,492
14600	0,9302	0,562	0,8502	0,560
14800	0,9613	0,570	0,5282	0,746
15000	1,0712	0,567	0,3648	0,767
15200	1,0131	0,567	0,4080	0,813
15400	0,9615	0,580	0,6321	0,674
15600	1,2418	0,546	1,6280	0,316
15800	1,0442	0,565	1,0802	0,513
16000	1,0250	0,568	0,6049	0,684
16200	1,1113	0,568	0,3957	0,798
16400	1,2058	0,561	0,3439	0,819
16600	1,0368	0,577	1,0533	0,528
16800	1,0186	0,578	0,8695	0,601
17000	1,3208	0,554	1,6533	0,347
17200	1,2077	0,553	1,3991	0,451
17400	1,0326	0,567	0,7481	0,637
17600	1,0187	0,577	0,7527	0,684
17800	1,0179	0,579	0,7215	0,689
18000	1,0466	0,580	0,7185	0,653
18200	1,0187	0,581	0,6481	0,699
18400	1,0623	0,577	0,5861	0,725
18600	1,0651	0,579	0,6600	0,674
18800	1,0956	0,547	0,9143	0,637
19000	1,0934	0,571	0,8020	0,674
19200	1,0960	0,563	1,1408	0,508
19400	1,1067	0,577	0,7886	0,689
19600	1,1159	0,592	0,8302	0,642
19800	1,2804	0,567	0,3502	0,819
20000	1,1346	0,585	0,4715	0,803
20200	1,1531	0,569	1,1051	0,554
20400	1,1442	0,587	0,9477	0,591
20600	1,1330	0,577	0,6695	0,694
20800	1,1382	0,570	0,6642	0,756
21000	1,1977	0,576	0,6554	0,756
21200	1,2323	0,589	0,4393	0,793
21400	1,1459	0,576	0,6986	0,751
21600	1,2041	0,568	1,0864	0,611
21800	1,2864	0,565	1,3457	0,518
22000	1,3008	0,567	1,3954	0,492
22200	1,2333	0,570	0,6021	0,751
22400	1,3021	0,577	1,3681	0,497
22600	1,2083	0,572	0,9166	0,632
22800	1,2293	0,574	1,1687	0,596
23000	1,1847	0,565	0,6587	0,762
23200	1,2652	0,577	0,6339	0,756
23400	1,2553	0,564	0,6303	0,751
23600	1,2835	0,564	1,1342	0,554
23800	1,2798	0,571	0,6810	0,731
24000	1,2985	0,578	1,2253	0,523
24200	1,2518	0,576	0,8552	0,715
24400	1,3248	0,571	0,4394	0,839
24600	1,4505	0,562	1,4047	0,518
24800	1,3155	0,564	0,4995	0,782
25000	1,2747	0,562	0,9674	0,611
25200	1,3045	0,569	0,7364	0,741
25400	1,3390	0,562	0,6780	0,746
25600	1,2989	0,562	0,7720	0,751
25800	1,5272	0,563	1,8503	0,451
26000	1,2950	0,567	0,7766	0,689
26200	1,2964	0,557	0,9308	0,637
26400	1,3134	0,568	0,7024	0,699
26600	1,3231	0,575	0,8804	0,694
26800	1,3656	0,565	0,7609	0,705
27000	1,6154	0,553	2,0169	0,446
27200	1,3316	0,567	0,8502	0,663
27400	1,3913	0,571	0,5119	0,767
27600	1,4488	0,559	0,3294	0,876
27800	1,3592	0,569	0,7727	0,720
28000	1,5360	0,566	0,3652	0,834
28200	1,4057	0,580	1,2520	0,575
28400	1,4166	0,569	0,6828	0,725
28600	1,4041	0,569	0,5450	0,777
28800	1,4028	0,569	1,2572	0,570
29000	1,3879	0,564	0,9833	0,663
29200	1,4589	0,564	0,4866	0,793
29400	1,4088	0,564	1,1623	0,627
29600	1,4187	0,574	0,9209	0,642
29800	1,4276	0,564	1,1249	0,596
30000	1,3860	0,575	0,9059	0,679
30200	1,4309	0,569	0,9057	0,689
30400	1,4037	0,581	0,9680	0,674
30600	1,4303	0,565	0,9033	0,684
30800	1,4121	0,570	1,0464	0,648
31000	1,3897	0,563	0,9052	0,674
31200	1,4351	0,559	0,9250	0,653
31400	1,5358	0,565	0,5145	0,798
31600	1,4312	0,573	1,1083	0,632
31800	1,4194	0,579	0,8136	0,710
32000	1,4291	0,577	0,8433	0,710
32200	1,5533	0,562	0,4357	0,845
32400	1,4894	0,556	1,0147	0,617
32600	1,4850	0,562	0,6943	0,699
32800	1,4962	0,552	0,8840	0,689
33000	1,4094	0,565	0,8544	0,689
33200	1,4503	0,569	0,6861	0,762
33400	1,4537	0,576	1,0270	0,648
33600	1,5067	0,564	0,7418	0,720
33800	1,5313	0,574	1,3736	0,549
34000	1,4874	0,569	1,0094	0,642
34200	1,4842	0,571	0,9549	0,642
34400	1,4300	0,560	0,8518	0,731
34600	1,4603	0,565	0,9881	0,684
34800	1,4311	0,573	0,9400	0,689
35000	1,5007	0,570	1,2294	0,596
35200	1,5008	0,567	0,8193	0,741
35400	1,5305	0,572	1,1511	0,632
35600	1,5061	0,579	0,8077	0,705
35800	1,5190	0,556	1,0661	0,642
36000	1,4905	0,569	0,7456	0,731
36200	1,4262	0,582	1,0057	0,689
36400	1,5521	0,557	0,6725	0,756
36600	1,5067	0,574	1,0795	0,668
36800	1,5364	0,569	0,7823	0,751
37000	1,5156	0,582	1,0342	0,684
37200	1,5389	0,571	0,5953	0,762
37400	1,5199	0,571	0,9301	0,699
37600	1,4581	0,581	0,8184	0,731
37800	1,5245	0,570	1,4853	0,585
38000	1,5698	0,573	1,2910	0,684
38200	1,5640	0,570	0,8299	0,762
38400	1,5427	0,578	1,1472	0,668
38600	1,5671	0,576	0,8328	0,762
38800	1,5582	0,576	1,3733	0,575
39000	1,4636	0,577	1,1505	0,642
39200	1,5472	0,578	0,7199	0,767
39400	1,5407	0,572	0,9497	0,731
39600	1,5263	0,571	1,1585	0,658
39800	1,5876	0,577	0,9984	0,710
Now teaching with clever!
40000	1,5622	0,579	0,7964	0,720
40200	1,7996	0,559	1,5527	0,565
40400	1,8041	0,558	1,5224	0,575
40600	1,8028	0,564	1,4899	0,617
40800	1,8098	0,559	1,4795	0,622
41000	1,8262	0,560	1,4929	0,611
41200	1,8447	0,559	1,5231	0,611
41400	1,8721	0,557	1,5781	0,596
41600	1,9112	0,550	1,6650	0,554
41800	1,9365	0,548	1,7191	0,549
42000	1,9403	0,548	1,7208	0,549
42200	1,9270	0,549	1,6750	0,565
42400	1,9079	0,551	1,6018	0,591
42600	1,8986	0,552	1,5611	0,617
42800	1,9038	0,555	1,5738	0,617
43000	1,9230	0,549	1,6049	0,606
43200	1,9574	0,548	1,6843	0,585
43400	2,0141	0,542	1,8054	0,544
43600	2,0417	0,540	1,8738	0,534
43800	2,0370	0,539	1,8607	0,554
44000	2,0013	0,543	1,7658	0,570
44200	1,9616	0,551	1,6506	0,596
44400	1,9422	0,552	1,5749	0,632
44600	1,9549	0,553	1,5907	0,627
44800	1,9756	0,551	1,6413	0,617
45000	2,0261	0,550	1,7524	0,601
45200	2,0979	0,542	1,9190	0,554
45400	2,1332	0,538	2,0003	0,539
45600	2,1167	0,540	1,9656	0,549
45800	2,0627	0,541	1,8482	0,570
46000	2,0086	0,543	1,7162	0,606
46200	1,9800	0,548	1,6395	0,622
46400	1,9947	0,546	1,6616	0,627
46600	2,0139	0,545	1,7158	0,611
46800	2,0614	0,544	1,8225	0,596
47000	2,1465	0,541	2,0067	0,549
47200	2,1794	0,540	2,0884	0,534
47400	2,1674	0,538	2,0548	0,539
47600	2,1117	0,542	1,9287	0,565
47800	2,0496	0,544	1,7790	0,617
48000	2,0231	0,542	1,7013	0,632
48200	2,0360	0,543	1,7251	0,637
48400	2,0596	0,542	1,7734	0,622
48600	2,1133	0,542	1,9010	0,596
48800	2,1846	0,540	2,0799	0,554
49000	2,2159	0,540	2,1475	0,544
49200	2,1922	0,540	2,0889	0,554
49400	2,1287	0,537	1,9788	0,580
49600	2,0690	0,542	1,8211	0,617
49800	2,0381	0,541	1,7380	0,622
50000	2,0512	0,542	1,7570	0,627
/net/people/plgfracz/quality/venv/lib/python3.6/importlib/_bootstrap.py:205: RuntimeWarning: compiletime version 3.5 of module 'tensorflow.python.framework.fast_tensor_util' does not match runtime version 3.6
  return f(*args, **kwds)
Optimization Finished!
