2018-08-17 22:30:06.703234: I tensorflow/core/platform/cpu_feature_guard.cc:137] Your CPU supports instructions that this TensorFlow binary was not compiled to use: SSE4.1 SSE4.2 AVX AVX2 FMA
2018-08-17 22:30:06.853409: I tensorflow/core/common_runtime/gpu/gpu_device.cc:1030] Found device 0 with properties: 
name: Tesla K40d major: 3 minor: 7 memoryClockRate(GHz): 0.915
pciBusID: 0000:81:00.0
totalMemory: 11.17GiB freeMemory: 11.09GiB
2018-08-17 22:30:06.853448: I tensorflow/core/common_runtime/gpu/gpu_device.cc:1120] Creating TensorFlow device (/device:GPU:0) -> (device: 0, name: Tesla K40d, pci bus id: 0000:81:00.0, compute capability: 3.7)

*****************************************************
Dataset: code-fracz-645
Num hidden: 256, Steps: 50000, Display step: 200
*****************************************************


Input size: 200x8632 Test set: 1294
Input size: 200x645 Test set: 96
1	2,1835	0,520	1,9921	0,500
200	0,7352	0,539	0,6372	0,625
400	0,8691	0,495	0,6834	0,594
600	0,7454	0,549	0,5946	0,688
800	0,7282	0,534	0,5473	0,760
1000	0,7295	0,556	0,5384	0,729
1200	0,7442	0,535	0,5192	0,740
1400	0,7485	0,546	0,5588	0,771
1600	0,7644	0,526	0,5933	0,677
1800	0,7409	0,532	0,5434	0,719
2000	0,7307	0,552	0,5135	0,729
2200	0,8262	0,522	0,6167	0,698
2400	0,7361	0,550	0,5217	0,771
2600	0,7487	0,536	0,5183	0,740
2800	0,7992	0,523	0,5461	0,719
3000	0,7406	0,552	0,5005	0,729
3200	1,0915	0,529	0,7186	0,635
3400	0,9907	0,491	0,7309	0,615
3600	0,7604	0,526	0,5050	0,771
3800	0,7551	0,526	0,5221	0,729
4000	0,7570	0,548	0,5086	0,688
4200	0,7461	0,528	0,4678	0,812
4400	0,7971	0,523	0,5239	0,781
4600	0,8610	0,526	0,5673	0,708
4800	0,7640	0,546	0,4861	0,771
5000	0,7683	0,536	0,4873	0,760
5200	0,7774	0,521	0,4611	0,823
5400	0,7802	0,529	0,4934	0,792
5600	1,1152	0,491	0,6476	0,698
5800	0,8014	0,524	0,5041	0,771
6000	0,8169	0,549	0,4862	0,781
6200	0,9485	0,516	0,6381	0,677
6400	0,7779	0,535	0,4686	0,802
6600	0,7947	0,547	0,5020	0,740
6800	0,8069	0,522	0,4983	0,771
7000	0,8465	0,519	0,5020	0,802
7200	0,9994	0,508	0,5704	0,771
7400	0,8388	0,518	0,4997	0,781
7600	0,8552	0,517	0,4923	0,771
7800	0,8332	0,531	0,4973	0,792
8000	0,8301	0,530	0,4803	0,740
8200	0,9930	0,521	0,4651	0,781
8400	0,8240	0,529	0,5256	0,771
8600	0,9620	0,544	0,5671	0,688
8800	1,0783	0,512	0,6313	0,688
9000	0,9766	0,505	0,5768	0,729
9200	0,9001	0,528	0,4796	0,698
9400	0,9045	0,523	0,4660	0,792
9600	0,9560	0,519	0,5171	0,760
9800	1,1486	0,509	0,6105	0,771
10000	0,9011	0,536	0,4773	0,750
10200	0,8897	0,519	0,4537	0,802
10400	0,9793	0,512	0,5706	0,771
10600	0,9388	0,517	0,4598	0,792
10800	0,9451	0,539	0,4668	0,729
11000	0,9164	0,534	0,5167	0,760
11200	0,9272	0,543	0,4617	0,781
11400	1,0897	0,507	0,6247	0,708
11600	1,0765	0,539	0,5723	0,740
11800	1,1028	0,527	0,5914	0,740
12000	0,9374	0,530	0,4520	0,792
12200	1,0958	0,509	0,5126	0,760
12400	0,9371	0,528	0,4749	0,823
12600	1,0747	0,519	0,4933	0,802
12800	0,9676	0,537	0,5149	0,771
13000	0,9765	0,512	0,4590	0,844
13200	0,9652	0,525	0,4463	0,792
13400	1,0213	0,516	0,5599	0,667
13600	1,0004	0,519	0,5093	0,729
13800	1,0053	0,534	0,5391	0,750
14000	1,1677	0,526	0,5828	0,760
14200	1,1134	0,532	0,5094	0,792
14400	1,2168	0,526	0,6547	0,677
14600	1,0401	0,534	0,5396	0,750
14800	1,0675	0,547	0,5844	0,729
15000	1,3627	0,511	0,6978	0,750
15200	1,0245	0,543	0,5072	0,760
15400	1,0530	0,540	0,5031	0,802
15600	1,0623	0,529	0,5085	0,771
15800	1,0252	0,526	0,5044	0,760
16000	1,0565	0,521	0,4957	0,781
16200	1,1368	0,512	0,4749	0,802
16400	1,0844	0,524	0,5071	0,823
16600	1,0902	0,538	0,5170	0,771
16800	1,0806	0,538	0,4969	0,760
17000	1,1255	0,526	0,4914	0,792
17200	1,1570	0,536	0,5431	0,781
17400	1,1677	0,536	0,5801	0,802
17600	1,4508	0,534	0,7028	0,760
17800	1,1555	0,529	0,5164	0,781
18000	1,1036	0,529	0,5107	0,771
18200	1,1632	0,529	0,5819	0,781
18400	1,1011	0,543	0,5116	0,792
18600	1,1556	0,530	0,5539	0,719
18800	1,1361	0,548	0,5450	0,760
19000	1,1522	0,529	0,5620	0,750
19200	1,1461	0,532	0,5393	0,740
19400	1,1565	0,539	0,5744	0,750
19600	1,1753	0,529	0,5335	0,781
19800	1,1768	0,530	0,5083	0,802
20000	1,1750	0,535	0,5663	0,750
20200	1,5173	0,515	0,7328	0,729
20400	1,2290	0,538	0,6200	0,750
20600	1,2641	0,526	0,6406	0,729
20800	1,5372	0,523	0,6901	0,771
21000	1,2180	0,534	0,6053	0,771
21200	1,2767	0,518	0,6298	0,740
21400	1,6558	0,536	0,9235	0,646
21600	1,3240	0,531	0,6747	0,760
21800	1,3751	0,530	0,6797	0,771
22000	1,6891	0,540	0,8416	0,677
22200	1,3184	0,530	0,5982	0,802
22400	1,5078	0,516	0,7248	0,792
22600	1,2654	0,527	0,6374	0,781
22800	1,2680	0,521	0,6176	0,812
23000	1,2608	0,524	0,5738	0,802
23200	1,2961	0,518	0,6356	0,792
23400	1,3213	0,528	0,5914	0,781
23600	1,2905	0,527	0,6038	0,750
23800	1,4121	0,522	0,6932	0,760
24000	1,2797	0,532	0,6675	0,760
24200	1,3172	0,535	0,6168	0,781
24400	1,3201	0,536	0,6014	0,750
24600	1,3470	0,528	0,6832	0,792
24800	1,3393	0,538	0,6611	0,750
25000	1,4215	0,519	0,7350	0,760
25200	1,3674	0,517	0,6551	0,781
25400	1,4622	0,519	0,7479	0,708
25600	1,3861	0,529	0,7906	0,771
25800	1,4032	0,526	0,6840	0,802
26000	1,5484	0,537	0,7059	0,760
26200	1,6067	0,523	0,8181	0,729
26400	1,4068	0,529	0,7047	0,760
26600	1,4935	0,536	0,6809	0,729
26800	1,4841	0,522	0,7732	0,771
27000	1,4983	0,515	0,7907	0,729
27200	1,5620	0,531	0,8446	0,740
27400	1,5124	0,521	0,8150	0,719
27600	1,6749	0,526	0,9192	0,719
27800	1,5865	0,526	0,7724	0,771
28000	1,5790	0,529	0,9341	0,719
28200	1,5995	0,545	0,7669	0,719
28400	1,5444	0,521	0,7969	0,750
28600	1,8539	0,516	0,9719	0,708
28800	1,5666	0,531	0,9577	0,708
29000	1,4728	0,526	0,7045	0,792
29200	1,5288	0,538	0,8045	0,729
29400	1,6109	0,534	0,7566	0,719
29600	1,8771	0,512	0,8798	0,750
29800	1,4432	0,539	0,6047	0,771
30000	1,5104	0,548	0,7147	0,781
30200	1,5919	0,526	0,7094	0,750
30400	1,7091	0,512	0,7052	0,771
30600	1,6348	0,536	0,8950	0,729
30800	1,5884	0,538	0,7602	0,771
31000	1,9519	0,521	0,7852	0,781
31200	1,6919	0,538	0,8073	0,781
31400	1,7445	0,529	0,7076	0,781
31600	2,5036	0,502	1,0906	0,698
31800	1,6331	0,516	0,7124	0,760
32000	1,8021	0,522	0,8070	0,740
32200	1,5796	0,537	0,6731	0,792
32400	1,5443	0,527	0,6403	0,792
32600	1,5873	0,536	0,7016	0,750
32800	1,5445	0,531	0,7206	0,760
33000	1,5627	0,544	0,6559	0,802
33200	1,5751	0,522	0,7426	0,781
33400	1,6680	0,534	0,8439	0,729
33600	1,5449	0,534	0,6300	0,802
33800	1,5742	0,534	0,6865	0,812
34000	1,6067	0,529	0,7725	0,771
34200	1,5719	0,530	0,6186	0,812
34400	1,5257	0,537	0,6986	0,792
34600	1,5549	0,532	0,8486	0,740
34800	1,5643	0,529	0,6574	0,781
35000	1,5341	0,551	0,7497	0,760
35200	1,6247	0,512	0,8170	0,760
35400	1,5380	0,531	0,7103	0,781
35600	1,5758	0,534	0,6990	0,750
35800	1,6264	0,519	0,6922	0,781
36000	1,5799	0,526	0,7098	0,771
36200	1,6769	0,518	0,7001	0,812
36400	1,8058	0,514	0,7560	0,781
36600	1,6758	0,519	0,6357	0,823
36800	2,0103	0,509	1,0719	0,760
37000	1,5807	0,531	0,8259	0,781
37200	1,5801	0,527	1,0064	0,781
37400	1,6578	0,519	0,8010	0,792
37600	1,7232	0,526	0,9357	0,729
37800	1,8205	0,504	0,8229	0,750
38000	1,6995	0,529	0,9287	0,729
38200	1,6355	0,534	0,7349	0,740
38400	1,6810	0,522	0,7819	0,760
38600	1,6058	0,527	0,8099	0,750
38800	1,6078	0,532	0,7712	0,750
39000	1,6194	0,531	0,6906	0,760
39200	1,6215	0,527	0,7160	0,760
39400	1,7043	0,545	0,6668	0,781
39600	1,6123	0,540	0,7808	0,771
39800	1,6428	0,543	0,7224	0,812
Now teaching with clever!
40000	1,7587	0,520	0,8393	0,760
40200	1,6703	0,553	0,7411	0,760
40400	1,6262	0,560	0,7487	0,771
40600	1,5978	0,553	0,6692	0,802
40800	1,6002	0,555	0,6984	0,792
41000	1,6858	0,554	0,7285	0,792
41200	1,6054	0,559	0,7322	0,792
41400	1,6300	0,557	0,7076	0,792
41600	1,7835	0,553	0,7979	0,771
41800	1,7055	0,563	0,7458	0,792
42000	1,6425	0,561	0,7214	0,802
42200	1,6289	0,553	0,7356	0,802
42400	1,6605	0,552	0,7630	0,792
42600	1,7754	0,550	0,8006	0,823
42800	1,6615	0,563	0,7486	0,792
43000	1,6736	0,564	0,7714	0,802
43200	1,6636	0,556	0,7721	0,802
43400	1,6806	0,556	0,8054	0,802
43600	1,7058	0,563	0,7675	0,812
43800	1,6969	0,555	0,7853	0,802
44000	1,8913	0,554	0,8958	0,792
44200	1,8965	0,555	0,9011	0,802
44400	1,6853	0,560	0,7548	0,802
44600	1,7069	0,560	0,7884	0,823
44800	1,7460	0,560	0,8562	0,812
45000	1,7076	0,557	0,8117	0,823
45200	1,7669	0,560	0,8439	0,792
45400	1,6957	0,560	0,7856	0,812
45600	1,7207	0,550	0,7972	0,812
45800	1,7829	0,562	0,9247	0,802
46000	2,0517	0,549	0,8930	0,771
46200	1,6961	0,560	0,7794	0,812
46400	1,8600	0,561	0,8780	0,833
46600	2,0625	0,546	0,9627	0,771
46800	1,7628	0,560	0,8568	0,812
47000	1,7359	0,560	0,8012	0,802
47200	1,7259	0,562	0,8125	0,792
47400	1,8867	0,553	0,8865	0,792
47600	1,8202	0,553	0,8515	0,802
47800	1,7455	0,566	0,8127	0,812
48000	1,7340	0,565	0,8171	0,812
48200	1,7483	0,565	0,7983	0,802
48400	1,7594	0,560	0,8078	0,802
48600	1,7913	0,560	0,8650	0,792
48800	1,7523	0,560	0,8474	0,802
49000	1,8525	0,555	0,8453	0,802
49200	1,8485	0,551	0,8666	0,781
49400	1,7907	0,553	0,8637	0,812
49600	1,8479	0,556	0,8634	0,802
49800	1,8878	0,556	0,9392	0,802
50000	1,8497	0,555	0,8523	0,802
