2017-11-28 21:37:44.608373: I tensorflow/core/platform/cpu_feature_guard.cc:137] Your CPU supports instructions that this TensorFlow binary was not compiled to use: SSE4.1 SSE4.2 AVX AVX2 FMA
2017-11-28 21:37:44.782446: I tensorflow/core/common_runtime/gpu/gpu_device.cc:1030] Found device 0 with properties: 
name: Tesla K40d major: 3 minor: 7 memoryClockRate(GHz): 0.915
pciBusID: 0000:85:00.0
totalMemory: 11.17GiB freeMemory: 11.10GiB
2017-11-28 21:37:44.782484: I tensorflow/core/common_runtime/gpu/gpu_device.cc:1120] Creating TensorFlow device (/device:GPU:0) -> (device: 0, name: Tesla K40d, pci bus id: 0000:85:00.0, compute capability: 3.7)

*****************************************************
Dataset: 100-diff10to50-java-strict
Num hidden: 256, Steps: 50000, Display step: 200
*****************************************************


Input size: 100x6821
1	1,2305	0,488
200	0,7417	0,543
400	0,7438	0,548
600	0,7955	0,517
800	0,8128	0,512
1000	0,8007	0,498
1200	0,7635	0,539
1400	0,7794	0,514
1600	0,8239	0,517
1800	0,8100	0,519
2000	0,8189	0,492
2200	0,8025	0,494
2400	0,7885	0,518
2600	0,8132	0,511
2800	0,8542	0,514
3000	0,8352	0,523
3200	0,8290	0,528
3400	0,8112	0,500
3600	0,8312	0,524
3800	0,8652	0,535
4000	0,8548	0,500
4200	0,8496	0,501
4400	0,9099	0,490
4600	0,9105	0,500
4800	1,0966	0,526
5000	1,0965	0,489
5200	0,9592	0,518
5400	0,9215	0,488
5600	0,8967	0,507
5800	0,9619	0,493
6000	0,9377	0,509
6200	0,9548	0,517
6400	0,9519	0,495
6600	1,0534	0,516
6800	0,9362	0,500
7000	1,0336	0,518
7200	1,1726	0,492
7400	1,2667	0,500
7600	1,3219	0,497
7800	0,9786	0,509
8000	1,0208	0,509
8200	0,9898	0,502
8400	1,0142	0,507
8600	1,0309	0,494
8800	1,0159	0,513
9000	1,0955	0,520
9200	1,0311	0,523
9400	1,0814	0,493
9600	1,0667	0,513
9800	1,0347	0,512
10000	1,0472	0,518
10200	1,0917	0,515
10400	1,0687	0,520
10600	1,1009	0,506
10800	1,0994	0,502
11000	1,1233	0,498
11200	1,6020	0,501
11400	1,1424	0,510
11600	1,1677	0,513
11800	1,1394	0,488
12000	1,2054	0,501
12200	1,1851	0,503
12400	1,1859	0,506
12600	1,2841	0,491
12800	1,1942	0,504
13000	1,1520	0,499
13200	1,1728	0,498
13400	1,2667	0,480
13600	1,4752	0,512
13800	1,2608	0,505
14000	1,2249	0,506
14200	1,3689	0,499
14400	1,7199	0,482
14600	1,8454	0,543
14800	1,3619	0,490
15000	1,3426	0,499
15200	1,3091	0,513
15400	1,5059	0,515
15600	1,3107	0,500
15800	1,2679	0,507
16000	1,2713	0,490
16200	1,3069	0,510
16400	1,2924	0,487
16600	1,4013	0,499
16800	1,3386	0,506
17000	1,3359	0,507
17200	1,4555	0,508
17400	1,5037	0,516
17600	1,3941	0,494
17800	1,4275	0,492
18000	1,4401	0,505
18200	1,4046	0,504
18400	1,4603	0,493
18600	1,5596	0,498
18800	1,5016	0,490
19000	1,5751	0,493
19200	1,7536	0,539
19400	1,5531	0,502
19600	1,7873	0,511
19800	1,7201	0,512
20000	1,5769	0,510
20200	1,5571	0,509
20400	1,5392	0,511
20600	1,5118	0,519
20800	1,5545	0,503
21000	1,5319	0,505
21200	1,6117	0,508
21400	1,5967	0,520
21600	1,6152	0,495
21800	1,6520	0,515
22000	1,6366	0,502
22200	1,5685	0,493
22400	1,6296	0,499
22600	1,7719	0,522
22800	1,7189	0,498
23000	1,5444	0,499
23200	1,8479	0,498
23400	1,8847	0,506
23600	1,6375	0,502
23800	1,7143	0,508
24000	1,8352	0,498
24200	1,6896	0,494
24400	1,6617	0,491
24600	1,6227	0,508
24800	1,6601	0,500
25000	1,7187	0,500
25200	1,6156	0,498
25400	1,6553	0,502
25600	1,7399	0,497
25800	1,6784	0,503
26000	1,7172	0,509
26200	1,7559	0,499
26400	1,7588	0,508
26600	1,6994	0,502
26800	1,8027	0,524
27000	1,7925	0,511
27200	2,0090	0,500
27400	1,6837	0,508
27600	1,6910	0,515
27800	1,7274	0,503
28000	1,7433	0,509
28200	1,7169	0,520
28400	1,9561	0,524
28600	1,8211	0,500
28800	1,7411	0,507
29000	1,7379	0,509
29200	1,8270	0,505
29400	1,8990	0,517
29600	1,9512	0,516
29800	1,8695	0,513
30000	1,7708	0,513
30200	1,8607	0,521
30400	1,7397	0,510
30600	1,7703	0,517
30800	1,7959	0,511
31000	1,7968	0,512
31200	1,8918	0,495
31400	1,9105	0,515
31600	1,9217	0,504
31800	1,7875	0,507
32000	1,8513	0,504
32200	1,7743	0,509
32400	1,7871	0,509
32600	1,8176	0,506
32800	1,8135	0,520
33000	1,8360	0,523
33200	1,9483	0,543
33400	1,8408	0,515
33600	1,7796	0,506
33800	1,9338	0,504
34000	1,8580	0,526
34200	1,9108	0,509
34400	1,8622	0,531
34600	1,9210	0,494
34800	1,9411	0,512
35000	1,7777	0,514
35200	1,7977	0,519
35400	1,8668	0,527
35600	1,9485	0,537
35800	1,8753	0,527
36000	1,9683	0,543
36200	1,9158	0,525
36400	1,9694	0,513
36600	1,9209	0,493
36800	1,9450	0,529
37000	1,9752	0,538
37200	1,8086	0,518
37400	2,0352	0,503
37600	1,8797	0,513
37800	2,0501	0,503
38000	2,2171	0,513
38200	1,8600	0,509
38400	2,0552	0,523
38600	1,8729	0,515
38800	2,0456	0,508
39000	1,8319	0,510
39200	1,8890	0,514
39400	1,9226	0,530
39600	1,8944	0,521
39800	1,8798	0,513
40000	1,9635	0,528
40200	1,9595	0,503
40400	1,9218	0,514
40600	2,0223	0,496
40800	1,9070	0,507
41000	1,8425	0,508
41200	1,9353	0,519
41400	1,9703	0,513
41600	2,0630	0,502
41800	1,9981	0,528
42000	2,1216	0,498
42200	1,9638	0,514
42400	2,0137	0,512
42600	1,9608	0,519
42800	2,0496	0,515
43000	1,9750	0,514
43200	1,9528	0,535
43400	2,0369	0,520
43600	2,3036	0,536
43800	2,0082	0,505
44000	1,8569	0,511
44200	2,2253	0,508
44400	1,9302	0,518
44600	2,0107	0,498
44800	1,9626	0,520
45000	2,0648	0,520
45200	2,0575	0,506
45400	2,1740	0,527
45600	1,9980	0,514
45800	2,1490	0,519
46000	1,9708	0,527
46200	1,8779	0,524
46400	2,1006	0,503
46600	1,9491	0,514
46800	1,9674	0,535
47000	1,9430	0,515
47200	1,9864	0,520
47400	1,9182	0,523
47600	1,9689	0,511
47800	1,9112	0,511
48000	2,0413	0,507
48200	2,2285	0,517
48400	1,9298	0,531
48600	1,9605	0,513
48800	1,9709	0,500
49000	2,0011	0,505
49200	2,0707	0,523
49400	1,8918	0,514
49600	1,9103	0,516
49800	1,8592	0,514
50000	2,0662	0,527
/net/people/plgfracz/quality/venv/lib/python3.6/importlib/_bootstrap.py:205: RuntimeWarning: compiletime version 3.5 of module 'tensorflow.python.framework.fast_tensor_util' does not match runtime version 3.6
  return f(*args, **kwds)
Optimization Finished!
