2017-11-28 21:34:51.385509: I tensorflow/core/platform/cpu_feature_guard.cc:137] Your CPU supports instructions that this TensorFlow binary was not compiled to use: SSE4.1 SSE4.2 AVX AVX2 FMA
2017-11-28 21:34:51.567612: I tensorflow/core/common_runtime/gpu/gpu_device.cc:1030] Found device 0 with properties: 
name: Tesla K40d major: 3 minor: 7 memoryClockRate(GHz): 0.915
pciBusID: 0000:85:00.0
totalMemory: 11.17GiB freeMemory: 11.10GiB
2017-11-28 21:34:51.567647: I tensorflow/core/common_runtime/gpu/gpu_device.cc:1120] Creating TensorFlow device (/device:GPU:0) -> (device: 0, name: Tesla K40d, pci bus id: 0000:85:00.0, compute capability: 3.7)

*****************************************************
Dataset: 100-diff10-java-strict
Num hidden: 256, Steps: 50000, Display step: 200
*****************************************************


Dataset read success! Size: 100x14606
1	2,3405	0,503
200	0,6875	0,552
400	0,6793	0,556
600	0,6710	0,561
800	0,6997	0,544
1000	0,6773	0,557
1200	0,6776	0,562
1400	0,6723	0,575
1600	0,6819	0,560
1800	0,6688	0,580
2000	0,6844	0,578
2200	0,6799	0,560
2400	0,7104	0,565
2600	0,6625	0,589
2800	0,6645	0,583
3000	0,6718	0,579
3200	0,6682	0,574
3400	0,6586	0,605
3600	0,6555	0,597
3800	0,6601	0,600
4000	0,6750	0,598
4200	0,6720	0,591
4400	0,6669	0,592
4600	0,6634	0,605
4800	0,6849	0,604
5000	0,6615	0,592
5200	0,6771	0,595
5400	0,6942	0,594
5600	0,6714	0,590
5800	0,6693	0,604
6000	0,6673	0,609
6200	0,7095	0,601
6400	0,7040	0,586
6600	0,6757	0,605
6800	0,6817	0,610
7000	0,6823	0,605
7200	0,6816	0,614
7400	0,6930	0,601
7600	0,6937	0,607
7800	0,6966	0,609
8000	0,7249	0,597
8200	0,8489	0,588
8400	0,7591	0,589
8600	0,7564	0,600
8800	0,7156	0,609
9000	0,7558	0,600
9200	0,7509	0,606
9400	0,7693	0,603
9600	0,7410	0,610
9800	0,7433	0,604
10000	0,7493	0,623
10200	0,7334	0,605
10400	0,7327	0,611
10600	0,7607	0,604
10800	0,7395	0,616
11000	0,7400	0,620
11200	0,7633	0,626
11400	0,7656	0,614
11600	0,7808	0,617
11800	0,7892	0,613
12000	0,8034	0,611
12200	0,8125	0,615
12400	0,7916	0,617
12600	0,8208	0,616
12800	0,9162	0,607
13000	1,0217	0,587
13200	0,8693	0,613
13400	0,8861	0,612
13600	0,8695	0,602
13800	0,9577	0,613
14000	1,1079	0,584
14200	0,9066	0,620
14400	0,9508	0,617
14600	0,9682	0,600
14800	0,9015	0,616
15000	0,8819	0,621
15200	0,8973	0,616
15400	0,9586	0,610
15600	0,9097	0,613
15800	0,9335	0,616
16000	0,9227	0,626
16200	0,9205	0,623
16400	0,9181	0,628
16600	0,9327	0,632
16800	0,9623	0,618
17000	1,0414	0,616
17200	0,9897	0,617
17400	0,9774	0,626
17600	0,9746	0,628
17800	0,9808	0,629
18000	0,9839	0,621
18200	1,0005	0,615
18400	1,0591	0,617
18600	1,0020	0,621
18800	1,0604	0,620
19000	1,0121	0,620
19200	1,0326	0,614
19400	1,0812	0,618
19600	1,0668	0,615
19800	1,0738	0,623
20000	1,0401	0,609
20200	1,0562	0,609
20400	1,0745	0,611
20600	1,1434	0,614
20800	1,0764	0,621
21000	1,1638	0,604
21200	1,1976	0,610
21400	1,0579	0,618
21600	1,1960	0,606
21800	1,2052	0,615
22000	1,1956	0,617
22200	1,1525	0,603
22400	1,0752	0,612
22600	1,0800	0,621
22800	1,0638	0,610
23000	1,0774	0,610
23200	1,0757	0,622
23400	1,0826	0,620
23600	1,0882	0,626
23800	1,1431	0,629
24000	1,0804	0,624
24200	1,1486	0,616
24400	1,0982	0,621
24600	1,1116	0,625
24800	1,1937	0,605
25000	1,2015	0,610
25200	1,1284	0,628
25400	1,1243	0,635
25600	1,1766	0,617
25800	1,1493	0,625
26000	1,1593	0,625
26200	1,1960	0,621
26400	1,2427	0,616
26600	1,1929	0,614
26800	1,1915	0,618
27000	1,2248	0,612
27200	1,2371	0,620
27400	1,2262	0,617
27600	1,2301	0,613
27800	1,1886	0,613
28000	1,2038	0,617
28200	1,1993	0,609
28400	1,2028	0,615
28600	1,2854	0,611
28800	1,2198	0,629
29000	1,3761	0,620
29200	1,2029	0,633
29400	1,3658	0,611
29600	1,1843	0,631
29800	1,2289	0,626
30000	1,1950	0,636
30200	1,2318	0,632
30400	1,1963	0,631
30600	1,2350	0,623
30800	1,1774	0,630
31000	1,1609	0,627
31200	1,1619	0,629
31400	1,2454	0,615
31600	1,1878	0,621
31800	1,1884	0,621
32000	1,1731	0,621
32200	1,1972	0,621
32400	1,2056	0,627
32600	1,1898	0,626
32800	1,2396	0,625
33000	1,2315	0,622
33200	1,2180	0,623
33400	1,2392	0,623
33600	1,2679	0,619
33800	1,3148	0,612
34000	1,2728	0,616
34200	1,2497	0,619
34400	1,3011	0,623
34600	1,2489	0,628
34800	1,3110	0,624
35000	1,2968	0,627
35200	1,3024	0,620
35400	1,2700	0,626
35600	1,2637	0,627
35800	1,2879	0,626
36000	1,2782	0,626
36200	1,3018	0,623
36400	1,3137	0,627
36600	1,3161	0,627
36800	1,2864	0,624
37000	1,2673	0,627
37200	1,2771	0,628
37400	1,2377	0,634
37600	1,2306	0,629
37800	1,2306	0,620
38000	1,2983	0,621
38200	1,1991	0,628
38400	1,2792	0,619
38600	1,2193	0,620
38800	1,1968	0,629
39000	1,1815	0,630
39200	1,1858	0,632
39400	1,2060	0,633
39600	1,2674	0,628
39800	1,2393	0,630
40000	1,2815	0,632
40200	1,3569	0,624
40400	1,2786	0,631
40600	1,2698	0,626
40800	1,2621	0,638
41000	1,2560	0,634
41200	1,2592	0,637
41400	1,2802	0,640
41600	1,2754	0,632
41800	1,2699	0,631
42000	1,2691	0,642
42200	1,2578	0,641
42400	1,2444	0,647
42600	1,2710	0,641
42800	1,2508	0,642
43000	1,2946	0,629
43200	1,2884	0,624
43400	1,2770	0,634
43600	1,3145	0,633
43800	1,2640	0,640
44000	1,2844	0,631
44200	1,2815	0,632
44400	1,3839	0,615
44600	1,2920	0,629
44800	1,3126	0,625
45000	1,2993	0,622
45200	1,2516	0,634
45400	1,2734	0,631
45600	1,2768	0,638
45800	1,2899	0,629
46000	1,2872	0,625
46200	1,3033	0,627
46400	1,2742	0,617
46600	1,3478	0,621
46800	1,3607	0,619
47000	1,3179	0,625
47200	1,3263	0,621
47400	1,2961	0,621
47600	1,3024	0,619
47800	1,3441	0,621
48000	1,3539	0,619
48200	1,3160	0,626
48400	1,3144	0,624
48600	1,2793	0,624
48800	1,2881	0,637
49000	1,2799	0,638
49200	1,2677	0,634
49400	1,2923	0,632
49600	1,3039	0,634
49800	1,3353	0,630
50000	1,2984	0,637
/net/people/plgfracz/quality/venv/lib/python3.6/importlib/_bootstrap.py:205: RuntimeWarning: compiletime version 3.5 of module 'tensorflow.python.framework.fast_tensor_util' does not match runtime version 3.6
  return f(*args, **kwds)
Optimization Finished!
Testing Accuracy: 0.637443
