2018-03-20 13:04:47.672692: I tensorflow/core/platform/cpu_feature_guard.cc:137] Your CPU supports instructions that this TensorFlow binary was not compiled to use: SSE4.1 SSE4.2 AVX AVX2 FMA
2018-03-20 13:04:47.958357: I tensorflow/core/common_runtime/gpu/gpu_device.cc:1030] Found device 0 with properties: 
name: Tesla K40d major: 3 minor: 7 memoryClockRate(GHz): 0.915
pciBusID: 0000:85:00.0
totalMemory: 11.17GiB freeMemory: 11.09GiB
2018-03-20 13:04:47.958423: I tensorflow/core/common_runtime/gpu/gpu_device.cc:1120] Creating TensorFlow device (/device:GPU:0) -> (device: 0, name: Tesla K40d, pci bus id: 0000:85:00.0, compute capability: 3.7)

*****************************************************
Dataset: code-fracz-573
Num hidden: 256, Steps: 50000, Display step: 200
*****************************************************


Input size: 200x9352 Test set: 1402
Input size: 200x573 Test set: 85
1	5,5199	0,491	5,6794	0,424
200	0,7945	0,511	0,7609	0,553
400	0,8487	0,518	0,7787	0,553
600	0,6963	0,576	0,6311	0,682
800	0,7130	0,544	0,6096	0,753
1000	0,7325	0,550	0,7456	0,565
1200	0,7289	0,547	0,5887	0,706
1400	0,7267	0,548	0,5857	0,718
1600	0,7300	0,550	0,5433	0,765
1800	0,9241	0,511	0,9029	0,494
2000	0,7336	0,561	0,5848	0,706
2200	0,7343	0,556	0,5360	0,753
2400	0,7159	0,567	0,5647	0,729
2600	0,7908	0,524	0,6482	0,624
2800	0,9801	0,522	0,6776	0,612
3000	0,7207	0,549	0,5038	0,776
3200	0,7399	0,569	0,5340	0,741
3400	0,7410	0,541	0,5305	0,788
3600	0,7377	0,566	0,4846	0,753
3800	0,7841	0,528	0,5936	0,659
4000	0,7363	0,561	0,5529	0,741
4200	0,7462	0,553	0,5372	0,718
4400	0,7855	0,536	0,6023	0,682
4600	0,8415	0,536	0,6968	0,624
4800	0,8081	0,545	0,5009	0,706
5000	0,7898	0,552	0,5288	0,694
5200	0,7792	0,556	0,4918	0,788
5400	0,7382	0,563	0,4947	0,800
5600	0,7597	0,552	0,5123	0,718
5800	0,7369	0,558	0,5181	0,729
6000	0,7712	0,547	0,5022	0,741
6200	0,7597	0,558	0,5091	0,765
6400	0,7611	0,572	0,5091	0,788
6600	0,7516	0,556	0,4835	0,765
6800	0,9851	0,522	0,7381	0,635
7000	1,1991	0,504	0,8502	0,541
7200	0,7940	0,546	0,5025	0,753
7400	0,9725	0,520	0,7478	0,659
7600	0,7822	0,551	0,4634	0,788
7800	0,8512	0,548	0,4761	0,776
8000	0,9017	0,539	0,5022	0,776
8200	0,8158	0,559	0,5349	0,694
8400	0,8256	0,553	0,4930	0,753
8600	0,9850	0,535	0,7345	0,624
8800	0,8181	0,551	0,4741	0,788
9000	0,8874	0,529	0,5764	0,729
9200	0,9350	0,554	0,6201	0,706
9400	1,1233	0,514	0,8078	0,588
9600	0,9697	0,547	0,6427	0,765
9800	0,8160	0,556	0,4675	0,788
10000	0,8422	0,538	0,4945	0,765
10200	0,8286	0,564	0,5288	0,729
10400	0,8201	0,563	0,4914	0,741
10600	0,8266	0,563	0,5239	0,706
10800	0,8601	0,539	0,5659	0,718
11000	0,8203	0,555	0,5133	0,776
11200	0,8727	0,562	0,5519	0,776
11400	0,9919	0,549	0,5786	0,753
11600	0,8999	0,551	0,5586	0,682
11800	0,8471	0,555	0,5497	0,765
12000	1,0222	0,544	0,5796	0,776
12200	0,8912	0,561	0,6224	0,694
12400	0,8809	0,558	0,5175	0,753
12600	1,1266	0,531	0,8283	0,647
12800	0,8710	0,554	0,4961	0,741
13000	0,9583	0,569	0,5461	0,800
13200	1,0051	0,525	0,5770	0,706
13400	0,9444	0,555	0,5354	0,788
13600	1,2172	0,546	0,6825	0,706
13800	0,9451	0,558	0,5199	0,741
14000	1,0655	0,527	0,6675	0,659
14200	0,9216	0,555	0,5430	0,765
14400	0,9080	0,558	0,5628	0,729
14600	0,8882	0,568	0,5135	0,776
14800	0,8946	0,571	0,4920	0,706
15000	0,9381	0,564	0,5045	0,788
15200	0,9177	0,563	0,5016	0,800
15400	0,9375	0,569	0,4833	0,800
15600	0,9784	0,569	0,5609	0,776
15800	0,9913	0,556	0,6000	0,682
16000	1,0774	0,537	0,7189	0,706
16200	1,0110	0,553	0,6172	0,706
16400	1,3834	0,522	0,9492	0,635
16600	1,0104	0,566	0,5547	0,776
16800	1,1833	0,565	0,6003	0,765
17000	1,0132	0,552	0,5562	0,753
17200	1,0023	0,551	0,4508	0,788
17400	1,0032	0,553	0,5461	0,765
17600	1,0086	0,544	0,5895	0,788
17800	1,0365	0,552	0,5843	0,753
18000	1,1298	0,541	0,6923	0,718
18200	1,0081	0,556	0,5416	0,753
18400	1,0367	0,569	0,4862	0,812
18600	1,0889	0,561	0,6315	0,800
18800	1,1195	0,546	0,6743	0,718
19000	1,3725	0,517	0,8025	0,706
19200	1,0361	0,563	0,5234	0,776
19400	1,0591	0,569	0,6391	0,776
19600	1,0735	0,568	0,5676	0,753
19800	1,1208	0,547	0,6805	0,729
20000	1,1163	0,561	0,6279	0,776
20200	1,1625	0,552	0,6227	0,765
20400	1,3694	0,534	0,6694	0,706
20600	1,1342	0,541	0,6467	0,729
20800	1,9719	0,529	1,0097	0,694
21000	1,2248	0,547	0,7096	0,729
21200	1,1226	0,566	0,4369	0,753
21400	1,5945	0,551	0,8353	0,729
21600	1,1009	0,568	0,5240	0,776
21800	1,3635	0,529	0,6914	0,694
22000	1,1754	0,558	0,5819	0,788
22200	1,3185	0,536	0,7914	0,682
22400	1,1720	0,553	0,5506	0,776
22600	1,1368	0,546	0,6557	0,718
22800	1,3149	0,539	0,7300	0,694
23000	1,2639	0,545	0,7738	0,741
23200	1,2626	0,552	0,5805	0,753
23400	1,6673	0,542	0,8956	0,694
23600	1,1736	0,552	0,6499	0,682
23800	1,2309	0,572	0,6572	0,753
24000	1,4066	0,528	0,8055	0,718
24200	2,1314	0,514	1,3090	0,612
24400	1,2024	0,565	0,5867	0,776
24600	1,2212	0,553	0,5536	0,765
24800	1,2133	0,556	0,6266	0,776
25000	1,2300	0,552	0,6293	0,776
25200	1,2351	0,553	0,5585	0,776
25400	1,4237	0,543	0,7495	0,671
25600	1,2017	0,559	0,6106	0,765
25800	1,2032	0,546	0,5461	0,788
26000	1,2017	0,546	0,6746	0,729
26200	1,2358	0,561	0,6015	0,812
26400	1,1962	0,552	0,6519	0,753
26600	1,2198	0,548	0,6685	0,682
26800	1,2130	0,549	0,6399	0,741
27000	1,2329	0,558	0,6083	0,788
27200	1,2626	0,566	0,6477	0,765
27400	1,2556	0,539	0,5591	0,800
27600	1,2265	0,554	0,6214	0,718
27800	1,2434	0,568	0,6483	0,706
28000	1,3106	0,546	0,7048	0,753
28200	1,3062	0,547	0,7907	0,753
28400	1,3631	0,551	0,5873	0,800
28600	1,2418	0,556	0,5709	0,706
28800	1,6703	0,556	1,0279	0,706
29000	1,4229	0,558	0,7351	0,776
29200	1,3816	0,557	0,6049	0,776
29400	1,3147	0,547	0,6800	0,694
29600	1,3128	0,557	0,6309	0,718
29800	1,4782	0,547	0,8167	0,741
30000	1,4922	0,536	0,8599	0,682
30200	1,3004	0,551	0,7007	0,706
30400	1,6582	0,535	0,8019	0,694
30600	1,3026	0,560	0,5899	0,788
30800	1,2985	0,557	0,7564	0,682
31000	1,3281	0,567	0,6933	0,765
31200	1,3334	0,544	0,6191	0,741
31400	1,3395	0,550	0,6867	0,741
31600	1,2753	0,563	0,6417	0,729
31800	1,3211	0,564	0,5940	0,765
32000	1,5523	0,534	0,6795	0,765
32200	1,3629	0,555	0,7490	0,694
32400	1,4901	0,542	0,7291	0,682
32600	1,3275	0,551	0,6655	0,729
32800	1,5017	0,527	0,8401	0,741
33000	1,3664	0,556	0,7020	0,718
33200	1,3721	0,541	0,6405	0,729
33400	1,3811	0,551	0,7464	0,729
33600	1,3271	0,556	0,6393	0,776
33800	1,3839	0,556	0,7228	0,729
34000	1,4485	0,541	0,7737	0,753
34200	1,5197	0,540	0,9032	0,659
34400	1,5293	0,551	1,0326	0,706
34600	1,7133	0,526	0,9766	0,682
34800	1,4298	0,573	0,6177	0,788
35000	1,9509	0,530	1,0392	0,694
35200	1,7298	0,541	0,8760	0,753
35400	2,1469	0,531	1,0257	0,682
35600	1,4477	0,549	0,6940	0,776
35800	1,3992	0,557	0,6340	0,741
36000	1,4097	0,563	0,7198	0,741
36200	1,3903	0,556	0,7128	0,694
36400	1,3869	0,558	0,7125	0,729
36600	1,3965	0,556	0,6879	0,753
36800	1,4503	0,544	0,7242	0,741
37000	1,4127	0,551	0,7094	0,753
37200	1,4962	0,550	0,8179	0,729
37400	1,4331	0,539	0,7917	0,718
37600	1,4901	0,542	0,6979	0,718
37800	1,5459	0,558	0,7832	0,741
38000	1,5445	0,539	0,8398	0,718
38200	1,4106	0,560	0,7432	0,718
38400	1,3989	0,570	0,7583	0,741
38600	1,4063	0,552	0,7688	0,765
38800	1,4361	0,566	0,7006	0,765
39000	1,4820	0,555	0,6587	0,741
39200	1,3894	0,568	0,5832	0,788
39400	1,4198	0,556	0,7598	0,765
39600	1,3945	0,558	0,6502	0,788
39800	1,4592	0,561	0,7101	0,765
Now teaching with clever!
40000	1,4643	0,545	0,7159	0,729
40200	1,3789	0,598	0,5162	0,812
40400	1,4132	0,594	0,5272	0,824
40600	1,4393	0,591	0,5132	0,824
40800	1,4350	0,591	0,5470	0,788
41000	1,4605	0,582	0,5225	0,824
41200	1,5027	0,588	0,6240	0,765
41400	1,4642	0,592	0,5406	0,812
41600	1,4618	0,586	0,5184	0,824
41800	1,4857	0,593	0,5810	0,800
42000	1,5027	0,596	0,5086	0,835
42200	1,4915	0,596	0,5730	0,788
42400	1,5037	0,593	0,5902	0,788
42600	1,5067	0,593	0,5774	0,800
42800	1,4794	0,588	0,5322	0,800
43000	1,4910	0,595	0,5249	0,800
43200	1,4981	0,601	0,5323	0,824
43400	1,6411	0,583	0,7059	0,765
43600	1,5120	0,586	0,5559	0,812
43800	1,6713	0,589	0,5599	0,847
44000	1,5085	0,602	0,5232	0,835
44200	1,4899	0,596	0,5241	0,812
44400	1,5939	0,587	0,6476	0,765
44600	1,6760	0,583	0,7492	0,753
44800	1,5138	0,603	0,5237	0,824
45000	1,5500	0,591	0,6090	0,788
45200	1,5490	0,597	0,5851	0,812
45400	1,7708	0,581	0,8793	0,741
45600	1,5649	0,593	0,6176	0,788
45800	1,5779	0,591	0,6140	0,800
46000	1,5534	0,598	0,5404	0,835
46200	1,5640	0,590	0,5254	0,835
46400	1,5569	0,592	0,5832	0,800
46600	1,6018	0,588	0,6401	0,776
46800	1,6364	0,586	0,5274	0,859
47000	1,5814	0,591	0,6004	0,788
47200	1,5898	0,591	0,5182	0,835
47400	1,8112	0,587	0,8573	0,765
47600	1,7299	0,580	0,7877	0,753
47800	1,5817	0,596	0,5804	0,800
48000	1,7232	0,586	0,7681	0,753
48200	1,7014	0,581	0,5599	0,871
48400	1,5817	0,591	0,5517	0,835
48600	1,6000	0,586	0,5512	0,859
48800	1,7290	0,600	0,7704	0,765
49000	1,6623	0,600	0,6802	0,788
49200	1,6549	0,591	0,5739	0,824
49400	1,6709	0,596	0,6853	0,788
49600	1,6797	0,596	0,7274	0,765
49800	1,6216	0,598	0,6290	0,788
50000	1,6518	0,596	0,6544	0,812
