2018-01-08 12:39:23.510998: I tensorflow/core/platform/cpu_feature_guard.cc:137] Your CPU supports instructions that this TensorFlow binary was not compiled to use: SSE4.1 SSE4.2 AVX AVX2 FMA
2018-01-08 12:39:23.709411: I tensorflow/core/common_runtime/gpu/gpu_device.cc:1030] Found device 0 with properties: 
name: Tesla K40d major: 3 minor: 7 memoryClockRate(GHz): 0.915
pciBusID: 0000:81:00.0
totalMemory: 11.17GiB freeMemory: 11.09GiB
2018-01-08 12:39:23.709444: I tensorflow/core/common_runtime/gpu/gpu_device.cc:1120] Creating TensorFlow device (/device:GPU:0) -> (device: 0, name: Tesla K40d, pci bus id: 0000:81:00.0, compute capability: 3.7)

*****************************************************
Dataset: 100-diff10to50-java-strict-noonlyadddel
Num hidden: 256, Steps: 50000, Display step: 200
*****************************************************


Input size: 100x2809
1	0,9578	0,480
200	0,7413	0,556
400	0,7404	0,518
600	0,7373	0,570
800	0,7558	0,508
1000	0,7676	0,537
1200	0,8002	0,525
1400	0,7643	0,537
1600	0,7547	0,561
1800	0,8049	0,542
2000	0,8550	0,549
2200	0,8357	0,520
2400	0,8201	0,546
2600	1,0274	0,518
2800	0,8102	0,575
3000	0,8924	0,584
3200	0,8327	0,575
3400	0,8536	0,544
3600	0,8332	0,542
3800	0,8254	0,591
4000	0,9995	0,580
4200	1,4081	0,506
4400	1,0667	0,553
4600	0,8858	0,568
4800	0,8714	0,561
5000	0,8784	0,561
5200	0,9018	0,572
5400	0,9092	0,572
5600	1,1081	0,539
5800	1,3158	0,575
6000	0,9615	0,549
6200	0,9319	0,594
6400	1,0017	0,546
6600	1,1031	0,584
6800	1,1531	0,553
7000	1,3191	0,553
7200	1,2359	0,572
7400	1,1274	0,575
7600	1,2042	0,575
7800	1,3277	0,532
8000	1,5694	0,572
8200	2,3843	0,489
8400	2,0390	0,582
8600	1,4086	0,532
8800	1,7854	0,520
9000	1,2915	0,563
9200	1,2693	0,542
9400	1,2862	0,565
9600	1,3060	0,544
9800	1,2964	0,532
10000	1,3078	0,546
10200	1,3080	0,553
10400	1,2995	0,568
10600	1,3262	0,561
10800	1,2979	0,570
11000	1,3976	0,544
11200	1,2965	0,558
11400	1,3330	0,570
11600	1,4470	0,537
11800	1,3142	0,553
12000	1,4489	0,534
12200	1,4435	0,580
12400	1,3952	0,542
12600	1,4512	0,577
12800	1,4456	0,565
13000	1,4402	0,561
13200	1,6581	0,520
13400	1,4276	0,537
13600	1,5561	0,577
13800	1,5007	0,558
14000	1,4621	0,582
14200	1,5725	0,520
14400	1,6340	0,508
14600	1,5343	0,542
14800	1,8693	0,584
15000	1,4202	0,544
15200	1,4459	0,558
15400	1,6954	0,513
15600	1,5093	0,558
15800	1,4993	0,568
16000	1,5569	0,546
16200	1,6610	0,591
16400	1,4997	0,523
16600	1,4325	0,570
16800	1,7019	0,532
17000	1,6627	0,513
17200	1,4954	0,542
17400	1,5048	0,553
17600	1,6114	0,589
17800	1,6120	0,594
18000	1,5211	0,565
18200	1,5508	0,549
18400	1,4697	0,572
18600	1,4674	0,568
18800	1,8745	0,515
19000	1,5246	0,577
19200	1,5527	0,532
19400	1,7266	0,551
19600	1,5364	0,523
19800	1,8717	0,570
20000	1,7197	0,537
20200	1,6005	0,563
20400	1,5868	0,568
20600	1,5816	0,556
20800	1,5063	0,561
21000	1,4816	0,563
21200	1,5634	0,568
21400	1,5644	0,523
21600	1,5855	0,570
21800	1,5432	0,570
22000	1,6473	0,565
22200	1,5605	0,563
22400	1,6170	0,546
22600	1,9134	0,515
22800	1,6669	0,515
23000	1,7419	0,520
23200	1,5599	0,553
23400	1,5804	0,542
23600	1,8792	0,582
23800	2,5259	0,518
24000	1,5815	0,551
24200	1,7850	0,584
24400	1,8051	0,580
24600	1,6304	0,570
24800	1,7099	0,511
25000	1,5507	0,556
25200	1,5652	0,539
25400	1,6512	0,534
25600	1,6394	0,561
25800	1,5279	0,570
26000	1,6330	0,539
26200	1,8525	0,577
26400	1,7328	0,542
26600	1,9715	0,515
26800	1,7562	0,515
27000	1,7955	0,601
27200	1,6116	0,582
27400	1,5920	0,544
27600	1,5605	0,570
27800	1,6243	0,539
28000	1,5734	0,568
28200	1,5814	0,568
28400	1,5813	0,539
28600	1,5726	0,556
28800	1,5714	0,549
29000	1,6242	0,561
29200	1,7555	0,572
29400	1,7909	0,527
29600	1,6786	0,525
29800	1,6215	0,575
30000	1,5861	0,558
30200	1,7318	0,572
30400	1,5661	0,558
30600	1,6383	0,539
30800	1,5917	0,587
31000	2,0112	0,575
31200	1,6936	0,582
31400	1,6067	0,558
31600	1,7446	0,587
31800	1,6607	0,532
32000	1,5176	0,575
32200	1,5991	0,556
32400	1,8567	0,523
32600	1,6425	0,553
32800	1,6819	0,591
33000	1,6510	0,563
33200	1,6026	0,572
33400	1,6212	0,575
33600	1,7054	0,556
33800	1,7057	0,556
34000	1,6498	0,539
34200	1,8588	0,544
34400	1,7098	0,549
34600	2,0534	0,518
34800	1,8702	0,513
35000	1,7022	0,549
35200	1,7103	0,544
35400	1,8605	0,520
35600	1,7459	0,532
35800	1,5410	0,575
36000	1,7542	0,534
36200	1,7079	0,582
36400	1,7108	0,551
36600	1,6676	0,561
36800	1,7546	0,580
37000	1,7059	0,568
37200	1,6402	0,558
37400	1,6797	0,549
37600	1,6238	0,596
37800	1,6686	0,556
38000	1,6719	0,577
38200	1,6283	0,570
38400	1,7185	0,561
38600	1,7035	0,544
38800	1,6271	0,537
39000	1,7865	0,542
39200	1,6492	0,570
39400	1,7006	0,546
39600	1,7989	0,582
39800	1,7194	0,575
40000	1,7857	0,542
40200	1,7471	0,549
40400	1,8320	0,534
40600	1,9456	0,539
40800	1,7433	0,568
41000	1,7061	0,546
41200	1,7815	0,532
41400	1,8795	0,591
41600	1,8593	0,577
41800	1,8742	0,603
42000	1,6724	0,565
42200	1,8814	0,525
42400	1,7043	0,561
42600	1,6782	0,553
42800	1,7048	0,584
43000	1,8041	0,523
43200	1,7432	0,582
43400	1,7025	0,549
43600	1,7838	0,534
43800	1,6873	0,565
44000	1,7144	0,591
44200	1,7619	0,544
44400	1,7562	0,558
44600	1,8427	0,563
44800	1,8886	0,575
45000	1,8426	0,582
45200	1,9414	0,570
45400	1,7925	0,546
45600	1,9926	0,549
45800	1,6880	0,575
46000	2,2430	0,558
46200	1,8234	0,553
46400	1,8535	0,546
46600	1,8885	0,580
46800	1,8035	0,568
47000	1,8488	0,558
47200	2,0455	0,589
47400	1,7797	0,551
47600	2,1158	0,572
47800	1,8877	0,565
48000	1,9380	0,584
48200	1,6894	0,563
48400	1,7693	0,553
48600	1,7035	0,551
48800	1,7177	0,551
49000	1,8284	0,575
49200	1,8023	0,575
49400	1,6990	0,553
49600	1,6950	0,549
49800	1,7986	0,551
50000	1,8013	0,553
/net/people/plgfracz/quality/venv/lib/python3.6/importlib/_bootstrap.py:205: RuntimeWarning: compiletime version 3.5 of module 'tensorflow.python.framework.fast_tensor_util' does not match runtime version 3.6
  return f(*args, **kwds)
Optimization Finished!
